#-----------------------------------------------------------
# Vivado v2019.2 (64-bit)
# SW Build 2708876 on Wed Nov  6 21:40:23 MST 2019
# IP Build 2700528 on Thu Nov  7 00:09:20 MST 2019
# Start of session at: Thu May 14 17:56:56 2020
# Process ID: 19560
# Current directory: C:/LEDMATRIX_PROJECT/ip_repo
# Command line: vivado.exe -gui_launcher_event rodinguilauncherevent21044 C:\LEDMATRIX_PROJECT\ip_repo\edit_vhdlnoclk_v1_0.xpr
# Log file: C:/LEDMATRIX_PROJECT/ip_repo/vivado.log
# Journal file: C:/LEDMATRIX_PROJECT/ip_repo\vivado.jou
#-----------------------------------------------------------
start_gui
open_project C:/LEDMATRIX_PROJECT/ip_repo/edit_vhdlnoclk_v1_0.xpr
Scanning sources...
Finished scanning sources
INFO: [IP_Flow 19-234] Refreshing IP repositories
INFO: [IP_Flow 19-1700] Loaded user IP repository 'c:/LEDMATRIX_PROJECT/ip_repo/vhdlnoclk_1.0'.
INFO: [IP_Flow 19-1700] Loaded user IP repository 'c:/LEDMATRIX_PROJECT/ip_repo/MATRIX_IPBLOK_DEF_1.0'.
INFO: [IP_Flow 19-2313] Loaded Vivado IP repository 'C:/Xilinx/Vivado/2019.2/data/ip'.
open_project: Time (s): cpu = 00:00:37 ; elapsed = 00:00:16 . Memory (MB): peak = 838.289 ; gain = 217.594
update_compile_order -fileset sources_1
update_compile_order -fileset sources_1
update_compile_order -fileset sources_1
import_files C:/LEDMATRIX_PROJECT/ip_repo/vhdlnoclock.vhd
update_compile_order -fileset sources_1
launch_runs synth_1 -jobs 7
[Thu May 14 18:12:43 2020] Launched synth_1...
Run output will be captured here: C:/LEDMATRIX_PROJECT/ip_repo/edit_vhdlnoclk_v1_0.runs/synth_1/runme.log
export_ip_user_files -of_objects  [get_files C:/LEDMATRIX_PROJECT/ip_repo/edit_vhdlnoclk_v1_0.srcs/sources_1/imports/ip_repo/vhdlnoclock.vhd] -no_script -reset -force -quiet
remove_files  C:/LEDMATRIX_PROJECT/ip_repo/edit_vhdlnoclk_v1_0.srcs/sources_1/imports/ip_repo/vhdlnoclock.vhd
file mkdir C:/LEDMATRIX_PROJECT/ip_repo/edit_vhdlnoclk_v1_0.srcs/sources_1/new
close [ open C:/LEDMATRIX_PROJECT/ip_repo/edit_vhdlnoclk_v1_0.srcs/sources_1/new/vhdlclock.vhd w ]
add_files C:/LEDMATRIX_PROJECT/ip_repo/edit_vhdlnoclk_v1_0.srcs/sources_1/new/vhdlclock.vhd
update_compile_order -fileset sources_1
update_compile_order -fileset sources_1
ipx::open_ipxact_file C:/LEDMATRIX_PROJECT/ip_repo/vhdlnoclk_1.0/component.xml
WARNING: [IP_Flow 19-5226] Project source file 'c:/LEDMATRIX_PROJECT/ip_repo/vhdlnoclk_1.0/component.xml' ignored by IP packager.
WARNING: [IP_Flow 19-3898] File Group 'xilinx_vhdlsynthesis (VHDL Synthesis)': File 'c:/LEDMATRIX_PROJECT/ip_repo/vhdlnoclk_1.0/hdl/vhdlnoclk_v1_0_S00_AXI.vhd' is not found in the project sources. It will be removed from the packaged IP when the sources are merged. If still required, please add this file to the project and re-package.
WARNING: [IP_Flow 19-3898] File Group 'xilinx_vhdlsynthesis (VHDL Synthesis)': File 'c:/LEDMATRIX_PROJECT/ip_repo/vhdlnoclk_1.0/hdl/vhdlnoclk_v1_0.vhd' is not found in the project sources. It will be removed from the packaged IP when the sources are merged. If still required, please add this file to the project and re-package.
WARNING: [IP_Flow 19-4308] Project file 'c:/LEDMATRIX_PROJECT/ip_repo/edit_vhdlnoclk_v1_0.srcs/sources_1/new/vhdlclock.vhd' is not found in the component files. It will be added automatically when merging sources and repackaging. Please remove the file from the source project if this is not desired.
WARNING: [IP_Flow 19-3898] File Group 'xilinx_vhdlbehavioralsimulation (VHDL Simulation)': File 'c:/LEDMATRIX_PROJECT/ip_repo/vhdlnoclk_1.0/hdl/vhdlnoclk_v1_0_S00_AXI.vhd' is not found in the project sources. It will be removed from the packaged IP when the sources are merged. If still required, please add this file to the project and re-package.
WARNING: [IP_Flow 19-3898] File Group 'xilinx_vhdlbehavioralsimulation (VHDL Simulation)': File 'c:/LEDMATRIX_PROJECT/ip_repo/vhdlnoclk_1.0/hdl/vhdlnoclk_v1_0.vhd' is not found in the project sources. It will be removed from the packaged IP when the sources are merged. If still required, please add this file to the project and re-package.
WARNING: [IP_Flow 19-4308] Project file 'c:/LEDMATRIX_PROJECT/ip_repo/edit_vhdlnoclk_v1_0.srcs/sources_1/new/vhdlclock.vhd' is not found in the component files. It will be added automatically when merging sources and repackaging. Please remove the file from the source project if this is not desired.
ipx::merge_project_changes hdl_parameters [ipx::current_core]
WARNING: [IP_Flow 19-5226] Project source file 'c:/LEDMATRIX_PROJECT/ip_repo/vhdlnoclk_1.0/component.xml' ignored by IP packager.
INFO: [IP_Flow 19-3166] Bus Interface 'S00_AXI': References existing memory map 'S00_AXI'.
set_property core_revision 3 [ipx::current_core]
ipx::create_xgui_files [ipx::current_core]
ipx::update_checksums [ipx::current_core]
ipx::save_core [ipx::current_core]
update_ip_catalog -rebuild -repo_path c:/LEDMATRIX_PROJECT/ip_repo/vhdlnoclk_1.0
INFO: [IP_Flow 19-725] Reloaded user IP repository 'c:/LEDMATRIX_PROJECT/ip_repo/vhdlnoclk_1.0'
ipx::check_integrity -quiet [ipx::current_core]
ipx::archive_core {c:\LEDMATRIX_PROJECT\ip_repo\vhdlnoclk_1.0\xilinx.com_user_vhdlnoclk_1.0.zip} [ipx::current_core]
CRITICAL WARNING: [IP_Flow 19-5330] Component Referenced File 'c:/LEDMATRIX_PROJECT/ip_repo/edit_vhdlnoclk_v1_0.srcs/sources_1/new/vhdlclock.vhd' is outside of Component Directory: cannot archive the component.
