
*** Running vivado
    with args -log OEF2_LED_COUNTDOWN.vds -m64 -product Vivado -mode batch -messageDb vivado.pb -notrace -source OEF2_LED_COUNTDOWN.tcl


****** Vivado v2019.2 (64-bit)
  **** SW Build 2708876 on Wed Nov  6 21:40:23 MST 2019
  **** IP Build 2700528 on Thu Nov  7 00:09:20 MST 2019
    ** Copyright 1986-2019 Xilinx, Inc. All Rights Reserved.

source OEF2_LED_COUNTDOWN.tcl -notrace
Command: synth_design -top OEF2_LED_COUNTDOWN -part xc7z007sclg225-1
Starting synth_design
Attempting to get a license for feature 'Synthesis' and/or device 'xc7z007s'
INFO: [Common 17-349] Got license for feature 'Synthesis' and/or device 'xc7z007s'
INFO: [Device 21-403] Loading part xc7z007sclg225-1
INFO: Launching helper process for spawning children vivado processes
INFO: Helper process launched with PID 15664 
---------------------------------------------------------------------------------
Starting RTL Elaboration : Time (s): cpu = 00:00:10 ; elapsed = 00:00:10 . Memory (MB): peak = 914.965 ; gain = 236.270
---------------------------------------------------------------------------------
INFO: [Synth 8-638] synthesizing module 'OEF2_LED_COUNTDOWN' [C:/OEF2_LEDMATRIX_COUNTDOWN/OEF2_LED_COUNTDOWN/OEF2_LED_COUNTDOWN.srcs/sources_1/new/OEF2_LED_COUNTDOWN.vhd:44]
	Parameter PROG_USR bound to: FALSE - type: string 
	Parameter SIM_CCLK_FREQ bound to: 0.000000 - type: double 
INFO: [Synth 8-113] binding component instance 'STARTUPE2_inst' to cell 'STARTUPE2' [C:/OEF2_LEDMATRIX_COUNTDOWN/OEF2_LED_COUNTDOWN/OEF2_LED_COUNTDOWN.srcs/sources_1/new/OEF2_LED_COUNTDOWN.vhd:80]
INFO: [Synth 8-113] binding component instance 'BUFG_i' to cell 'BUFG' [C:/OEF2_LEDMATRIX_COUNTDOWN/OEF2_LED_COUNTDOWN/OEF2_LED_COUNTDOWN.srcs/sources_1/new/OEF2_LED_COUNTDOWN.vhd:101]
ERROR: [Synth 8-690] width mismatch in assignment; target has 16 bits, source has 17 bits [C:/OEF2_LEDMATRIX_COUNTDOWN/OEF2_LED_COUNTDOWN/OEF2_LED_COUNTDOWN.srcs/sources_1/new/OEF2_LED_COUNTDOWN.vhd:120]
WARNING: [Synth 8-614] signal 'counter_1S' is read in the process but is not in the sensitivity list [C:/OEF2_LEDMATRIX_COUNTDOWN/OEF2_LED_COUNTDOWN/OEF2_LED_COUNTDOWN.srcs/sources_1/new/OEF2_LED_COUNTDOWN.vhd:110]
ERROR: [Synth 8-285] failed synthesizing module 'OEF2_LED_COUNTDOWN' [C:/OEF2_LEDMATRIX_COUNTDOWN/OEF2_LED_COUNTDOWN/OEF2_LED_COUNTDOWN.srcs/sources_1/new/OEF2_LED_COUNTDOWN.vhd:44]
---------------------------------------------------------------------------------
Finished RTL Elaboration : Time (s): cpu = 00:00:12 ; elapsed = 00:00:12 . Memory (MB): peak = 987.254 ; gain = 308.559
---------------------------------------------------------------------------------
RTL Elaboration failed
INFO: [Common 17-83] Releasing license: Synthesis
6 Infos, 1 Warnings, 0 Critical Warnings and 3 Errors encountered.
synth_design failed
ERROR: [Common 17-69] Command failed: Synthesis failed - please see the console or run log file for details
INFO: [Common 17-206] Exiting Vivado at Mon Apr 27 11:15:16 2020...
