17:33:20 INFO  : Launching XSCT server: xsct.bat -n  -interactive D:\School\FPGA\Gequoteerde_oef2\EFPGA\Game\Game_final\temp_xsdb_launch_script.tcl
17:33:25 INFO  : XSCT server has started successfully.
17:33:25 INFO  : Successfully done setting XSCT server connection channel  
17:33:25 INFO  : Registering command handlers for Vitis TCF services
17:33:27 INFO  : plnx-install-location is set to ''
17:33:27 INFO  : Successfully done setting workspace for the tool. 
17:33:27 INFO  : Successfully done query RDI_DATADIR 
17:34:20 INFO  : Successfully done sdx_reload_mss "D:/School/FPGA/Gequoteerde_oef2/EFPGA/Game/Game_final/Game_final/zynq_fsbl/zynq_fsbl_bsp/system.mss"
17:34:20 INFO  : Successfully done sdx_reload_mss "D:/School/FPGA/Gequoteerde_oef2/EFPGA/Game/Game_final/Game_final/ps7_cortexa9_0/standalone_domain/bsp/system.mss"
17:34:35 INFO  : (SwPlaform) Successfully done setParamInSpec 
17:34:38 INFO  : (SwPlaform) Successfully done setParamInSpec 
17:34:39 INFO  : (SwPlatform) Successfully done update_mss 
17:34:39 INFO  : Successfully done sdx_reload_mss "D:/School/FPGA/Gequoteerde_oef2/EFPGA/Game/Game_final/Game_final/ps7_cortexa9_0/standalone_domain/bsp/system.mss"
17:41:15 INFO  : Checking for BSP changes to sync application flags for project 'Game_final_app'...
17:41:15 INFO  : Updating application flags with new BSP settings...
17:41:16 INFO  : Successfully updated application flags for project Game_final_app.
17:41:25 INFO  : Connected to target on host '127.0.0.1' and port '3121'.
17:41:26 INFO  : Jtag cable 'Avnet MiniZed V1 1234-oj1A' is selected.
17:41:26 INFO  : 'jtag frequency' command is executed.
17:41:26 INFO  : Context for 'APU' is selected.
17:41:26 INFO  : System reset is completed.
17:41:29 INFO  : 'after 3000' command is executed.
17:41:29 INFO  : 'targets -set -filter {jtag_cable_name =~ "Avnet MiniZed V1 1234-oj1A" && level==0} -index 1' command is executed.
17:41:30 INFO  : FPGA configured successfully with bitstream "D:/School/FPGA/Gequoteerde_oef2/EFPGA/Game/Game_final/Game_final_app/_ide/bitstream/design_1_wrapper.bit"
17:41:30 INFO  : Context for 'APU' is selected.
17:41:30 INFO  : Hardware design information is loaded from 'D:/School/FPGA/Gequoteerde_oef2/EFPGA/Game/Game_final/Game_final/export/Game_final/hw/design_1_wrapper.xsa'.
17:41:30 INFO  : 'configparams force-mem-access 1' command is executed.
17:41:30 INFO  : Context for 'APU' is selected.
17:41:30 INFO  : Sourcing of 'D:/School/FPGA/Gequoteerde_oef2/EFPGA/Game/Game_final/Game_final_app/_ide/psinit/ps7_init.tcl' is done.
17:41:31 INFO  : 'ps7_init' command is executed.
17:41:31 INFO  : 'ps7_post_config' command is executed.
17:41:31 INFO  : Context for processor 'ps7_cortexa9_0' is selected.
17:41:31 INFO  : The application 'D:/School/FPGA/Gequoteerde_oef2/EFPGA/Game/Game_final/Game_final_app/Debug/Game_final_app.elf' is downloaded to processor 'ps7_cortexa9_0'.
17:41:31 INFO  : 'configparams force-mem-access 0' command is executed.
17:41:31 INFO  : ----------------XSDB Script----------------
connect -url tcp:127.0.0.1:3121
targets -set -nocase -filter {name =~"APU*"}
rst -system
after 3000
targets -set -filter {jtag_cable_name =~ "Avnet MiniZed V1 1234-oj1A" && level==0} -index 1
fpga -file D:/School/FPGA/Gequoteerde_oef2/EFPGA/Game/Game_final/Game_final_app/_ide/bitstream/design_1_wrapper.bit
targets -set -nocase -filter {name =~"APU*"}
loadhw -hw D:/School/FPGA/Gequoteerde_oef2/EFPGA/Game/Game_final/Game_final/export/Game_final/hw/design_1_wrapper.xsa -mem-ranges [list {0x40000000 0xbfffffff}]
configparams force-mem-access 1
targets -set -nocase -filter {name =~"APU*"}
source D:/School/FPGA/Gequoteerde_oef2/EFPGA/Game/Game_final/Game_final_app/_ide/psinit/ps7_init.tcl
ps7_init
ps7_post_config
targets -set -nocase -filter {name =~ "*A9*#0"}
dow D:/School/FPGA/Gequoteerde_oef2/EFPGA/Game/Game_final/Game_final_app/Debug/Game_final_app.elf
configparams force-mem-access 0
----------------End of Script----------------

17:41:31 INFO  : Memory regions updated for context APU
17:41:31 INFO  : Context for processor 'ps7_cortexa9_0' is selected.
17:41:31 INFO  : 'con' command is executed.
17:41:31 INFO  : ----------------XSDB Script (After Launch)----------------
targets -set -nocase -filter {name =~ "*A9*#0"}
con
----------------End of Script----------------

17:41:31 INFO  : Launch script is exported to file 'D:\School\FPGA\Gequoteerde_oef2\EFPGA\Game\Game_final\.sdk\launch_scripts\single_application_debug\debugger_game_final_app-default.tcl'
17:46:18 INFO  : Checking for BSP changes to sync application flags for project 'Game_final_app'...
17:46:28 INFO  : Disconnected from the channel tcfchan#2.
17:46:28 INFO  : Connected to target on host '127.0.0.1' and port '3121'.
17:46:29 INFO  : Jtag cable 'Avnet MiniZed V1 1234-oj1A' is selected.
17:46:29 INFO  : 'jtag frequency' command is executed.
17:46:29 INFO  : Context for 'APU' is selected.
17:46:29 INFO  : System reset is completed.
17:46:32 INFO  : 'after 3000' command is executed.
17:46:32 INFO  : 'targets -set -filter {jtag_cable_name =~ "Avnet MiniZed V1 1234-oj1A" && level==0} -index 1' command is executed.
17:46:33 INFO  : FPGA configured successfully with bitstream "D:/School/FPGA/Gequoteerde_oef2/EFPGA/Game/Game_final/Game_final_app/_ide/bitstream/design_1_wrapper.bit"
17:46:33 INFO  : Context for 'APU' is selected.
17:46:33 INFO  : Hardware design information is loaded from 'D:/School/FPGA/Gequoteerde_oef2/EFPGA/Game/Game_final/Game_final/export/Game_final/hw/design_1_wrapper.xsa'.
17:46:33 INFO  : 'configparams force-mem-access 1' command is executed.
17:46:33 INFO  : Context for 'APU' is selected.
17:46:33 INFO  : Sourcing of 'D:/School/FPGA/Gequoteerde_oef2/EFPGA/Game/Game_final/Game_final_app/_ide/psinit/ps7_init.tcl' is done.
17:46:34 INFO  : 'ps7_init' command is executed.
17:46:34 INFO  : 'ps7_post_config' command is executed.
17:46:34 INFO  : Context for processor 'ps7_cortexa9_0' is selected.
17:46:34 INFO  : The application 'D:/School/FPGA/Gequoteerde_oef2/EFPGA/Game/Game_final/Game_final_app/Debug/Game_final_app.elf' is downloaded to processor 'ps7_cortexa9_0'.
17:46:34 INFO  : 'configparams force-mem-access 0' command is executed.
17:46:34 INFO  : ----------------XSDB Script----------------
connect -url tcp:127.0.0.1:3121
targets -set -nocase -filter {name =~"APU*"}
rst -system
after 3000
targets -set -filter {jtag_cable_name =~ "Avnet MiniZed V1 1234-oj1A" && level==0} -index 1
fpga -file D:/School/FPGA/Gequoteerde_oef2/EFPGA/Game/Game_final/Game_final_app/_ide/bitstream/design_1_wrapper.bit
targets -set -nocase -filter {name =~"APU*"}
loadhw -hw D:/School/FPGA/Gequoteerde_oef2/EFPGA/Game/Game_final/Game_final/export/Game_final/hw/design_1_wrapper.xsa -mem-ranges [list {0x40000000 0xbfffffff}]
configparams force-mem-access 1
targets -set -nocase -filter {name =~"APU*"}
source D:/School/FPGA/Gequoteerde_oef2/EFPGA/Game/Game_final/Game_final_app/_ide/psinit/ps7_init.tcl
ps7_init
ps7_post_config
targets -set -nocase -filter {name =~ "*A9*#0"}
dow D:/School/FPGA/Gequoteerde_oef2/EFPGA/Game/Game_final/Game_final_app/Debug/Game_final_app.elf
configparams force-mem-access 0
----------------End of Script----------------

17:46:34 INFO  : Memory regions updated for context APU
17:46:34 INFO  : Context for processor 'ps7_cortexa9_0' is selected.
17:46:34 INFO  : 'con' command is executed.
17:46:34 INFO  : ----------------XSDB Script (After Launch)----------------
targets -set -nocase -filter {name =~ "*A9*#0"}
con
----------------End of Script----------------

17:46:34 INFO  : Launch script is exported to file 'D:\School\FPGA\Gequoteerde_oef2\EFPGA\Game\Game_final\.sdk\launch_scripts\single_application_debug\debugger_game_final_app-default.tcl'
17:48:14 INFO  : Checking for BSP changes to sync application flags for project 'Game_final_app'...
17:48:24 INFO  : Checking for BSP changes to sync application flags for project 'Game_final_app'...
17:48:31 INFO  : Disconnected from the channel tcfchan#3.
17:48:32 INFO  : Connected to target on host '127.0.0.1' and port '3121'.
17:48:32 INFO  : Jtag cable 'Avnet MiniZed V1 1234-oj1A' is selected.
17:48:32 INFO  : 'jtag frequency' command is executed.
17:48:32 INFO  : Context for 'APU' is selected.
17:48:32 INFO  : System reset is completed.
17:48:35 INFO  : 'after 3000' command is executed.
17:48:35 INFO  : 'targets -set -filter {jtag_cable_name =~ "Avnet MiniZed V1 1234-oj1A" && level==0} -index 1' command is executed.
17:48:36 INFO  : FPGA configured successfully with bitstream "D:/School/FPGA/Gequoteerde_oef2/EFPGA/Game/Game_final/Game_final_app/_ide/bitstream/design_1_wrapper.bit"
17:48:36 INFO  : Context for 'APU' is selected.
17:48:36 INFO  : Hardware design information is loaded from 'D:/School/FPGA/Gequoteerde_oef2/EFPGA/Game/Game_final/Game_final/export/Game_final/hw/design_1_wrapper.xsa'.
17:48:36 INFO  : 'configparams force-mem-access 1' command is executed.
17:48:36 INFO  : Context for 'APU' is selected.
17:48:36 INFO  : Sourcing of 'D:/School/FPGA/Gequoteerde_oef2/EFPGA/Game/Game_final/Game_final_app/_ide/psinit/ps7_init.tcl' is done.
17:48:37 INFO  : 'ps7_init' command is executed.
17:48:37 INFO  : 'ps7_post_config' command is executed.
17:48:37 INFO  : Context for processor 'ps7_cortexa9_0' is selected.
17:48:37 INFO  : The application 'D:/School/FPGA/Gequoteerde_oef2/EFPGA/Game/Game_final/Game_final_app/Debug/Game_final_app.elf' is downloaded to processor 'ps7_cortexa9_0'.
17:48:37 INFO  : 'configparams force-mem-access 0' command is executed.
17:48:37 INFO  : ----------------XSDB Script----------------
connect -url tcp:127.0.0.1:3121
targets -set -nocase -filter {name =~"APU*"}
rst -system
after 3000
targets -set -filter {jtag_cable_name =~ "Avnet MiniZed V1 1234-oj1A" && level==0} -index 1
fpga -file D:/School/FPGA/Gequoteerde_oef2/EFPGA/Game/Game_final/Game_final_app/_ide/bitstream/design_1_wrapper.bit
targets -set -nocase -filter {name =~"APU*"}
loadhw -hw D:/School/FPGA/Gequoteerde_oef2/EFPGA/Game/Game_final/Game_final/export/Game_final/hw/design_1_wrapper.xsa -mem-ranges [list {0x40000000 0xbfffffff}]
configparams force-mem-access 1
targets -set -nocase -filter {name =~"APU*"}
source D:/School/FPGA/Gequoteerde_oef2/EFPGA/Game/Game_final/Game_final_app/_ide/psinit/ps7_init.tcl
ps7_init
ps7_post_config
targets -set -nocase -filter {name =~ "*A9*#0"}
dow D:/School/FPGA/Gequoteerde_oef2/EFPGA/Game/Game_final/Game_final_app/Debug/Game_final_app.elf
configparams force-mem-access 0
----------------End of Script----------------

17:48:37 INFO  : Memory regions updated for context APU
17:48:37 INFO  : Context for processor 'ps7_cortexa9_0' is selected.
17:48:37 INFO  : 'con' command is executed.
17:48:37 INFO  : ----------------XSDB Script (After Launch)----------------
targets -set -nocase -filter {name =~ "*A9*#0"}
con
----------------End of Script----------------

17:48:37 INFO  : Launch script is exported to file 'D:\School\FPGA\Gequoteerde_oef2\EFPGA\Game\Game_final\.sdk\launch_scripts\single_application_debug\debugger_game_final_app-default.tcl'
17:49:54 INFO  : Checking for BSP changes to sync application flags for project 'Game_final_app'...
17:50:03 INFO  : Disconnected from the channel tcfchan#4.
17:50:04 INFO  : Connected to target on host '127.0.0.1' and port '3121'.
17:50:04 INFO  : Jtag cable 'Avnet MiniZed V1 1234-oj1A' is selected.
17:50:04 INFO  : 'jtag frequency' command is executed.
17:50:04 INFO  : Context for 'APU' is selected.
17:50:04 INFO  : System reset is completed.
17:50:07 INFO  : 'after 3000' command is executed.
17:50:07 INFO  : 'targets -set -filter {jtag_cable_name =~ "Avnet MiniZed V1 1234-oj1A" && level==0} -index 1' command is executed.
17:50:08 INFO  : FPGA configured successfully with bitstream "D:/School/FPGA/Gequoteerde_oef2/EFPGA/Game/Game_final/Game_final_app/_ide/bitstream/design_1_wrapper.bit"
17:50:08 INFO  : Context for 'APU' is selected.
17:50:08 INFO  : Hardware design information is loaded from 'D:/School/FPGA/Gequoteerde_oef2/EFPGA/Game/Game_final/Game_final/export/Game_final/hw/design_1_wrapper.xsa'.
17:50:08 INFO  : 'configparams force-mem-access 1' command is executed.
17:50:08 INFO  : Context for 'APU' is selected.
17:50:08 INFO  : Sourcing of 'D:/School/FPGA/Gequoteerde_oef2/EFPGA/Game/Game_final/Game_final_app/_ide/psinit/ps7_init.tcl' is done.
17:50:09 INFO  : 'ps7_init' command is executed.
17:50:09 INFO  : 'ps7_post_config' command is executed.
17:50:09 INFO  : Context for processor 'ps7_cortexa9_0' is selected.
17:50:09 INFO  : The application 'D:/School/FPGA/Gequoteerde_oef2/EFPGA/Game/Game_final/Game_final_app/Debug/Game_final_app.elf' is downloaded to processor 'ps7_cortexa9_0'.
17:50:09 INFO  : 'configparams force-mem-access 0' command is executed.
17:50:09 INFO  : ----------------XSDB Script----------------
connect -url tcp:127.0.0.1:3121
targets -set -nocase -filter {name =~"APU*"}
rst -system
after 3000
targets -set -filter {jtag_cable_name =~ "Avnet MiniZed V1 1234-oj1A" && level==0} -index 1
fpga -file D:/School/FPGA/Gequoteerde_oef2/EFPGA/Game/Game_final/Game_final_app/_ide/bitstream/design_1_wrapper.bit
targets -set -nocase -filter {name =~"APU*"}
loadhw -hw D:/School/FPGA/Gequoteerde_oef2/EFPGA/Game/Game_final/Game_final/export/Game_final/hw/design_1_wrapper.xsa -mem-ranges [list {0x40000000 0xbfffffff}]
configparams force-mem-access 1
targets -set -nocase -filter {name =~"APU*"}
source D:/School/FPGA/Gequoteerde_oef2/EFPGA/Game/Game_final/Game_final_app/_ide/psinit/ps7_init.tcl
ps7_init
ps7_post_config
targets -set -nocase -filter {name =~ "*A9*#0"}
dow D:/School/FPGA/Gequoteerde_oef2/EFPGA/Game/Game_final/Game_final_app/Debug/Game_final_app.elf
configparams force-mem-access 0
----------------End of Script----------------

17:50:09 INFO  : Memory regions updated for context APU
17:50:09 INFO  : Context for processor 'ps7_cortexa9_0' is selected.
17:50:09 INFO  : 'con' command is executed.
17:50:09 INFO  : ----------------XSDB Script (After Launch)----------------
targets -set -nocase -filter {name =~ "*A9*#0"}
con
----------------End of Script----------------

17:50:09 INFO  : Launch script is exported to file 'D:\School\FPGA\Gequoteerde_oef2\EFPGA\Game\Game_final\.sdk\launch_scripts\single_application_debug\debugger_game_final_app-default.tcl'
17:51:33 INFO  : Checking for BSP changes to sync application flags for project 'Game_final_app'...
17:51:38 INFO  : Disconnected from the channel tcfchan#5.
17:51:39 INFO  : Connected to target on host '127.0.0.1' and port '3121'.
17:51:40 INFO  : Jtag cable 'Avnet MiniZed V1 1234-oj1A' is selected.
17:51:40 INFO  : 'jtag frequency' command is executed.
17:51:40 INFO  : Context for 'APU' is selected.
17:51:40 INFO  : System reset is completed.
17:51:43 INFO  : 'after 3000' command is executed.
17:51:43 INFO  : 'targets -set -filter {jtag_cable_name =~ "Avnet MiniZed V1 1234-oj1A" && level==0} -index 1' command is executed.
17:51:44 INFO  : FPGA configured successfully with bitstream "D:/School/FPGA/Gequoteerde_oef2/EFPGA/Game/Game_final/Game_final_app/_ide/bitstream/design_1_wrapper.bit"
17:51:44 INFO  : Context for 'APU' is selected.
17:51:44 INFO  : Hardware design information is loaded from 'D:/School/FPGA/Gequoteerde_oef2/EFPGA/Game/Game_final/Game_final/export/Game_final/hw/design_1_wrapper.xsa'.
17:51:44 INFO  : 'configparams force-mem-access 1' command is executed.
17:51:44 INFO  : Context for 'APU' is selected.
17:51:44 INFO  : Sourcing of 'D:/School/FPGA/Gequoteerde_oef2/EFPGA/Game/Game_final/Game_final_app/_ide/psinit/ps7_init.tcl' is done.
17:51:44 INFO  : 'ps7_init' command is executed.
17:51:44 INFO  : 'ps7_post_config' command is executed.
17:51:44 INFO  : Context for processor 'ps7_cortexa9_0' is selected.
17:51:45 INFO  : The application 'D:/School/FPGA/Gequoteerde_oef2/EFPGA/Game/Game_final/Game_final_app/Debug/Game_final_app.elf' is downloaded to processor 'ps7_cortexa9_0'.
17:51:45 INFO  : 'configparams force-mem-access 0' command is executed.
17:51:45 INFO  : ----------------XSDB Script----------------
connect -url tcp:127.0.0.1:3121
targets -set -nocase -filter {name =~"APU*"}
rst -system
after 3000
targets -set -filter {jtag_cable_name =~ "Avnet MiniZed V1 1234-oj1A" && level==0} -index 1
fpga -file D:/School/FPGA/Gequoteerde_oef2/EFPGA/Game/Game_final/Game_final_app/_ide/bitstream/design_1_wrapper.bit
targets -set -nocase -filter {name =~"APU*"}
loadhw -hw D:/School/FPGA/Gequoteerde_oef2/EFPGA/Game/Game_final/Game_final/export/Game_final/hw/design_1_wrapper.xsa -mem-ranges [list {0x40000000 0xbfffffff}]
configparams force-mem-access 1
targets -set -nocase -filter {name =~"APU*"}
source D:/School/FPGA/Gequoteerde_oef2/EFPGA/Game/Game_final/Game_final_app/_ide/psinit/ps7_init.tcl
ps7_init
ps7_post_config
targets -set -nocase -filter {name =~ "*A9*#0"}
dow D:/School/FPGA/Gequoteerde_oef2/EFPGA/Game/Game_final/Game_final_app/Debug/Game_final_app.elf
configparams force-mem-access 0
----------------End of Script----------------

17:51:45 INFO  : Memory regions updated for context APU
17:51:45 INFO  : Context for processor 'ps7_cortexa9_0' is selected.
17:51:45 INFO  : 'con' command is executed.
17:51:45 INFO  : ----------------XSDB Script (After Launch)----------------
targets -set -nocase -filter {name =~ "*A9*#0"}
con
----------------End of Script----------------

17:51:45 INFO  : Launch script is exported to file 'D:\School\FPGA\Gequoteerde_oef2\EFPGA\Game\Game_final\.sdk\launch_scripts\single_application_debug\debugger_game_final_app-default.tcl'
18:03:11 INFO  : Checking for BSP changes to sync application flags for project 'Game_final_app'...
18:03:30 INFO  : Checking for BSP changes to sync application flags for project 'Game_final_app'...
18:04:13 INFO  : Checking for BSP changes to sync application flags for project 'Game_final_app'...
18:04:20 INFO  : Disconnected from the channel tcfchan#6.
18:04:21 INFO  : Connected to target on host '127.0.0.1' and port '3121'.
18:04:21 INFO  : Jtag cable 'Avnet MiniZed V1 1234-oj1A' is selected.
18:04:21 INFO  : 'jtag frequency' command is executed.
18:04:21 INFO  : Context for 'APU' is selected.
18:04:22 INFO  : System reset is completed.
18:04:25 INFO  : 'after 3000' command is executed.
18:04:25 INFO  : 'targets -set -filter {jtag_cable_name =~ "Avnet MiniZed V1 1234-oj1A" && level==0} -index 1' command is executed.
18:04:26 INFO  : FPGA configured successfully with bitstream "D:/School/FPGA/Gequoteerde_oef2/EFPGA/Game/Game_final/Game_final_app/_ide/bitstream/design_1_wrapper.bit"
18:04:26 INFO  : Context for 'APU' is selected.
18:04:26 INFO  : Hardware design information is loaded from 'D:/School/FPGA/Gequoteerde_oef2/EFPGA/Game/Game_final/Game_final/export/Game_final/hw/design_1_wrapper.xsa'.
18:04:26 INFO  : 'configparams force-mem-access 1' command is executed.
18:04:26 INFO  : Context for 'APU' is selected.
18:04:26 INFO  : Sourcing of 'D:/School/FPGA/Gequoteerde_oef2/EFPGA/Game/Game_final/Game_final_app/_ide/psinit/ps7_init.tcl' is done.
18:04:26 INFO  : 'ps7_init' command is executed.
18:04:26 INFO  : 'ps7_post_config' command is executed.
18:04:26 INFO  : Context for processor 'ps7_cortexa9_0' is selected.
18:04:26 INFO  : The application 'D:/School/FPGA/Gequoteerde_oef2/EFPGA/Game/Game_final/Game_final_app/Debug/Game_final_app.elf' is downloaded to processor 'ps7_cortexa9_0'.
18:04:26 INFO  : 'configparams force-mem-access 0' command is executed.
18:04:26 INFO  : ----------------XSDB Script----------------
connect -url tcp:127.0.0.1:3121
targets -set -nocase -filter {name =~"APU*"}
rst -system
after 3000
targets -set -filter {jtag_cable_name =~ "Avnet MiniZed V1 1234-oj1A" && level==0} -index 1
fpga -file D:/School/FPGA/Gequoteerde_oef2/EFPGA/Game/Game_final/Game_final_app/_ide/bitstream/design_1_wrapper.bit
targets -set -nocase -filter {name =~"APU*"}
loadhw -hw D:/School/FPGA/Gequoteerde_oef2/EFPGA/Game/Game_final/Game_final/export/Game_final/hw/design_1_wrapper.xsa -mem-ranges [list {0x40000000 0xbfffffff}]
configparams force-mem-access 1
targets -set -nocase -filter {name =~"APU*"}
source D:/School/FPGA/Gequoteerde_oef2/EFPGA/Game/Game_final/Game_final_app/_ide/psinit/ps7_init.tcl
ps7_init
ps7_post_config
targets -set -nocase -filter {name =~ "*A9*#0"}
dow D:/School/FPGA/Gequoteerde_oef2/EFPGA/Game/Game_final/Game_final_app/Debug/Game_final_app.elf
configparams force-mem-access 0
----------------End of Script----------------

18:04:26 INFO  : Memory regions updated for context APU
18:04:26 INFO  : Context for processor 'ps7_cortexa9_0' is selected.
18:04:26 INFO  : 'con' command is executed.
18:04:26 INFO  : ----------------XSDB Script (After Launch)----------------
targets -set -nocase -filter {name =~ "*A9*#0"}
con
----------------End of Script----------------

18:04:26 INFO  : Launch script is exported to file 'D:\School\FPGA\Gequoteerde_oef2\EFPGA\Game\Game_final\.sdk\launch_scripts\single_application_debug\debugger_game_final_app-default.tcl'
18:07:44 INFO  : Disconnected from the channel tcfchan#7.
18:07:45 INFO  : Connected to target on host '127.0.0.1' and port '3121'.
18:07:45 INFO  : Jtag cable 'Avnet MiniZed V1 1234-oj1A' is selected.
18:07:45 INFO  : 'jtag frequency' command is executed.
18:07:45 INFO  : Context for 'APU' is selected.
18:07:45 INFO  : System reset is completed.
18:07:48 INFO  : 'after 3000' command is executed.
18:07:48 INFO  : 'targets -set -filter {jtag_cable_name =~ "Avnet MiniZed V1 1234-oj1A" && level==0} -index 1' command is executed.
18:07:49 INFO  : FPGA configured successfully with bitstream "D:/School/FPGA/Gequoteerde_oef2/EFPGA/Game/Game_final/Game_final_app/_ide/bitstream/design_1_wrapper.bit"
18:07:49 INFO  : Context for 'APU' is selected.
18:07:50 INFO  : Hardware design information is loaded from 'D:/School/FPGA/Gequoteerde_oef2/EFPGA/Game/Game_final/Game_final/export/Game_final/hw/design_1_wrapper.xsa'.
18:07:50 INFO  : 'configparams force-mem-access 1' command is executed.
18:07:50 INFO  : Context for 'APU' is selected.
18:07:50 INFO  : Sourcing of 'D:/School/FPGA/Gequoteerde_oef2/EFPGA/Game/Game_final/Game_final_app/_ide/psinit/ps7_init.tcl' is done.
18:07:50 INFO  : 'ps7_init' command is executed.
18:07:50 INFO  : 'ps7_post_config' command is executed.
18:07:50 INFO  : Context for processor 'ps7_cortexa9_0' is selected.
18:07:50 INFO  : The application 'D:/School/FPGA/Gequoteerde_oef2/EFPGA/Game/Game_final/Game_final_app/Debug/Game_final_app.elf' is downloaded to processor 'ps7_cortexa9_0'.
18:07:50 INFO  : 'configparams force-mem-access 0' command is executed.
18:07:50 INFO  : ----------------XSDB Script----------------
connect -url tcp:127.0.0.1:3121
targets -set -nocase -filter {name =~"APU*"}
rst -system
after 3000
targets -set -filter {jtag_cable_name =~ "Avnet MiniZed V1 1234-oj1A" && level==0} -index 1
fpga -file D:/School/FPGA/Gequoteerde_oef2/EFPGA/Game/Game_final/Game_final_app/_ide/bitstream/design_1_wrapper.bit
targets -set -nocase -filter {name =~"APU*"}
loadhw -hw D:/School/FPGA/Gequoteerde_oef2/EFPGA/Game/Game_final/Game_final/export/Game_final/hw/design_1_wrapper.xsa -mem-ranges [list {0x40000000 0xbfffffff}]
configparams force-mem-access 1
targets -set -nocase -filter {name =~"APU*"}
source D:/School/FPGA/Gequoteerde_oef2/EFPGA/Game/Game_final/Game_final_app/_ide/psinit/ps7_init.tcl
ps7_init
ps7_post_config
targets -set -nocase -filter {name =~ "*A9*#0"}
dow D:/School/FPGA/Gequoteerde_oef2/EFPGA/Game/Game_final/Game_final_app/Debug/Game_final_app.elf
configparams force-mem-access 0
----------------End of Script----------------

18:07:50 INFO  : Memory regions updated for context APU
18:07:50 INFO  : Context for processor 'ps7_cortexa9_0' is selected.
18:07:50 INFO  : 'con' command is executed.
18:07:50 INFO  : ----------------XSDB Script (After Launch)----------------
targets -set -nocase -filter {name =~ "*A9*#0"}
con
----------------End of Script----------------

18:07:50 INFO  : Launch script is exported to file 'D:\School\FPGA\Gequoteerde_oef2\EFPGA\Game\Game_final\.sdk\launch_scripts\single_application_debug\debugger_game_final_app-default.tcl'
18:11:44 INFO  : Checking for BSP changes to sync application flags for project 'Game_final_app'...
18:11:50 INFO  : Disconnected from the channel tcfchan#8.
18:11:51 INFO  : Connected to target on host '127.0.0.1' and port '3121'.
18:11:51 INFO  : Jtag cable 'Avnet MiniZed V1 1234-oj1A' is selected.
18:11:51 INFO  : 'jtag frequency' command is executed.
18:11:51 INFO  : Context for 'APU' is selected.
18:11:51 INFO  : System reset is completed.
18:11:54 INFO  : 'after 3000' command is executed.
18:11:54 INFO  : 'targets -set -filter {jtag_cable_name =~ "Avnet MiniZed V1 1234-oj1A" && level==0} -index 1' command is executed.
18:11:55 INFO  : FPGA configured successfully with bitstream "D:/School/FPGA/Gequoteerde_oef2/EFPGA/Game/Game_final/Game_final_app/_ide/bitstream/design_1_wrapper.bit"
18:11:55 INFO  : Context for 'APU' is selected.
18:11:55 INFO  : Hardware design information is loaded from 'D:/School/FPGA/Gequoteerde_oef2/EFPGA/Game/Game_final/Game_final/export/Game_final/hw/design_1_wrapper.xsa'.
18:11:55 INFO  : 'configparams force-mem-access 1' command is executed.
18:11:55 INFO  : Context for 'APU' is selected.
18:11:55 INFO  : Sourcing of 'D:/School/FPGA/Gequoteerde_oef2/EFPGA/Game/Game_final/Game_final_app/_ide/psinit/ps7_init.tcl' is done.
18:11:56 INFO  : 'ps7_init' command is executed.
18:11:56 INFO  : 'ps7_post_config' command is executed.
18:11:56 INFO  : Context for processor 'ps7_cortexa9_0' is selected.
18:11:56 INFO  : The application 'D:/School/FPGA/Gequoteerde_oef2/EFPGA/Game/Game_final/Game_final_app/Debug/Game_final_app.elf' is downloaded to processor 'ps7_cortexa9_0'.
18:11:56 INFO  : 'configparams force-mem-access 0' command is executed.
18:11:56 INFO  : ----------------XSDB Script----------------
connect -url tcp:127.0.0.1:3121
targets -set -nocase -filter {name =~"APU*"}
rst -system
after 3000
targets -set -filter {jtag_cable_name =~ "Avnet MiniZed V1 1234-oj1A" && level==0} -index 1
fpga -file D:/School/FPGA/Gequoteerde_oef2/EFPGA/Game/Game_final/Game_final_app/_ide/bitstream/design_1_wrapper.bit
targets -set -nocase -filter {name =~"APU*"}
loadhw -hw D:/School/FPGA/Gequoteerde_oef2/EFPGA/Game/Game_final/Game_final/export/Game_final/hw/design_1_wrapper.xsa -mem-ranges [list {0x40000000 0xbfffffff}]
configparams force-mem-access 1
targets -set -nocase -filter {name =~"APU*"}
source D:/School/FPGA/Gequoteerde_oef2/EFPGA/Game/Game_final/Game_final_app/_ide/psinit/ps7_init.tcl
ps7_init
ps7_post_config
targets -set -nocase -filter {name =~ "*A9*#0"}
dow D:/School/FPGA/Gequoteerde_oef2/EFPGA/Game/Game_final/Game_final_app/Debug/Game_final_app.elf
configparams force-mem-access 0
----------------End of Script----------------

18:11:56 INFO  : Memory regions updated for context APU
18:11:56 INFO  : Context for processor 'ps7_cortexa9_0' is selected.
18:11:56 INFO  : 'con' command is executed.
18:11:56 INFO  : ----------------XSDB Script (After Launch)----------------
targets -set -nocase -filter {name =~ "*A9*#0"}
con
----------------End of Script----------------

18:11:56 INFO  : Launch script is exported to file 'D:\School\FPGA\Gequoteerde_oef2\EFPGA\Game\Game_final\.sdk\launch_scripts\single_application_debug\debugger_game_final_app-default.tcl'
18:13:12 INFO  : Checking for BSP changes to sync application flags for project 'Game_final_app'...
18:13:18 INFO  : Disconnected from the channel tcfchan#9.
18:13:19 INFO  : Connected to target on host '127.0.0.1' and port '3121'.
18:13:19 INFO  : Jtag cable 'Avnet MiniZed V1 1234-oj1A' is selected.
18:13:19 INFO  : 'jtag frequency' command is executed.
18:13:19 INFO  : Context for 'APU' is selected.
18:13:19 INFO  : System reset is completed.
18:13:22 INFO  : 'after 3000' command is executed.
18:13:22 INFO  : 'targets -set -filter {jtag_cable_name =~ "Avnet MiniZed V1 1234-oj1A" && level==0} -index 1' command is executed.
18:13:23 INFO  : FPGA configured successfully with bitstream "D:/School/FPGA/Gequoteerde_oef2/EFPGA/Game/Game_final/Game_final_app/_ide/bitstream/design_1_wrapper.bit"
18:13:23 INFO  : Context for 'APU' is selected.
18:13:23 INFO  : Hardware design information is loaded from 'D:/School/FPGA/Gequoteerde_oef2/EFPGA/Game/Game_final/Game_final/export/Game_final/hw/design_1_wrapper.xsa'.
18:13:23 INFO  : 'configparams force-mem-access 1' command is executed.
18:13:23 INFO  : Context for 'APU' is selected.
18:13:23 INFO  : Sourcing of 'D:/School/FPGA/Gequoteerde_oef2/EFPGA/Game/Game_final/Game_final_app/_ide/psinit/ps7_init.tcl' is done.
18:13:24 INFO  : 'ps7_init' command is executed.
18:13:24 INFO  : 'ps7_post_config' command is executed.
18:13:24 INFO  : Context for processor 'ps7_cortexa9_0' is selected.
18:13:24 INFO  : The application 'D:/School/FPGA/Gequoteerde_oef2/EFPGA/Game/Game_final/Game_final_app/Debug/Game_final_app.elf' is downloaded to processor 'ps7_cortexa9_0'.
18:13:24 INFO  : 'configparams force-mem-access 0' command is executed.
18:13:24 INFO  : ----------------XSDB Script----------------
connect -url tcp:127.0.0.1:3121
targets -set -nocase -filter {name =~"APU*"}
rst -system
after 3000
targets -set -filter {jtag_cable_name =~ "Avnet MiniZed V1 1234-oj1A" && level==0} -index 1
fpga -file D:/School/FPGA/Gequoteerde_oef2/EFPGA/Game/Game_final/Game_final_app/_ide/bitstream/design_1_wrapper.bit
targets -set -nocase -filter {name =~"APU*"}
loadhw -hw D:/School/FPGA/Gequoteerde_oef2/EFPGA/Game/Game_final/Game_final/export/Game_final/hw/design_1_wrapper.xsa -mem-ranges [list {0x40000000 0xbfffffff}]
configparams force-mem-access 1
targets -set -nocase -filter {name =~"APU*"}
source D:/School/FPGA/Gequoteerde_oef2/EFPGA/Game/Game_final/Game_final_app/_ide/psinit/ps7_init.tcl
ps7_init
ps7_post_config
targets -set -nocase -filter {name =~ "*A9*#0"}
dow D:/School/FPGA/Gequoteerde_oef2/EFPGA/Game/Game_final/Game_final_app/Debug/Game_final_app.elf
configparams force-mem-access 0
----------------End of Script----------------

18:13:24 INFO  : Memory regions updated for context APU
18:13:24 INFO  : Context for processor 'ps7_cortexa9_0' is selected.
18:13:24 INFO  : 'con' command is executed.
18:13:24 INFO  : ----------------XSDB Script (After Launch)----------------
targets -set -nocase -filter {name =~ "*A9*#0"}
con
----------------End of Script----------------

18:13:24 INFO  : Launch script is exported to file 'D:\School\FPGA\Gequoteerde_oef2\EFPGA\Game\Game_final\.sdk\launch_scripts\single_application_debug\debugger_game_final_app-default.tcl'
18:16:06 INFO  : Checking for BSP changes to sync application flags for project 'test'...
18:16:37 INFO  : Checking for BSP changes to sync application flags for project 'test'...
18:16:48 INFO  : Disconnected from the channel tcfchan#10.
18:16:49 INFO  : Connected to target on host '127.0.0.1' and port '3121'.
18:16:49 INFO  : Jtag cable 'Avnet MiniZed V1 1234-oj1A' is selected.
18:16:49 INFO  : 'jtag frequency' command is executed.
18:16:49 INFO  : Context for 'APU' is selected.
18:16:50 INFO  : System reset is completed.
18:16:53 INFO  : 'after 3000' command is executed.
18:16:53 INFO  : 'targets -set -filter {jtag_cable_name =~ "Avnet MiniZed V1 1234-oj1A" && level==0} -index 1' command is executed.
18:16:54 INFO  : FPGA configured successfully with bitstream "D:/School/FPGA/Gequoteerde_oef2/EFPGA/Game/Game_final/test/_ide/bitstream/design_1_wrapper.bit"
18:16:54 INFO  : Context for 'APU' is selected.
18:16:54 INFO  : Hardware design information is loaded from 'D:/School/FPGA/Gequoteerde_oef2/EFPGA/Game/Game_final/Game_final/export/Game_final/hw/design_1_wrapper.xsa'.
18:16:54 INFO  : 'configparams force-mem-access 1' command is executed.
18:16:54 INFO  : Context for 'APU' is selected.
18:16:54 INFO  : Sourcing of 'D:/School/FPGA/Gequoteerde_oef2/EFPGA/Game/Game_final/test/_ide/psinit/ps7_init.tcl' is done.
18:16:54 INFO  : 'ps7_init' command is executed.
18:16:54 INFO  : 'ps7_post_config' command is executed.
18:16:54 INFO  : Context for processor 'ps7_cortexa9_0' is selected.
18:16:55 INFO  : The application 'D:/School/FPGA/Gequoteerde_oef2/EFPGA/Game/Game_final/test/Debug/test.elf' is downloaded to processor 'ps7_cortexa9_0'.
18:16:55 INFO  : 'configparams force-mem-access 0' command is executed.
18:16:55 INFO  : ----------------XSDB Script----------------
connect -url tcp:127.0.0.1:3121
targets -set -nocase -filter {name =~"APU*"}
rst -system
after 3000
targets -set -filter {jtag_cable_name =~ "Avnet MiniZed V1 1234-oj1A" && level==0} -index 1
fpga -file D:/School/FPGA/Gequoteerde_oef2/EFPGA/Game/Game_final/test/_ide/bitstream/design_1_wrapper.bit
targets -set -nocase -filter {name =~"APU*"}
loadhw -hw D:/School/FPGA/Gequoteerde_oef2/EFPGA/Game/Game_final/Game_final/export/Game_final/hw/design_1_wrapper.xsa -mem-ranges [list {0x40000000 0xbfffffff}]
configparams force-mem-access 1
targets -set -nocase -filter {name =~"APU*"}
source D:/School/FPGA/Gequoteerde_oef2/EFPGA/Game/Game_final/test/_ide/psinit/ps7_init.tcl
ps7_init
ps7_post_config
targets -set -nocase -filter {name =~ "*A9*#0"}
dow D:/School/FPGA/Gequoteerde_oef2/EFPGA/Game/Game_final/test/Debug/test.elf
configparams force-mem-access 0
----------------End of Script----------------

18:16:55 INFO  : Memory regions updated for context APU
18:16:56 INFO  : Context for processor 'ps7_cortexa9_0' is selected.
18:16:56 INFO  : 'con' command is executed.
18:16:56 INFO  : ----------------XSDB Script (After Launch)----------------
targets -set -nocase -filter {name =~ "*A9*#0"}
con
----------------End of Script----------------

18:16:56 INFO  : Launch script is exported to file 'D:\School\FPGA\Gequoteerde_oef2\EFPGA\Game\Game_final\.sdk\launch_scripts\single_application_debug\debugger_test-default.tcl'
18:18:37 INFO  : Checking for BSP changes to sync application flags for project 'test'...
18:23:40 INFO  : Checking for BSP changes to sync application flags for project 'Game_final_app'...
18:23:47 INFO  : Disconnected from the channel tcfchan#11.
18:23:48 INFO  : Connected to target on host '127.0.0.1' and port '3121'.
18:23:48 INFO  : Jtag cable 'Avnet MiniZed V1 1234-oj1A' is selected.
18:23:48 INFO  : 'jtag frequency' command is executed.
18:23:48 INFO  : Context for 'APU' is selected.
18:23:48 INFO  : System reset is completed.
18:23:51 INFO  : 'after 3000' command is executed.
18:23:51 INFO  : 'targets -set -filter {jtag_cable_name =~ "Avnet MiniZed V1 1234-oj1A" && level==0} -index 1' command is executed.
18:23:52 INFO  : FPGA configured successfully with bitstream "D:/School/FPGA/Gequoteerde_oef2/EFPGA/Game/Game_final/Game_final_app/_ide/bitstream/design_1_wrapper.bit"
18:23:52 INFO  : Context for 'APU' is selected.
18:23:52 INFO  : Hardware design information is loaded from 'D:/School/FPGA/Gequoteerde_oef2/EFPGA/Game/Game_final/Game_final/export/Game_final/hw/design_1_wrapper.xsa'.
18:23:52 INFO  : 'configparams force-mem-access 1' command is executed.
18:23:52 INFO  : Context for 'APU' is selected.
18:23:52 INFO  : Sourcing of 'D:/School/FPGA/Gequoteerde_oef2/EFPGA/Game/Game_final/Game_final_app/_ide/psinit/ps7_init.tcl' is done.
18:23:53 INFO  : 'ps7_init' command is executed.
18:23:53 INFO  : 'ps7_post_config' command is executed.
18:23:53 INFO  : Context for processor 'ps7_cortexa9_0' is selected.
18:23:53 INFO  : The application 'D:/School/FPGA/Gequoteerde_oef2/EFPGA/Game/Game_final/Game_final_app/Debug/Game_final_app.elf' is downloaded to processor 'ps7_cortexa9_0'.
18:23:53 INFO  : 'configparams force-mem-access 0' command is executed.
18:23:53 INFO  : ----------------XSDB Script----------------
connect -url tcp:127.0.0.1:3121
targets -set -nocase -filter {name =~"APU*"}
rst -system
after 3000
targets -set -filter {jtag_cable_name =~ "Avnet MiniZed V1 1234-oj1A" && level==0} -index 1
fpga -file D:/School/FPGA/Gequoteerde_oef2/EFPGA/Game/Game_final/Game_final_app/_ide/bitstream/design_1_wrapper.bit
targets -set -nocase -filter {name =~"APU*"}
loadhw -hw D:/School/FPGA/Gequoteerde_oef2/EFPGA/Game/Game_final/Game_final/export/Game_final/hw/design_1_wrapper.xsa -mem-ranges [list {0x40000000 0xbfffffff}]
configparams force-mem-access 1
targets -set -nocase -filter {name =~"APU*"}
source D:/School/FPGA/Gequoteerde_oef2/EFPGA/Game/Game_final/Game_final_app/_ide/psinit/ps7_init.tcl
ps7_init
ps7_post_config
targets -set -nocase -filter {name =~ "*A9*#0"}
dow D:/School/FPGA/Gequoteerde_oef2/EFPGA/Game/Game_final/Game_final_app/Debug/Game_final_app.elf
configparams force-mem-access 0
----------------End of Script----------------

18:23:53 INFO  : Memory regions updated for context APU
18:23:53 INFO  : Context for processor 'ps7_cortexa9_0' is selected.
18:23:53 INFO  : 'con' command is executed.
18:23:53 INFO  : ----------------XSDB Script (After Launch)----------------
targets -set -nocase -filter {name =~ "*A9*#0"}
con
----------------End of Script----------------

18:23:53 INFO  : Launch script is exported to file 'D:\School\FPGA\Gequoteerde_oef2\EFPGA\Game\Game_final\.sdk\launch_scripts\single_application_debug\debugger_game_final_app-default.tcl'
18:27:00 INFO  : Checking for BSP changes to sync application flags for project 'Game_final_app'...
18:27:08 INFO  : Disconnected from the channel tcfchan#12.
18:27:09 INFO  : Connected to target on host '127.0.0.1' and port '3121'.
18:27:09 INFO  : Jtag cable 'Avnet MiniZed V1 1234-oj1A' is selected.
18:27:09 INFO  : 'jtag frequency' command is executed.
18:27:09 INFO  : Context for 'APU' is selected.
18:27:10 INFO  : System reset is completed.
18:27:13 INFO  : 'after 3000' command is executed.
18:27:13 INFO  : 'targets -set -filter {jtag_cable_name =~ "Avnet MiniZed V1 1234-oj1A" && level==0} -index 1' command is executed.
18:27:14 INFO  : FPGA configured successfully with bitstream "D:/School/FPGA/Gequoteerde_oef2/EFPGA/Game/Game_final/Game_final_app/_ide/bitstream/design_1_wrapper.bit"
18:27:14 INFO  : Context for 'APU' is selected.
18:27:14 INFO  : Hardware design information is loaded from 'D:/School/FPGA/Gequoteerde_oef2/EFPGA/Game/Game_final/Game_final/export/Game_final/hw/design_1_wrapper.xsa'.
18:27:14 INFO  : 'configparams force-mem-access 1' command is executed.
18:27:14 INFO  : Context for 'APU' is selected.
18:27:14 INFO  : Sourcing of 'D:/School/FPGA/Gequoteerde_oef2/EFPGA/Game/Game_final/Game_final_app/_ide/psinit/ps7_init.tcl' is done.
18:27:14 INFO  : 'ps7_init' command is executed.
18:27:14 INFO  : 'ps7_post_config' command is executed.
18:27:14 INFO  : Context for processor 'ps7_cortexa9_0' is selected.
18:27:14 INFO  : The application 'D:/School/FPGA/Gequoteerde_oef2/EFPGA/Game/Game_final/Game_final_app/Debug/Game_final_app.elf' is downloaded to processor 'ps7_cortexa9_0'.
18:27:14 INFO  : 'configparams force-mem-access 0' command is executed.
18:27:14 INFO  : ----------------XSDB Script----------------
connect -url tcp:127.0.0.1:3121
targets -set -nocase -filter {name =~"APU*"}
rst -system
after 3000
targets -set -filter {jtag_cable_name =~ "Avnet MiniZed V1 1234-oj1A" && level==0} -index 1
fpga -file D:/School/FPGA/Gequoteerde_oef2/EFPGA/Game/Game_final/Game_final_app/_ide/bitstream/design_1_wrapper.bit
targets -set -nocase -filter {name =~"APU*"}
loadhw -hw D:/School/FPGA/Gequoteerde_oef2/EFPGA/Game/Game_final/Game_final/export/Game_final/hw/design_1_wrapper.xsa -mem-ranges [list {0x40000000 0xbfffffff}]
configparams force-mem-access 1
targets -set -nocase -filter {name =~"APU*"}
source D:/School/FPGA/Gequoteerde_oef2/EFPGA/Game/Game_final/Game_final_app/_ide/psinit/ps7_init.tcl
ps7_init
ps7_post_config
targets -set -nocase -filter {name =~ "*A9*#0"}
dow D:/School/FPGA/Gequoteerde_oef2/EFPGA/Game/Game_final/Game_final_app/Debug/Game_final_app.elf
configparams force-mem-access 0
----------------End of Script----------------

18:27:14 INFO  : Memory regions updated for context APU
18:27:14 INFO  : Context for processor 'ps7_cortexa9_0' is selected.
18:27:14 INFO  : 'con' command is executed.
18:27:14 INFO  : ----------------XSDB Script (After Launch)----------------
targets -set -nocase -filter {name =~ "*A9*#0"}
con
----------------End of Script----------------

18:27:14 INFO  : Launch script is exported to file 'D:\School\FPGA\Gequoteerde_oef2\EFPGA\Game\Game_final\.sdk\launch_scripts\single_application_debug\debugger_game_final_app-default.tcl'
18:30:35 INFO  : Checking for BSP changes to sync application flags for project 'Game_final_app'...
18:30:41 INFO  : Disconnected from the channel tcfchan#13.
18:30:42 INFO  : Connected to target on host '127.0.0.1' and port '3121'.
18:30:42 INFO  : Jtag cable 'Avnet MiniZed V1 1234-oj1A' is selected.
18:30:42 INFO  : 'jtag frequency' command is executed.
18:30:42 INFO  : Context for 'APU' is selected.
18:30:43 INFO  : System reset is completed.
18:30:46 INFO  : 'after 3000' command is executed.
18:30:46 INFO  : 'targets -set -filter {jtag_cable_name =~ "Avnet MiniZed V1 1234-oj1A" && level==0} -index 1' command is executed.
18:30:47 INFO  : FPGA configured successfully with bitstream "D:/School/FPGA/Gequoteerde_oef2/EFPGA/Game/Game_final/Game_final_app/_ide/bitstream/design_1_wrapper.bit"
18:30:47 INFO  : Context for 'APU' is selected.
18:30:47 INFO  : Hardware design information is loaded from 'D:/School/FPGA/Gequoteerde_oef2/EFPGA/Game/Game_final/Game_final/export/Game_final/hw/design_1_wrapper.xsa'.
18:30:47 INFO  : 'configparams force-mem-access 1' command is executed.
18:30:47 INFO  : Context for 'APU' is selected.
18:30:47 INFO  : Sourcing of 'D:/School/FPGA/Gequoteerde_oef2/EFPGA/Game/Game_final/Game_final_app/_ide/psinit/ps7_init.tcl' is done.
18:30:47 ERROR : Memory read error at 0xF8F00208. AP transaction timeout
18:30:47 INFO  : ----------------XSDB Script----------------
connect -url tcp:127.0.0.1:3121
targets -set -nocase -filter {name =~"APU*"}
rst -system
after 3000
targets -set -filter {jtag_cable_name =~ "Avnet MiniZed V1 1234-oj1A" && level==0} -index 1
fpga -file D:/School/FPGA/Gequoteerde_oef2/EFPGA/Game/Game_final/Game_final_app/_ide/bitstream/design_1_wrapper.bit
targets -set -nocase -filter {name =~"APU*"}
loadhw -hw D:/School/FPGA/Gequoteerde_oef2/EFPGA/Game/Game_final/Game_final/export/Game_final/hw/design_1_wrapper.xsa -mem-ranges [list {0x40000000 0xbfffffff}]
configparams force-mem-access 1
targets -set -nocase -filter {name =~"APU*"}
source D:/School/FPGA/Gequoteerde_oef2/EFPGA/Game/Game_final/Game_final_app/_ide/psinit/ps7_init.tcl
ps7_init
----------------End of Script----------------

18:30:47 ERROR : Memory read error at 0xF8F00208. AP transaction timeout
18:31:08 INFO  : Connected to target on host '127.0.0.1' and port '3121'.
18:31:08 INFO  : Jtag cable 'Avnet MiniZed V1 1234-oj1A' is selected.
18:31:08 INFO  : 'jtag frequency' command is executed.
18:31:08 INFO  : Context for 'APU' is selected.
18:31:08 ERROR : Cannot reset APU. AP transaction error, DAP status 0xF0000021
18:31:08 INFO  : ----------------XSDB Script----------------
connect -url tcp:127.0.0.1:3121
targets -set -nocase -filter {name =~"APU*"}
rst -system
after 3000
----------------End of Script----------------

18:31:08 ERROR : Cannot reset APU. AP transaction error, DAP status 0xF0000021
18:31:37 INFO  : Connected to target on host '127.0.0.1' and port '3121'.
18:31:38 INFO  : Jtag cable 'Avnet MiniZed V1 1234-oj1A' is selected.
18:31:38 INFO  : 'jtag frequency' command is executed.
18:31:38 INFO  : Context for 'APU' is selected.
18:31:38 ERROR : Cannot reset APU. AP transaction error, DAP status 0xF0000021
18:31:38 INFO  : ----------------XSDB Script----------------
connect -url tcp:127.0.0.1:3121
targets -set -nocase -filter {name =~"APU*"}
rst -system
after 3000
----------------End of Script----------------

18:31:38 ERROR : Cannot reset APU. AP transaction error, DAP status 0xF0000021
18:33:00 INFO  : Connected to target on host '127.0.0.1' and port '3121'.
18:33:01 INFO  : Jtag cable 'Avnet MiniZed V1 1234-oj1A' is selected.
18:33:01 INFO  : 'jtag frequency' command is executed.
18:33:01 INFO  : Context for 'APU' is selected.
18:33:01 ERROR : Cannot reset APU. AP transaction error, DAP status 0xF0000021
18:33:01 INFO  : ----------------XSDB Script----------------
connect -url tcp:127.0.0.1:3121
targets -set -nocase -filter {name =~"APU*"}
rst -system
after 3000
----------------End of Script----------------

18:33:01 ERROR : Cannot reset APU. AP transaction error, DAP status 0xF0000021
18:34:51 INFO  : Connected to target on host '127.0.0.1' and port '3121'.
18:34:51 INFO  : Jtag cable 'Avnet MiniZed V1 1234-oj1A' is selected.
18:34:51 INFO  : 'jtag frequency' command is executed.
18:34:51 INFO  : Context for 'APU' is selected.
18:34:51 ERROR : Cannot reset APU. AP transaction error, DAP status 0xF0000021
18:34:51 INFO  : ----------------XSDB Script----------------
connect -url tcp:127.0.0.1:3121
targets -set -nocase -filter {name =~"APU*"}
rst -system
after 3000
----------------End of Script----------------

18:34:51 ERROR : Cannot reset APU. AP transaction error, DAP status 0xF0000021
18:35:10 INFO  : Connected to target on host '127.0.0.1' and port '3121'.
18:35:10 INFO  : Jtag cable 'Avnet MiniZed V1 1234-oj1A' is selected.
18:35:10 INFO  : 'jtag frequency' command is executed.
18:35:10 INFO  : Context for 'APU' is selected.
18:35:10 ERROR : Cannot reset APU. AP transaction error, DAP status 0xF0000021
18:35:10 INFO  : ----------------XSDB Script----------------
connect -url tcp:127.0.0.1:3121
targets -set -nocase -filter {name =~"APU*"}
rst -system
after 3000
----------------End of Script----------------

18:35:10 ERROR : Cannot reset APU. AP transaction error, DAP status 0xF0000021
18:35:50 INFO  : Connected to target on host '127.0.0.1' and port '3121'.
18:35:50 INFO  : Jtag cable 'Avnet MiniZed V1 1234-oj1A' is selected.
18:35:50 INFO  : 'jtag frequency' command is executed.
18:35:50 INFO  : Context for 'APU' is selected.
18:35:50 INFO  : System reset is completed.
18:35:53 INFO  : 'after 3000' command is executed.
18:35:54 INFO  : 'targets -set -filter {jtag_cable_name =~ "Avnet MiniZed V1 1234-oj1A" && level==0} -index 1' command is executed.
18:35:55 INFO  : FPGA configured successfully with bitstream "D:/School/FPGA/Gequoteerde_oef2/EFPGA/Game/Game_final/Game_final_app/_ide/bitstream/design_1_wrapper.bit"
18:35:56 INFO  : Context for 'APU' is selected.
18:35:56 INFO  : Hardware design information is loaded from 'D:/School/FPGA/Gequoteerde_oef2/EFPGA/Game/Game_final/Game_final/export/Game_final/hw/design_1_wrapper.xsa'.
18:35:56 INFO  : 'configparams force-mem-access 1' command is executed.
18:35:56 INFO  : Context for 'APU' is selected.
18:35:56 INFO  : Sourcing of 'D:/School/FPGA/Gequoteerde_oef2/EFPGA/Game/Game_final/Game_final_app/_ide/psinit/ps7_init.tcl' is done.
18:35:56 ERROR : Memory read error at 0xF8F00208. Cannot halt processor core, timeout
18:35:56 INFO  : ----------------XSDB Script----------------
connect -url tcp:127.0.0.1:3121
targets -set -nocase -filter {name =~"APU*"}
rst -system
after 3000
targets -set -filter {jtag_cable_name =~ "Avnet MiniZed V1 1234-oj1A" && level==0} -index 1
fpga -file D:/School/FPGA/Gequoteerde_oef2/EFPGA/Game/Game_final/Game_final_app/_ide/bitstream/design_1_wrapper.bit
targets -set -nocase -filter {name =~"APU*"}
loadhw -hw D:/School/FPGA/Gequoteerde_oef2/EFPGA/Game/Game_final/Game_final/export/Game_final/hw/design_1_wrapper.xsa -mem-ranges [list {0x40000000 0xbfffffff}]
configparams force-mem-access 1
targets -set -nocase -filter {name =~"APU*"}
source D:/School/FPGA/Gequoteerde_oef2/EFPGA/Game/Game_final/Game_final_app/_ide/psinit/ps7_init.tcl
ps7_init
----------------End of Script----------------

18:35:56 ERROR : Memory read error at 0xF8F00208. Cannot halt processor core, timeout
18:38:25 INFO  : Connected to target on host '127.0.0.1' and port '3121'.
18:38:25 INFO  : Jtag cable 'Avnet MiniZed V1 1234-oj1A' is selected.
18:38:25 INFO  : 'jtag frequency' command is executed.
18:38:25 INFO  : Context for 'APU' is selected.
18:38:25 INFO  : System reset is completed.
18:38:28 INFO  : 'after 3000' command is executed.
18:38:28 INFO  : 'targets -set -filter {jtag_cable_name =~ "Avnet MiniZed V1 1234-oj1A" && level==0} -index 1' command is executed.
18:38:30 INFO  : FPGA configured successfully with bitstream "D:/School/FPGA/Gequoteerde_oef2/EFPGA/Game/Game_final/Game_final_app/_ide/bitstream/design_1_wrapper.bit"
18:38:30 INFO  : Context for 'APU' is selected.
18:38:30 INFO  : Hardware design information is loaded from 'D:/School/FPGA/Gequoteerde_oef2/EFPGA/Game/Game_final/Game_final/export/Game_final/hw/design_1_wrapper.xsa'.
18:38:30 INFO  : 'configparams force-mem-access 1' command is executed.
18:38:30 INFO  : Context for 'APU' is selected.
18:38:30 INFO  : Sourcing of 'D:/School/FPGA/Gequoteerde_oef2/EFPGA/Game/Game_final/Game_final_app/_ide/psinit/ps7_init.tcl' is done.
18:38:30 INFO  : 'ps7_init' command is executed.
18:38:30 INFO  : 'ps7_post_config' command is executed.
18:38:30 INFO  : Context for processor 'ps7_cortexa9_0' is selected.
18:38:30 INFO  : The application 'D:/School/FPGA/Gequoteerde_oef2/EFPGA/Game/Game_final/Game_final_app/Debug/Game_final_app.elf' is downloaded to processor 'ps7_cortexa9_0'.
18:38:30 INFO  : 'configparams force-mem-access 0' command is executed.
18:38:30 INFO  : ----------------XSDB Script----------------
connect -url tcp:127.0.0.1:3121
targets -set -nocase -filter {name =~"APU*"}
rst -system
after 3000
targets -set -filter {jtag_cable_name =~ "Avnet MiniZed V1 1234-oj1A" && level==0} -index 1
fpga -file D:/School/FPGA/Gequoteerde_oef2/EFPGA/Game/Game_final/Game_final_app/_ide/bitstream/design_1_wrapper.bit
targets -set -nocase -filter {name =~"APU*"}
loadhw -hw D:/School/FPGA/Gequoteerde_oef2/EFPGA/Game/Game_final/Game_final/export/Game_final/hw/design_1_wrapper.xsa -mem-ranges [list {0x40000000 0xbfffffff}]
configparams force-mem-access 1
targets -set -nocase -filter {name =~"APU*"}
source D:/School/FPGA/Gequoteerde_oef2/EFPGA/Game/Game_final/Game_final_app/_ide/psinit/ps7_init.tcl
ps7_init
ps7_post_config
targets -set -nocase -filter {name =~ "*A9*#0"}
dow D:/School/FPGA/Gequoteerde_oef2/EFPGA/Game/Game_final/Game_final_app/Debug/Game_final_app.elf
configparams force-mem-access 0
----------------End of Script----------------

18:38:30 INFO  : Memory regions updated for context APU
18:38:30 INFO  : Context for processor 'ps7_cortexa9_0' is selected.
18:38:30 INFO  : 'con' command is executed.
18:38:30 INFO  : ----------------XSDB Script (After Launch)----------------
targets -set -nocase -filter {name =~ "*A9*#0"}
con
----------------End of Script----------------

18:38:30 INFO  : Launch script is exported to file 'D:\School\FPGA\Gequoteerde_oef2\EFPGA\Game\Game_final\.sdk\launch_scripts\single_application_debug\debugger_game_final_app-default_(6).tcl'
18:40:04 INFO  : Checking for BSP changes to sync application flags for project 'Game_final_app'...
18:40:13 INFO  : Disconnected from the channel tcfchan#14.
18:40:14 INFO  : Connected to target on host '127.0.0.1' and port '3121'.
18:40:15 INFO  : Jtag cable 'Avnet MiniZed V1 1234-oj1A' is selected.
18:40:15 INFO  : 'jtag frequency' command is executed.
18:40:15 INFO  : Context for 'APU' is selected.
18:40:15 INFO  : System reset is completed.
18:40:18 INFO  : 'after 3000' command is executed.
18:40:18 INFO  : 'targets -set -filter {jtag_cable_name =~ "Avnet MiniZed V1 1234-oj1A" && level==0} -index 1' command is executed.
18:40:19 INFO  : FPGA configured successfully with bitstream "D:/School/FPGA/Gequoteerde_oef2/EFPGA/Game/Game_final/Game_final_app/_ide/bitstream/design_1_wrapper.bit"
18:40:19 INFO  : Context for 'APU' is selected.
18:40:19 INFO  : Hardware design information is loaded from 'D:/School/FPGA/Gequoteerde_oef2/EFPGA/Game/Game_final/Game_final/export/Game_final/hw/design_1_wrapper.xsa'.
18:40:19 INFO  : 'configparams force-mem-access 1' command is executed.
18:40:19 INFO  : Context for 'APU' is selected.
18:40:19 INFO  : Sourcing of 'D:/School/FPGA/Gequoteerde_oef2/EFPGA/Game/Game_final/Game_final_app/_ide/psinit/ps7_init.tcl' is done.
18:40:19 INFO  : 'ps7_init' command is executed.
18:40:20 INFO  : 'ps7_post_config' command is executed.
18:40:20 INFO  : Context for processor 'ps7_cortexa9_0' is selected.
18:40:20 INFO  : The application 'D:/School/FPGA/Gequoteerde_oef2/EFPGA/Game/Game_final/Game_final_app/Debug/Game_final_app.elf' is downloaded to processor 'ps7_cortexa9_0'.
18:40:20 INFO  : 'configparams force-mem-access 0' command is executed.
18:40:20 INFO  : ----------------XSDB Script----------------
connect -url tcp:127.0.0.1:3121
targets -set -nocase -filter {name =~"APU*"}
rst -system
after 3000
targets -set -filter {jtag_cable_name =~ "Avnet MiniZed V1 1234-oj1A" && level==0} -index 1
fpga -file D:/School/FPGA/Gequoteerde_oef2/EFPGA/Game/Game_final/Game_final_app/_ide/bitstream/design_1_wrapper.bit
targets -set -nocase -filter {name =~"APU*"}
loadhw -hw D:/School/FPGA/Gequoteerde_oef2/EFPGA/Game/Game_final/Game_final/export/Game_final/hw/design_1_wrapper.xsa -mem-ranges [list {0x40000000 0xbfffffff}]
configparams force-mem-access 1
targets -set -nocase -filter {name =~"APU*"}
source D:/School/FPGA/Gequoteerde_oef2/EFPGA/Game/Game_final/Game_final_app/_ide/psinit/ps7_init.tcl
ps7_init
ps7_post_config
targets -set -nocase -filter {name =~ "*A9*#0"}
dow D:/School/FPGA/Gequoteerde_oef2/EFPGA/Game/Game_final/Game_final_app/Debug/Game_final_app.elf
configparams force-mem-access 0
----------------End of Script----------------

18:40:20 INFO  : Memory regions updated for context APU
18:40:20 INFO  : Context for processor 'ps7_cortexa9_0' is selected.
18:40:20 INFO  : 'con' command is executed.
18:40:20 INFO  : ----------------XSDB Script (After Launch)----------------
targets -set -nocase -filter {name =~ "*A9*#0"}
con
----------------End of Script----------------

18:40:20 INFO  : Launch script is exported to file 'D:\School\FPGA\Gequoteerde_oef2\EFPGA\Game\Game_final\.sdk\launch_scripts\single_application_debug\debugger_game_final_app-default_(7).tcl'
18:51:28 INFO  : Checking for BSP changes to sync application flags for project 'Game_final_app'...
18:51:42 INFO  : Checking for BSP changes to sync application flags for project 'Game_final_app'...
18:51:47 INFO  : Disconnected from the channel tcfchan#15.
18:51:48 INFO  : Connected to target on host '127.0.0.1' and port '3121'.
18:51:48 INFO  : Jtag cable 'Avnet MiniZed V1 1234-oj1A' is selected.
18:51:48 INFO  : 'jtag frequency' command is executed.
18:51:49 INFO  : Context for 'APU' is selected.
18:51:49 INFO  : System reset is completed.
18:51:52 INFO  : 'after 3000' command is executed.
18:51:52 INFO  : 'targets -set -filter {jtag_cable_name =~ "Avnet MiniZed V1 1234-oj1A" && level==0} -index 1' command is executed.
18:51:53 INFO  : FPGA configured successfully with bitstream "D:/School/FPGA/Gequoteerde_oef2/EFPGA/Game/Game_final/Game_final_app/_ide/bitstream/design_1_wrapper.bit"
18:51:53 INFO  : Context for 'APU' is selected.
18:51:53 INFO  : Hardware design information is loaded from 'D:/School/FPGA/Gequoteerde_oef2/EFPGA/Game/Game_final/Game_final/export/Game_final/hw/design_1_wrapper.xsa'.
18:51:53 INFO  : 'configparams force-mem-access 1' command is executed.
18:51:53 INFO  : Context for 'APU' is selected.
18:51:53 INFO  : Sourcing of 'D:/School/FPGA/Gequoteerde_oef2/EFPGA/Game/Game_final/Game_final_app/_ide/psinit/ps7_init.tcl' is done.
18:51:53 INFO  : 'ps7_init' command is executed.
18:51:53 INFO  : 'ps7_post_config' command is executed.
18:51:53 INFO  : Context for processor 'ps7_cortexa9_0' is selected.
18:51:53 INFO  : The application 'D:/School/FPGA/Gequoteerde_oef2/EFPGA/Game/Game_final/Game_final_app/Debug/Game_final_app.elf' is downloaded to processor 'ps7_cortexa9_0'.
18:51:53 INFO  : 'configparams force-mem-access 0' command is executed.
18:51:53 INFO  : ----------------XSDB Script----------------
connect -url tcp:127.0.0.1:3121
targets -set -nocase -filter {name =~"APU*"}
rst -system
after 3000
targets -set -filter {jtag_cable_name =~ "Avnet MiniZed V1 1234-oj1A" && level==0} -index 1
fpga -file D:/School/FPGA/Gequoteerde_oef2/EFPGA/Game/Game_final/Game_final_app/_ide/bitstream/design_1_wrapper.bit
targets -set -nocase -filter {name =~"APU*"}
loadhw -hw D:/School/FPGA/Gequoteerde_oef2/EFPGA/Game/Game_final/Game_final/export/Game_final/hw/design_1_wrapper.xsa -mem-ranges [list {0x40000000 0xbfffffff}]
configparams force-mem-access 1
targets -set -nocase -filter {name =~"APU*"}
source D:/School/FPGA/Gequoteerde_oef2/EFPGA/Game/Game_final/Game_final_app/_ide/psinit/ps7_init.tcl
ps7_init
ps7_post_config
targets -set -nocase -filter {name =~ "*A9*#0"}
dow D:/School/FPGA/Gequoteerde_oef2/EFPGA/Game/Game_final/Game_final_app/Debug/Game_final_app.elf
configparams force-mem-access 0
----------------End of Script----------------

18:51:54 INFO  : Memory regions updated for context APU
18:51:54 INFO  : Context for processor 'ps7_cortexa9_0' is selected.
18:51:54 INFO  : 'con' command is executed.
18:51:54 INFO  : ----------------XSDB Script (After Launch)----------------
targets -set -nocase -filter {name =~ "*A9*#0"}
con
----------------End of Script----------------

18:51:54 INFO  : Launch script is exported to file 'D:\School\FPGA\Gequoteerde_oef2\EFPGA\Game\Game_final\.sdk\launch_scripts\single_application_debug\debugger_game_final_app-default.tcl'
18:52:19 INFO  : Checking for BSP changes to sync application flags for project 'Game_final_app'...
18:52:22 INFO  : Checking for BSP changes to sync application flags for project 'Game_final_app'...
18:52:28 INFO  : Disconnected from the channel tcfchan#16.
18:52:29 INFO  : Connected to target on host '127.0.0.1' and port '3121'.
18:52:30 INFO  : Jtag cable 'Avnet MiniZed V1 1234-oj1A' is selected.
18:52:30 INFO  : 'jtag frequency' command is executed.
18:52:30 INFO  : Context for 'APU' is selected.
18:52:30 INFO  : System reset is completed.
18:52:33 INFO  : 'after 3000' command is executed.
18:52:33 INFO  : 'targets -set -filter {jtag_cable_name =~ "Avnet MiniZed V1 1234-oj1A" && level==0} -index 1' command is executed.
18:52:34 INFO  : FPGA configured successfully with bitstream "D:/School/FPGA/Gequoteerde_oef2/EFPGA/Game/Game_final/Game_final_app/_ide/bitstream/design_1_wrapper.bit"
18:52:34 INFO  : Context for 'APU' is selected.
18:52:34 INFO  : Hardware design information is loaded from 'D:/School/FPGA/Gequoteerde_oef2/EFPGA/Game/Game_final/Game_final/export/Game_final/hw/design_1_wrapper.xsa'.
18:52:34 INFO  : 'configparams force-mem-access 1' command is executed.
18:52:34 INFO  : Context for 'APU' is selected.
18:52:34 INFO  : Sourcing of 'D:/School/FPGA/Gequoteerde_oef2/EFPGA/Game/Game_final/Game_final_app/_ide/psinit/ps7_init.tcl' is done.
18:52:34 INFO  : 'ps7_init' command is executed.
18:52:34 INFO  : 'ps7_post_config' command is executed.
18:52:34 INFO  : Context for processor 'ps7_cortexa9_0' is selected.
18:52:35 INFO  : The application 'D:/School/FPGA/Gequoteerde_oef2/EFPGA/Game/Game_final/Game_final_app/Debug/Game_final_app.elf' is downloaded to processor 'ps7_cortexa9_0'.
18:52:35 INFO  : 'configparams force-mem-access 0' command is executed.
18:52:35 INFO  : ----------------XSDB Script----------------
connect -url tcp:127.0.0.1:3121
targets -set -nocase -filter {name =~"APU*"}
rst -system
after 3000
targets -set -filter {jtag_cable_name =~ "Avnet MiniZed V1 1234-oj1A" && level==0} -index 1
fpga -file D:/School/FPGA/Gequoteerde_oef2/EFPGA/Game/Game_final/Game_final_app/_ide/bitstream/design_1_wrapper.bit
targets -set -nocase -filter {name =~"APU*"}
loadhw -hw D:/School/FPGA/Gequoteerde_oef2/EFPGA/Game/Game_final/Game_final/export/Game_final/hw/design_1_wrapper.xsa -mem-ranges [list {0x40000000 0xbfffffff}]
configparams force-mem-access 1
targets -set -nocase -filter {name =~"APU*"}
source D:/School/FPGA/Gequoteerde_oef2/EFPGA/Game/Game_final/Game_final_app/_ide/psinit/ps7_init.tcl
ps7_init
ps7_post_config
targets -set -nocase -filter {name =~ "*A9*#0"}
dow D:/School/FPGA/Gequoteerde_oef2/EFPGA/Game/Game_final/Game_final_app/Debug/Game_final_app.elf
configparams force-mem-access 0
----------------End of Script----------------

18:52:35 INFO  : Memory regions updated for context APU
18:52:35 INFO  : Context for processor 'ps7_cortexa9_0' is selected.
18:52:35 INFO  : 'con' command is executed.
18:52:35 INFO  : ----------------XSDB Script (After Launch)----------------
targets -set -nocase -filter {name =~ "*A9*#0"}
con
----------------End of Script----------------

18:52:35 INFO  : Launch script is exported to file 'D:\School\FPGA\Gequoteerde_oef2\EFPGA\Game\Game_final\.sdk\launch_scripts\single_application_debug\debugger_game_final_app-default.tcl'
18:58:41 INFO  : Disconnected from the channel tcfchan#17.
18:59:26 INFO  : Launching XSCT server: xsct.bat -n  -interactive D:\School\FPGA\Gequoteerde_oef2\EFPGA\Game\Game_final\temp_xsdb_launch_script.tcl
18:59:29 INFO  : XSCT server has started successfully.
18:59:29 INFO  : Registering command handlers for Vitis TCF services
18:59:32 INFO  : plnx-install-location is set to ''
18:59:32 INFO  : Successfully done setting XSCT server connection channel  
18:59:32 INFO  : Successfully done query RDI_DATADIR 
18:59:32 INFO  : Successfully done setting workspace for the tool. 
19:00:25 INFO  : Successfully done sdx_reload_mss "D:/School/FPGA/Gequoteerde_oef2/EFPGA/Game/Game_final/Game_final/zynq_fsbl/zynq_fsbl_bsp/system.mss"
19:00:26 INFO  : Successfully done sdx_reload_mss "D:/School/FPGA/Gequoteerde_oef2/EFPGA/Game/Game_final/Game_final/ps7_cortexa9_0/standalone_domain/bsp/system.mss"
19:01:35 INFO  : Checking for BSP changes to sync application flags for project 'Game_final_app'...
19:01:46 INFO  : Connected to target on host '127.0.0.1' and port '3121'.
19:01:46 INFO  : Jtag cable 'Avnet MiniZed V1 1234-oj1A' is selected.
19:01:46 INFO  : 'jtag frequency' command is executed.
19:01:46 INFO  : Context for 'APU' is selected.
19:01:46 INFO  : System reset is completed.
19:01:49 INFO  : 'after 3000' command is executed.
19:01:50 INFO  : 'targets -set -filter {jtag_cable_name =~ "Avnet MiniZed V1 1234-oj1A" && level==0} -index 1' command is executed.
19:01:51 INFO  : FPGA configured successfully with bitstream "D:/School/FPGA/Gequoteerde_oef2/EFPGA/Game/Game_final/Game_final_app/_ide/bitstream/design_1_wrapper.bit"
19:01:51 INFO  : Context for 'APU' is selected.
19:01:51 INFO  : Hardware design information is loaded from 'D:/School/FPGA/Gequoteerde_oef2/EFPGA/Game/Game_final/Game_final/export/Game_final/hw/design_1_wrapper.xsa'.
19:01:51 INFO  : 'configparams force-mem-access 1' command is executed.
19:01:51 INFO  : Context for 'APU' is selected.
19:01:51 INFO  : Sourcing of 'D:/School/FPGA/Gequoteerde_oef2/EFPGA/Game/Game_final/Game_final_app/_ide/psinit/ps7_init.tcl' is done.
19:01:51 INFO  : 'ps7_init' command is executed.
19:01:51 INFO  : 'ps7_post_config' command is executed.
19:01:51 INFO  : Context for processor 'ps7_cortexa9_0' is selected.
19:01:51 INFO  : The application 'D:/School/FPGA/Gequoteerde_oef2/EFPGA/Game/Game_final/Game_final_app/Debug/Game_final_app.elf' is downloaded to processor 'ps7_cortexa9_0'.
19:01:51 INFO  : 'configparams force-mem-access 0' command is executed.
19:01:51 INFO  : ----------------XSDB Script----------------
connect -url tcp:127.0.0.1:3121
targets -set -nocase -filter {name =~"APU*"}
rst -system
after 3000
targets -set -filter {jtag_cable_name =~ "Avnet MiniZed V1 1234-oj1A" && level==0} -index 1
fpga -file D:/School/FPGA/Gequoteerde_oef2/EFPGA/Game/Game_final/Game_final_app/_ide/bitstream/design_1_wrapper.bit
targets -set -nocase -filter {name =~"APU*"}
loadhw -hw D:/School/FPGA/Gequoteerde_oef2/EFPGA/Game/Game_final/Game_final/export/Game_final/hw/design_1_wrapper.xsa -mem-ranges [list {0x40000000 0xbfffffff}]
configparams force-mem-access 1
targets -set -nocase -filter {name =~"APU*"}
source D:/School/FPGA/Gequoteerde_oef2/EFPGA/Game/Game_final/Game_final_app/_ide/psinit/ps7_init.tcl
ps7_init
ps7_post_config
targets -set -nocase -filter {name =~ "*A9*#0"}
dow D:/School/FPGA/Gequoteerde_oef2/EFPGA/Game/Game_final/Game_final_app/Debug/Game_final_app.elf
configparams force-mem-access 0
----------------End of Script----------------

19:01:51 INFO  : Memory regions updated for context APU
19:01:51 INFO  : Context for processor 'ps7_cortexa9_0' is selected.
19:01:52 INFO  : 'con' command is executed.
19:01:52 INFO  : ----------------XSDB Script (After Launch)----------------
targets -set -nocase -filter {name =~ "*A9*#0"}
con
----------------End of Script----------------

19:01:52 INFO  : Launch script is exported to file 'D:\School\FPGA\Gequoteerde_oef2\EFPGA\Game\Game_final\.sdk\launch_scripts\single_application_debug\debugger_game_final_app-default.tcl'
