10:39:38 INFO  : Launching XSCT server: xsct.bat -n  -interactive C:\LEDMATRIX_GAME\LEDMATRIX_PROJECT\VITIS_GAME\temp_xsdb_launch_script.tcl
10:40:00 INFO  : XSCT server has started successfully.
10:40:00 INFO  : Successfully done setting XSCT server connection channel  
10:40:07 INFO  : Registering command handlers for Vitis TCF services
10:40:11 INFO  : plnx-install-location is set to ''
10:40:11 INFO  : Successfully done setting workspace for the tool. 
10:40:11 INFO  : Successfully done query RDI_DATADIR 
10:44:42 INFO  : Checking for BSP changes to sync application flags for project 'LEDMATRIX_GAME'...
10:47:13 INFO  : Checking for BSP changes to sync application flags for project 'LEDMATRIX_GAME'...
10:47:37 INFO  : Checking for BSP changes to sync application flags for project 'LEDMATRIX_GAME'...
10:47:46 INFO  : Connected to target on host '127.0.0.1' and port '3121'.
10:47:48 INFO  : Jtag cable 'Avnet MiniZed V1 1234-oj1A' is selected.
10:47:48 INFO  : 'jtag frequency' command is executed.
10:47:48 INFO  : Context for 'APU' is selected.
10:47:49 INFO  : System reset is completed.
10:47:52 INFO  : 'after 3000' command is executed.
10:47:52 INFO  : 'targets -set -filter {jtag_cable_name =~ "Avnet MiniZed V1 1234-oj1A" && level==0} -index 1' command is executed.
10:47:54 INFO  : FPGA configured successfully with bitstream "C:/LEDMATRIX_GAME/LEDMATRIX_PROJECT/VITIS_GAME/LEDMATRIX_GAME/_ide/bitstream/design_1_wrapper.bit"
10:47:54 INFO  : Context for 'APU' is selected.
10:47:54 INFO  : Hardware design information is loaded from 'C:/LEDMATRIX_GAME/LEDMATRIX_PROJECT/VITIS_GAME/design_1_wrapper/export/design_1_wrapper/hw/design_1_wrapper.xsa'.
10:47:54 INFO  : 'configparams force-mem-access 1' command is executed.
10:47:54 INFO  : Context for 'APU' is selected.
10:47:55 INFO  : Sourcing of 'C:/LEDMATRIX_GAME/LEDMATRIX_PROJECT/VITIS_GAME/LEDMATRIX_GAME/_ide/psinit/ps7_init.tcl' is done.
10:47:55 INFO  : 'ps7_init' command is executed.
10:47:55 INFO  : 'ps7_post_config' command is executed.
10:47:56 INFO  : Context for processor 'ps7_cortexa9_0' is selected.
10:47:56 INFO  : The application 'C:/LEDMATRIX_GAME/LEDMATRIX_PROJECT/VITIS_GAME/LEDMATRIX_GAME/Debug/LEDMATRIX_GAME.elf' is downloaded to processor 'ps7_cortexa9_0'.
10:47:56 INFO  : 'configparams force-mem-access 0' command is executed.
10:47:56 INFO  : ----------------XSDB Script----------------
connect -url tcp:127.0.0.1:3121
targets -set -nocase -filter {name =~"APU*"}
rst -system
after 3000
targets -set -filter {jtag_cable_name =~ "Avnet MiniZed V1 1234-oj1A" && level==0} -index 1
fpga -file C:/LEDMATRIX_GAME/LEDMATRIX_PROJECT/VITIS_GAME/LEDMATRIX_GAME/_ide/bitstream/design_1_wrapper.bit
targets -set -nocase -filter {name =~"APU*"}
loadhw -hw C:/LEDMATRIX_GAME/LEDMATRIX_PROJECT/VITIS_GAME/design_1_wrapper/export/design_1_wrapper/hw/design_1_wrapper.xsa -mem-ranges [list {0x40000000 0xbfffffff}]
configparams force-mem-access 1
targets -set -nocase -filter {name =~"APU*"}
source C:/LEDMATRIX_GAME/LEDMATRIX_PROJECT/VITIS_GAME/LEDMATRIX_GAME/_ide/psinit/ps7_init.tcl
ps7_init
ps7_post_config
targets -set -nocase -filter {name =~ "*A9*#0"}
dow C:/LEDMATRIX_GAME/LEDMATRIX_PROJECT/VITIS_GAME/LEDMATRIX_GAME/Debug/LEDMATRIX_GAME.elf
configparams force-mem-access 0
----------------End of Script----------------

10:47:56 INFO  : Memory regions updated for context APU
10:47:57 INFO  : Context for processor 'ps7_cortexa9_0' is selected.
10:47:57 INFO  : 'con' command is executed.
10:47:57 INFO  : ----------------XSDB Script (After Launch)----------------
targets -set -nocase -filter {name =~ "*A9*#0"}
con
----------------End of Script----------------

10:47:57 INFO  : Launch script is exported to file 'C:\LEDMATRIX_GAME\LEDMATRIX_PROJECT\VITIS_GAME\.sdk\launch_scripts\single_application_debug\debugger_ledmatrix_game-default.tcl'
10:48:57 INFO  : Checking for BSP changes to sync application flags for project 'LEDMATRIX_GAME'...
10:49:29 INFO  : Disconnected from the channel tcfchan#3.
10:49:30 INFO  : Connected to target on host '127.0.0.1' and port '3121'.
10:49:30 INFO  : Jtag cable 'Avnet MiniZed V1 1234-oj1A' is selected.
10:49:30 INFO  : 'jtag frequency' command is executed.
10:49:31 INFO  : Context for 'APU' is selected.
10:49:31 INFO  : System reset is completed.
10:49:34 INFO  : 'after 3000' command is executed.
10:49:34 INFO  : 'targets -set -filter {jtag_cable_name =~ "Avnet MiniZed V1 1234-oj1A" && level==0} -index 1' command is executed.
10:49:35 INFO  : FPGA configured successfully with bitstream "C:/LEDMATRIX_GAME/LEDMATRIX_PROJECT/VITIS_GAME/LEDMATRIX_GAME/_ide/bitstream/design_1_wrapper.bit"
10:49:36 INFO  : Context for 'APU' is selected.
10:49:36 INFO  : Hardware design information is loaded from 'C:/LEDMATRIX_GAME/LEDMATRIX_PROJECT/VITIS_GAME/design_1_wrapper/export/design_1_wrapper/hw/design_1_wrapper.xsa'.
10:49:36 INFO  : 'configparams force-mem-access 1' command is executed.
10:49:36 INFO  : Context for 'APU' is selected.
10:49:36 INFO  : Sourcing of 'C:/LEDMATRIX_GAME/LEDMATRIX_PROJECT/VITIS_GAME/LEDMATRIX_GAME/_ide/psinit/ps7_init.tcl' is done.
10:49:37 INFO  : 'ps7_init' command is executed.
10:49:37 INFO  : 'ps7_post_config' command is executed.
10:49:37 INFO  : Context for processor 'ps7_cortexa9_0' is selected.
10:49:37 INFO  : The application 'C:/LEDMATRIX_GAME/LEDMATRIX_PROJECT/VITIS_GAME/LEDMATRIX_GAME/Debug/LEDMATRIX_GAME.elf' is downloaded to processor 'ps7_cortexa9_0'.
10:49:37 INFO  : 'configparams force-mem-access 0' command is executed.
10:49:37 INFO  : ----------------XSDB Script----------------
connect -url tcp:127.0.0.1:3121
targets -set -nocase -filter {name =~"APU*"}
rst -system
after 3000
targets -set -filter {jtag_cable_name =~ "Avnet MiniZed V1 1234-oj1A" && level==0} -index 1
fpga -file C:/LEDMATRIX_GAME/LEDMATRIX_PROJECT/VITIS_GAME/LEDMATRIX_GAME/_ide/bitstream/design_1_wrapper.bit
targets -set -nocase -filter {name =~"APU*"}
loadhw -hw C:/LEDMATRIX_GAME/LEDMATRIX_PROJECT/VITIS_GAME/design_1_wrapper/export/design_1_wrapper/hw/design_1_wrapper.xsa -mem-ranges [list {0x40000000 0xbfffffff}]
configparams force-mem-access 1
targets -set -nocase -filter {name =~"APU*"}
source C:/LEDMATRIX_GAME/LEDMATRIX_PROJECT/VITIS_GAME/LEDMATRIX_GAME/_ide/psinit/ps7_init.tcl
ps7_init
ps7_post_config
targets -set -nocase -filter {name =~ "*A9*#0"}
dow C:/LEDMATRIX_GAME/LEDMATRIX_PROJECT/VITIS_GAME/LEDMATRIX_GAME/Debug/LEDMATRIX_GAME.elf
configparams force-mem-access 0
----------------End of Script----------------

10:49:38 INFO  : Memory regions updated for context APU
10:49:38 INFO  : Context for processor 'ps7_cortexa9_0' is selected.
10:49:38 INFO  : 'con' command is executed.
10:49:38 INFO  : ----------------XSDB Script (After Launch)----------------
targets -set -nocase -filter {name =~ "*A9*#0"}
con
----------------End of Script----------------

10:49:38 INFO  : Launch script is exported to file 'C:\LEDMATRIX_GAME\LEDMATRIX_PROJECT\VITIS_GAME\.sdk\launch_scripts\single_application_debug\debugger_ledmatrix_game-default.tcl'
10:50:22 INFO  : Checking for BSP changes to sync application flags for project 'LEDMATRIX_GAME'...
10:50:31 INFO  : Disconnected from the channel tcfchan#4.
10:50:32 INFO  : Connected to target on host '127.0.0.1' and port '3121'.
10:50:32 INFO  : Jtag cable 'Avnet MiniZed V1 1234-oj1A' is selected.
10:50:32 INFO  : 'jtag frequency' command is executed.
10:50:32 INFO  : Context for 'APU' is selected.
10:50:33 INFO  : System reset is completed.
10:50:36 INFO  : 'after 3000' command is executed.
10:50:36 INFO  : 'targets -set -filter {jtag_cable_name =~ "Avnet MiniZed V1 1234-oj1A" && level==0} -index 1' command is executed.
10:50:37 INFO  : FPGA configured successfully with bitstream "C:/LEDMATRIX_GAME/LEDMATRIX_PROJECT/VITIS_GAME/LEDMATRIX_GAME/_ide/bitstream/design_1_wrapper.bit"
10:50:37 INFO  : Context for 'APU' is selected.
10:50:37 INFO  : Hardware design information is loaded from 'C:/LEDMATRIX_GAME/LEDMATRIX_PROJECT/VITIS_GAME/design_1_wrapper/export/design_1_wrapper/hw/design_1_wrapper.xsa'.
10:50:37 INFO  : 'configparams force-mem-access 1' command is executed.
10:50:37 INFO  : Context for 'APU' is selected.
10:50:37 INFO  : Sourcing of 'C:/LEDMATRIX_GAME/LEDMATRIX_PROJECT/VITIS_GAME/LEDMATRIX_GAME/_ide/psinit/ps7_init.tcl' is done.
10:50:38 INFO  : 'ps7_init' command is executed.
10:50:38 INFO  : 'ps7_post_config' command is executed.
10:50:38 INFO  : Context for processor 'ps7_cortexa9_0' is selected.
10:50:38 INFO  : The application 'C:/LEDMATRIX_GAME/LEDMATRIX_PROJECT/VITIS_GAME/LEDMATRIX_GAME/Debug/LEDMATRIX_GAME.elf' is downloaded to processor 'ps7_cortexa9_0'.
10:50:38 INFO  : 'configparams force-mem-access 0' command is executed.
10:50:38 INFO  : ----------------XSDB Script----------------
connect -url tcp:127.0.0.1:3121
targets -set -nocase -filter {name =~"APU*"}
rst -system
after 3000
targets -set -filter {jtag_cable_name =~ "Avnet MiniZed V1 1234-oj1A" && level==0} -index 1
fpga -file C:/LEDMATRIX_GAME/LEDMATRIX_PROJECT/VITIS_GAME/LEDMATRIX_GAME/_ide/bitstream/design_1_wrapper.bit
targets -set -nocase -filter {name =~"APU*"}
loadhw -hw C:/LEDMATRIX_GAME/LEDMATRIX_PROJECT/VITIS_GAME/design_1_wrapper/export/design_1_wrapper/hw/design_1_wrapper.xsa -mem-ranges [list {0x40000000 0xbfffffff}]
configparams force-mem-access 1
targets -set -nocase -filter {name =~"APU*"}
source C:/LEDMATRIX_GAME/LEDMATRIX_PROJECT/VITIS_GAME/LEDMATRIX_GAME/_ide/psinit/ps7_init.tcl
ps7_init
ps7_post_config
targets -set -nocase -filter {name =~ "*A9*#0"}
dow C:/LEDMATRIX_GAME/LEDMATRIX_PROJECT/VITIS_GAME/LEDMATRIX_GAME/Debug/LEDMATRIX_GAME.elf
configparams force-mem-access 0
----------------End of Script----------------

10:50:39 INFO  : Memory regions updated for context APU
10:50:39 INFO  : Context for processor 'ps7_cortexa9_0' is selected.
10:50:39 INFO  : 'con' command is executed.
10:50:39 INFO  : ----------------XSDB Script (After Launch)----------------
targets -set -nocase -filter {name =~ "*A9*#0"}
con
----------------End of Script----------------

10:50:39 INFO  : Launch script is exported to file 'C:\LEDMATRIX_GAME\LEDMATRIX_PROJECT\VITIS_GAME\.sdk\launch_scripts\single_application_debug\debugger_ledmatrix_game-default.tcl'
10:50:53 INFO  : Checking for BSP changes to sync application flags for project 'LEDMATRIX_GAME'...
10:50:59 INFO  : Disconnected from the channel tcfchan#5.
10:51:00 INFO  : Connected to target on host '127.0.0.1' and port '3121'.
10:51:01 INFO  : Jtag cable 'Avnet MiniZed V1 1234-oj1A' is selected.
10:51:01 INFO  : 'jtag frequency' command is executed.
10:51:01 INFO  : Context for 'APU' is selected.
10:51:01 INFO  : System reset is completed.
10:51:04 INFO  : 'after 3000' command is executed.
10:51:04 INFO  : 'targets -set -filter {jtag_cable_name =~ "Avnet MiniZed V1 1234-oj1A" && level==0} -index 1' command is executed.
10:51:05 INFO  : FPGA configured successfully with bitstream "C:/LEDMATRIX_GAME/LEDMATRIX_PROJECT/VITIS_GAME/LEDMATRIX_GAME/_ide/bitstream/design_1_wrapper.bit"
10:51:05 INFO  : Context for 'APU' is selected.
10:51:05 INFO  : Hardware design information is loaded from 'C:/LEDMATRIX_GAME/LEDMATRIX_PROJECT/VITIS_GAME/design_1_wrapper/export/design_1_wrapper/hw/design_1_wrapper.xsa'.
10:51:05 INFO  : 'configparams force-mem-access 1' command is executed.
10:51:05 INFO  : Context for 'APU' is selected.
10:51:06 INFO  : Sourcing of 'C:/LEDMATRIX_GAME/LEDMATRIX_PROJECT/VITIS_GAME/LEDMATRIX_GAME/_ide/psinit/ps7_init.tcl' is done.
10:51:06 INFO  : 'ps7_init' command is executed.
10:51:06 INFO  : 'ps7_post_config' command is executed.
10:51:06 INFO  : Context for processor 'ps7_cortexa9_0' is selected.
10:51:07 INFO  : The application 'C:/LEDMATRIX_GAME/LEDMATRIX_PROJECT/VITIS_GAME/LEDMATRIX_GAME/Debug/LEDMATRIX_GAME.elf' is downloaded to processor 'ps7_cortexa9_0'.
10:51:07 INFO  : 'configparams force-mem-access 0' command is executed.
10:51:07 INFO  : ----------------XSDB Script----------------
connect -url tcp:127.0.0.1:3121
targets -set -nocase -filter {name =~"APU*"}
rst -system
after 3000
targets -set -filter {jtag_cable_name =~ "Avnet MiniZed V1 1234-oj1A" && level==0} -index 1
fpga -file C:/LEDMATRIX_GAME/LEDMATRIX_PROJECT/VITIS_GAME/LEDMATRIX_GAME/_ide/bitstream/design_1_wrapper.bit
targets -set -nocase -filter {name =~"APU*"}
loadhw -hw C:/LEDMATRIX_GAME/LEDMATRIX_PROJECT/VITIS_GAME/design_1_wrapper/export/design_1_wrapper/hw/design_1_wrapper.xsa -mem-ranges [list {0x40000000 0xbfffffff}]
configparams force-mem-access 1
targets -set -nocase -filter {name =~"APU*"}
source C:/LEDMATRIX_GAME/LEDMATRIX_PROJECT/VITIS_GAME/LEDMATRIX_GAME/_ide/psinit/ps7_init.tcl
ps7_init
ps7_post_config
targets -set -nocase -filter {name =~ "*A9*#0"}
dow C:/LEDMATRIX_GAME/LEDMATRIX_PROJECT/VITIS_GAME/LEDMATRIX_GAME/Debug/LEDMATRIX_GAME.elf
configparams force-mem-access 0
----------------End of Script----------------

10:51:07 INFO  : Memory regions updated for context APU
10:51:07 INFO  : Context for processor 'ps7_cortexa9_0' is selected.
10:51:07 INFO  : 'con' command is executed.
10:51:07 INFO  : ----------------XSDB Script (After Launch)----------------
targets -set -nocase -filter {name =~ "*A9*#0"}
con
----------------End of Script----------------

10:51:07 INFO  : Launch script is exported to file 'C:\LEDMATRIX_GAME\LEDMATRIX_PROJECT\VITIS_GAME\.sdk\launch_scripts\single_application_debug\debugger_ledmatrix_game-default.tcl'
10:51:32 INFO  : Checking for BSP changes to sync application flags for project 'LEDMATRIX_GAME'...
10:51:38 INFO  : Disconnected from the channel tcfchan#6.
10:51:39 INFO  : Connected to target on host '127.0.0.1' and port '3121'.
10:51:40 INFO  : Jtag cable 'Avnet MiniZed V1 1234-oj1A' is selected.
10:51:40 INFO  : 'jtag frequency' command is executed.
10:51:40 INFO  : Context for 'APU' is selected.
10:51:40 INFO  : System reset is completed.
10:51:43 INFO  : 'after 3000' command is executed.
10:51:43 INFO  : 'targets -set -filter {jtag_cable_name =~ "Avnet MiniZed V1 1234-oj1A" && level==0} -index 1' command is executed.
10:51:45 INFO  : FPGA configured successfully with bitstream "C:/LEDMATRIX_GAME/LEDMATRIX_PROJECT/VITIS_GAME/LEDMATRIX_GAME/_ide/bitstream/design_1_wrapper.bit"
10:51:45 INFO  : Context for 'APU' is selected.
10:51:45 INFO  : Hardware design information is loaded from 'C:/LEDMATRIX_GAME/LEDMATRIX_PROJECT/VITIS_GAME/design_1_wrapper/export/design_1_wrapper/hw/design_1_wrapper.xsa'.
10:51:45 INFO  : 'configparams force-mem-access 1' command is executed.
10:51:45 INFO  : Context for 'APU' is selected.
10:51:45 INFO  : Sourcing of 'C:/LEDMATRIX_GAME/LEDMATRIX_PROJECT/VITIS_GAME/LEDMATRIX_GAME/_ide/psinit/ps7_init.tcl' is done.
10:51:46 INFO  : 'ps7_init' command is executed.
10:51:46 INFO  : 'ps7_post_config' command is executed.
10:51:46 INFO  : Context for processor 'ps7_cortexa9_0' is selected.
10:51:46 INFO  : The application 'C:/LEDMATRIX_GAME/LEDMATRIX_PROJECT/VITIS_GAME/LEDMATRIX_GAME/Debug/LEDMATRIX_GAME.elf' is downloaded to processor 'ps7_cortexa9_0'.
10:51:46 INFO  : 'configparams force-mem-access 0' command is executed.
10:51:46 INFO  : ----------------XSDB Script----------------
connect -url tcp:127.0.0.1:3121
targets -set -nocase -filter {name =~"APU*"}
rst -system
after 3000
targets -set -filter {jtag_cable_name =~ "Avnet MiniZed V1 1234-oj1A" && level==0} -index 1
fpga -file C:/LEDMATRIX_GAME/LEDMATRIX_PROJECT/VITIS_GAME/LEDMATRIX_GAME/_ide/bitstream/design_1_wrapper.bit
targets -set -nocase -filter {name =~"APU*"}
loadhw -hw C:/LEDMATRIX_GAME/LEDMATRIX_PROJECT/VITIS_GAME/design_1_wrapper/export/design_1_wrapper/hw/design_1_wrapper.xsa -mem-ranges [list {0x40000000 0xbfffffff}]
configparams force-mem-access 1
targets -set -nocase -filter {name =~"APU*"}
source C:/LEDMATRIX_GAME/LEDMATRIX_PROJECT/VITIS_GAME/LEDMATRIX_GAME/_ide/psinit/ps7_init.tcl
ps7_init
ps7_post_config
targets -set -nocase -filter {name =~ "*A9*#0"}
dow C:/LEDMATRIX_GAME/LEDMATRIX_PROJECT/VITIS_GAME/LEDMATRIX_GAME/Debug/LEDMATRIX_GAME.elf
configparams force-mem-access 0
----------------End of Script----------------

10:51:46 INFO  : Memory regions updated for context APU
10:51:46 INFO  : Context for processor 'ps7_cortexa9_0' is selected.
10:51:46 INFO  : 'con' command is executed.
10:51:46 INFO  : ----------------XSDB Script (After Launch)----------------
targets -set -nocase -filter {name =~ "*A9*#0"}
con
----------------End of Script----------------

10:51:46 INFO  : Launch script is exported to file 'C:\LEDMATRIX_GAME\LEDMATRIX_PROJECT\VITIS_GAME\.sdk\launch_scripts\single_application_debug\debugger_ledmatrix_game-default.tcl'
10:55:12 INFO  : Checking for BSP changes to sync application flags for project 'LEDMATRIX_GAME'...
10:55:18 INFO  : Disconnected from the channel tcfchan#7.
10:55:19 INFO  : Connected to target on host '127.0.0.1' and port '3121'.
10:55:20 INFO  : Jtag cable 'Avnet MiniZed V1 1234-oj1A' is selected.
10:55:20 INFO  : 'jtag frequency' command is executed.
10:55:20 INFO  : Context for 'APU' is selected.
10:55:20 INFO  : System reset is completed.
10:55:23 INFO  : 'after 3000' command is executed.
10:55:23 INFO  : 'targets -set -filter {jtag_cable_name =~ "Avnet MiniZed V1 1234-oj1A" && level==0} -index 1' command is executed.
10:55:25 INFO  : FPGA configured successfully with bitstream "C:/LEDMATRIX_GAME/LEDMATRIX_PROJECT/VITIS_GAME/LEDMATRIX_GAME/_ide/bitstream/design_1_wrapper.bit"
10:55:25 INFO  : Context for 'APU' is selected.
10:55:25 INFO  : Hardware design information is loaded from 'C:/LEDMATRIX_GAME/LEDMATRIX_PROJECT/VITIS_GAME/design_1_wrapper/export/design_1_wrapper/hw/design_1_wrapper.xsa'.
10:55:25 INFO  : 'configparams force-mem-access 1' command is executed.
10:55:25 INFO  : Context for 'APU' is selected.
10:55:25 INFO  : Sourcing of 'C:/LEDMATRIX_GAME/LEDMATRIX_PROJECT/VITIS_GAME/LEDMATRIX_GAME/_ide/psinit/ps7_init.tcl' is done.
10:55:26 INFO  : 'ps7_init' command is executed.
10:55:26 INFO  : 'ps7_post_config' command is executed.
10:55:26 INFO  : Context for processor 'ps7_cortexa9_0' is selected.
10:55:26 INFO  : The application 'C:/LEDMATRIX_GAME/LEDMATRIX_PROJECT/VITIS_GAME/LEDMATRIX_GAME/Debug/LEDMATRIX_GAME.elf' is downloaded to processor 'ps7_cortexa9_0'.
10:55:26 INFO  : 'configparams force-mem-access 0' command is executed.
10:55:26 INFO  : ----------------XSDB Script----------------
connect -url tcp:127.0.0.1:3121
targets -set -nocase -filter {name =~"APU*"}
rst -system
after 3000
targets -set -filter {jtag_cable_name =~ "Avnet MiniZed V1 1234-oj1A" && level==0} -index 1
fpga -file C:/LEDMATRIX_GAME/LEDMATRIX_PROJECT/VITIS_GAME/LEDMATRIX_GAME/_ide/bitstream/design_1_wrapper.bit
targets -set -nocase -filter {name =~"APU*"}
loadhw -hw C:/LEDMATRIX_GAME/LEDMATRIX_PROJECT/VITIS_GAME/design_1_wrapper/export/design_1_wrapper/hw/design_1_wrapper.xsa -mem-ranges [list {0x40000000 0xbfffffff}]
configparams force-mem-access 1
targets -set -nocase -filter {name =~"APU*"}
source C:/LEDMATRIX_GAME/LEDMATRIX_PROJECT/VITIS_GAME/LEDMATRIX_GAME/_ide/psinit/ps7_init.tcl
ps7_init
ps7_post_config
targets -set -nocase -filter {name =~ "*A9*#0"}
dow C:/LEDMATRIX_GAME/LEDMATRIX_PROJECT/VITIS_GAME/LEDMATRIX_GAME/Debug/LEDMATRIX_GAME.elf
configparams force-mem-access 0
----------------End of Script----------------

10:55:26 INFO  : Memory regions updated for context APU
10:55:26 INFO  : Context for processor 'ps7_cortexa9_0' is selected.
10:55:26 INFO  : 'con' command is executed.
10:55:26 INFO  : ----------------XSDB Script (After Launch)----------------
targets -set -nocase -filter {name =~ "*A9*#0"}
con
----------------End of Script----------------

10:55:26 INFO  : Launch script is exported to file 'C:\LEDMATRIX_GAME\LEDMATRIX_PROJECT\VITIS_GAME\.sdk\launch_scripts\single_application_debug\debugger_ledmatrix_game-default.tcl'
10:57:28 INFO  : Checking for BSP changes to sync application flags for project 'LEDMATRIX_GAME'...
10:57:34 INFO  : Disconnected from the channel tcfchan#8.
10:57:35 INFO  : Connected to target on host '127.0.0.1' and port '3121'.
10:57:35 INFO  : Jtag cable 'Avnet MiniZed V1 1234-oj1A' is selected.
10:57:35 INFO  : 'jtag frequency' command is executed.
10:57:35 INFO  : Context for 'APU' is selected.
10:57:36 INFO  : System reset is completed.
10:57:39 INFO  : 'after 3000' command is executed.
10:57:39 INFO  : 'targets -set -filter {jtag_cable_name =~ "Avnet MiniZed V1 1234-oj1A" && level==0} -index 1' command is executed.
10:57:40 INFO  : FPGA configured successfully with bitstream "C:/LEDMATRIX_GAME/LEDMATRIX_PROJECT/VITIS_GAME/LEDMATRIX_GAME/_ide/bitstream/design_1_wrapper.bit"
10:57:40 INFO  : Context for 'APU' is selected.
10:57:40 INFO  : Hardware design information is loaded from 'C:/LEDMATRIX_GAME/LEDMATRIX_PROJECT/VITIS_GAME/design_1_wrapper/export/design_1_wrapper/hw/design_1_wrapper.xsa'.
10:57:40 INFO  : 'configparams force-mem-access 1' command is executed.
10:57:40 INFO  : Context for 'APU' is selected.
10:57:40 INFO  : Sourcing of 'C:/LEDMATRIX_GAME/LEDMATRIX_PROJECT/VITIS_GAME/LEDMATRIX_GAME/_ide/psinit/ps7_init.tcl' is done.
10:57:41 INFO  : 'ps7_init' command is executed.
10:57:41 INFO  : 'ps7_post_config' command is executed.
10:57:41 INFO  : Context for processor 'ps7_cortexa9_0' is selected.
10:57:41 INFO  : The application 'C:/LEDMATRIX_GAME/LEDMATRIX_PROJECT/VITIS_GAME/LEDMATRIX_GAME/Debug/LEDMATRIX_GAME.elf' is downloaded to processor 'ps7_cortexa9_0'.
10:57:41 INFO  : 'configparams force-mem-access 0' command is executed.
10:57:41 INFO  : ----------------XSDB Script----------------
connect -url tcp:127.0.0.1:3121
targets -set -nocase -filter {name =~"APU*"}
rst -system
after 3000
targets -set -filter {jtag_cable_name =~ "Avnet MiniZed V1 1234-oj1A" && level==0} -index 1
fpga -file C:/LEDMATRIX_GAME/LEDMATRIX_PROJECT/VITIS_GAME/LEDMATRIX_GAME/_ide/bitstream/design_1_wrapper.bit
targets -set -nocase -filter {name =~"APU*"}
loadhw -hw C:/LEDMATRIX_GAME/LEDMATRIX_PROJECT/VITIS_GAME/design_1_wrapper/export/design_1_wrapper/hw/design_1_wrapper.xsa -mem-ranges [list {0x40000000 0xbfffffff}]
configparams force-mem-access 1
targets -set -nocase -filter {name =~"APU*"}
source C:/LEDMATRIX_GAME/LEDMATRIX_PROJECT/VITIS_GAME/LEDMATRIX_GAME/_ide/psinit/ps7_init.tcl
ps7_init
ps7_post_config
targets -set -nocase -filter {name =~ "*A9*#0"}
dow C:/LEDMATRIX_GAME/LEDMATRIX_PROJECT/VITIS_GAME/LEDMATRIX_GAME/Debug/LEDMATRIX_GAME.elf
configparams force-mem-access 0
----------------End of Script----------------

10:57:42 INFO  : Memory regions updated for context APU
10:57:42 INFO  : Context for processor 'ps7_cortexa9_0' is selected.
10:57:42 INFO  : 'con' command is executed.
10:57:42 INFO  : ----------------XSDB Script (After Launch)----------------
targets -set -nocase -filter {name =~ "*A9*#0"}
con
----------------End of Script----------------

10:57:42 INFO  : Launch script is exported to file 'C:\LEDMATRIX_GAME\LEDMATRIX_PROJECT\VITIS_GAME\.sdk\launch_scripts\single_application_debug\debugger_ledmatrix_game-default.tcl'
11:01:19 INFO  : Checking for BSP changes to sync application flags for project 'LEDMATRIX_GAME'...
11:01:24 INFO  : Disconnected from the channel tcfchan#9.
11:01:25 INFO  : Connected to target on host '127.0.0.1' and port '3121'.
11:01:26 INFO  : Jtag cable 'Avnet MiniZed V1 1234-oj1A' is selected.
11:01:26 INFO  : 'jtag frequency' command is executed.
11:01:26 INFO  : Context for 'APU' is selected.
11:01:26 INFO  : System reset is completed.
11:01:29 INFO  : 'after 3000' command is executed.
11:01:29 INFO  : 'targets -set -filter {jtag_cable_name =~ "Avnet MiniZed V1 1234-oj1A" && level==0} -index 1' command is executed.
11:01:31 INFO  : FPGA configured successfully with bitstream "C:/LEDMATRIX_GAME/LEDMATRIX_PROJECT/VITIS_GAME/LEDMATRIX_GAME/_ide/bitstream/design_1_wrapper.bit"
11:01:31 INFO  : Context for 'APU' is selected.
11:01:31 INFO  : Hardware design information is loaded from 'C:/LEDMATRIX_GAME/LEDMATRIX_PROJECT/VITIS_GAME/design_1_wrapper/export/design_1_wrapper/hw/design_1_wrapper.xsa'.
11:01:31 INFO  : 'configparams force-mem-access 1' command is executed.
11:01:31 INFO  : Context for 'APU' is selected.
11:01:31 INFO  : Sourcing of 'C:/LEDMATRIX_GAME/LEDMATRIX_PROJECT/VITIS_GAME/LEDMATRIX_GAME/_ide/psinit/ps7_init.tcl' is done.
11:01:32 INFO  : 'ps7_init' command is executed.
11:01:32 INFO  : 'ps7_post_config' command is executed.
11:01:32 INFO  : Context for processor 'ps7_cortexa9_0' is selected.
11:01:32 INFO  : The application 'C:/LEDMATRIX_GAME/LEDMATRIX_PROJECT/VITIS_GAME/LEDMATRIX_GAME/Debug/LEDMATRIX_GAME.elf' is downloaded to processor 'ps7_cortexa9_0'.
11:01:32 INFO  : 'configparams force-mem-access 0' command is executed.
11:01:32 INFO  : ----------------XSDB Script----------------
connect -url tcp:127.0.0.1:3121
targets -set -nocase -filter {name =~"APU*"}
rst -system
after 3000
targets -set -filter {jtag_cable_name =~ "Avnet MiniZed V1 1234-oj1A" && level==0} -index 1
fpga -file C:/LEDMATRIX_GAME/LEDMATRIX_PROJECT/VITIS_GAME/LEDMATRIX_GAME/_ide/bitstream/design_1_wrapper.bit
targets -set -nocase -filter {name =~"APU*"}
loadhw -hw C:/LEDMATRIX_GAME/LEDMATRIX_PROJECT/VITIS_GAME/design_1_wrapper/export/design_1_wrapper/hw/design_1_wrapper.xsa -mem-ranges [list {0x40000000 0xbfffffff}]
configparams force-mem-access 1
targets -set -nocase -filter {name =~"APU*"}
source C:/LEDMATRIX_GAME/LEDMATRIX_PROJECT/VITIS_GAME/LEDMATRIX_GAME/_ide/psinit/ps7_init.tcl
ps7_init
ps7_post_config
targets -set -nocase -filter {name =~ "*A9*#0"}
dow C:/LEDMATRIX_GAME/LEDMATRIX_PROJECT/VITIS_GAME/LEDMATRIX_GAME/Debug/LEDMATRIX_GAME.elf
configparams force-mem-access 0
----------------End of Script----------------

11:01:32 INFO  : Memory regions updated for context APU
11:01:33 INFO  : Context for processor 'ps7_cortexa9_0' is selected.
11:01:33 INFO  : 'con' command is executed.
11:01:33 INFO  : ----------------XSDB Script (After Launch)----------------
targets -set -nocase -filter {name =~ "*A9*#0"}
con
----------------End of Script----------------

11:01:33 INFO  : Launch script is exported to file 'C:\LEDMATRIX_GAME\LEDMATRIX_PROJECT\VITIS_GAME\.sdk\launch_scripts\single_application_debug\debugger_ledmatrix_game-default.tcl'
11:02:21 INFO  : Checking for BSP changes to sync application flags for project 'LEDMATRIX_GAME'...
11:02:26 INFO  : Disconnected from the channel tcfchan#10.
11:02:27 INFO  : Connected to target on host '127.0.0.1' and port '3121'.
11:02:28 INFO  : Jtag cable 'Avnet MiniZed V1 1234-oj1A' is selected.
11:02:28 INFO  : 'jtag frequency' command is executed.
11:02:28 INFO  : Context for 'APU' is selected.
11:02:28 INFO  : System reset is completed.
11:02:31 INFO  : 'after 3000' command is executed.
11:02:32 INFO  : 'targets -set -filter {jtag_cable_name =~ "Avnet MiniZed V1 1234-oj1A" && level==0} -index 1' command is executed.
11:02:33 INFO  : FPGA configured successfully with bitstream "C:/LEDMATRIX_GAME/LEDMATRIX_PROJECT/VITIS_GAME/LEDMATRIX_GAME/_ide/bitstream/design_1_wrapper.bit"
11:02:33 INFO  : Context for 'APU' is selected.
11:02:33 INFO  : Hardware design information is loaded from 'C:/LEDMATRIX_GAME/LEDMATRIX_PROJECT/VITIS_GAME/design_1_wrapper/export/design_1_wrapper/hw/design_1_wrapper.xsa'.
11:02:33 INFO  : 'configparams force-mem-access 1' command is executed.
11:02:33 INFO  : Context for 'APU' is selected.
11:02:33 INFO  : Sourcing of 'C:/LEDMATRIX_GAME/LEDMATRIX_PROJECT/VITIS_GAME/LEDMATRIX_GAME/_ide/psinit/ps7_init.tcl' is done.
11:02:34 INFO  : 'ps7_init' command is executed.
11:02:34 INFO  : 'ps7_post_config' command is executed.
11:02:34 INFO  : Context for processor 'ps7_cortexa9_0' is selected.
11:02:34 INFO  : The application 'C:/LEDMATRIX_GAME/LEDMATRIX_PROJECT/VITIS_GAME/LEDMATRIX_GAME/Debug/LEDMATRIX_GAME.elf' is downloaded to processor 'ps7_cortexa9_0'.
11:02:34 INFO  : 'configparams force-mem-access 0' command is executed.
11:02:34 INFO  : ----------------XSDB Script----------------
connect -url tcp:127.0.0.1:3121
targets -set -nocase -filter {name =~"APU*"}
rst -system
after 3000
targets -set -filter {jtag_cable_name =~ "Avnet MiniZed V1 1234-oj1A" && level==0} -index 1
fpga -file C:/LEDMATRIX_GAME/LEDMATRIX_PROJECT/VITIS_GAME/LEDMATRIX_GAME/_ide/bitstream/design_1_wrapper.bit
targets -set -nocase -filter {name =~"APU*"}
loadhw -hw C:/LEDMATRIX_GAME/LEDMATRIX_PROJECT/VITIS_GAME/design_1_wrapper/export/design_1_wrapper/hw/design_1_wrapper.xsa -mem-ranges [list {0x40000000 0xbfffffff}]
configparams force-mem-access 1
targets -set -nocase -filter {name =~"APU*"}
source C:/LEDMATRIX_GAME/LEDMATRIX_PROJECT/VITIS_GAME/LEDMATRIX_GAME/_ide/psinit/ps7_init.tcl
ps7_init
ps7_post_config
targets -set -nocase -filter {name =~ "*A9*#0"}
dow C:/LEDMATRIX_GAME/LEDMATRIX_PROJECT/VITIS_GAME/LEDMATRIX_GAME/Debug/LEDMATRIX_GAME.elf
configparams force-mem-access 0
----------------End of Script----------------

11:02:34 INFO  : Memory regions updated for context APU
11:02:35 INFO  : Context for processor 'ps7_cortexa9_0' is selected.
11:02:35 INFO  : 'con' command is executed.
11:02:35 INFO  : ----------------XSDB Script (After Launch)----------------
targets -set -nocase -filter {name =~ "*A9*#0"}
con
----------------End of Script----------------

11:02:35 INFO  : Launch script is exported to file 'C:\LEDMATRIX_GAME\LEDMATRIX_PROJECT\VITIS_GAME\.sdk\launch_scripts\single_application_debug\debugger_ledmatrix_game-default.tcl'
11:03:01 INFO  : Checking for BSP changes to sync application flags for project 'LEDMATRIX_GAME'...
11:03:07 INFO  : Disconnected from the channel tcfchan#11.
11:03:08 INFO  : Connected to target on host '127.0.0.1' and port '3121'.
11:03:09 INFO  : Jtag cable 'Avnet MiniZed V1 1234-oj1A' is selected.
11:03:09 INFO  : 'jtag frequency' command is executed.
11:03:09 INFO  : Context for 'APU' is selected.
11:03:09 INFO  : System reset is completed.
11:03:12 INFO  : 'after 3000' command is executed.
11:03:12 INFO  : 'targets -set -filter {jtag_cable_name =~ "Avnet MiniZed V1 1234-oj1A" && level==0} -index 1' command is executed.
11:03:13 INFO  : FPGA configured successfully with bitstream "C:/LEDMATRIX_GAME/LEDMATRIX_PROJECT/VITIS_GAME/LEDMATRIX_GAME/_ide/bitstream/design_1_wrapper.bit"
11:03:14 INFO  : Context for 'APU' is selected.
11:03:14 INFO  : Hardware design information is loaded from 'C:/LEDMATRIX_GAME/LEDMATRIX_PROJECT/VITIS_GAME/design_1_wrapper/export/design_1_wrapper/hw/design_1_wrapper.xsa'.
11:03:14 INFO  : 'configparams force-mem-access 1' command is executed.
11:03:14 INFO  : Context for 'APU' is selected.
11:03:14 INFO  : Sourcing of 'C:/LEDMATRIX_GAME/LEDMATRIX_PROJECT/VITIS_GAME/LEDMATRIX_GAME/_ide/psinit/ps7_init.tcl' is done.
11:03:14 INFO  : 'ps7_init' command is executed.
11:03:14 INFO  : 'ps7_post_config' command is executed.
11:03:15 INFO  : Context for processor 'ps7_cortexa9_0' is selected.
11:03:15 INFO  : The application 'C:/LEDMATRIX_GAME/LEDMATRIX_PROJECT/VITIS_GAME/LEDMATRIX_GAME/Debug/LEDMATRIX_GAME.elf' is downloaded to processor 'ps7_cortexa9_0'.
11:03:15 INFO  : 'configparams force-mem-access 0' command is executed.
11:03:15 INFO  : ----------------XSDB Script----------------
connect -url tcp:127.0.0.1:3121
targets -set -nocase -filter {name =~"APU*"}
rst -system
after 3000
targets -set -filter {jtag_cable_name =~ "Avnet MiniZed V1 1234-oj1A" && level==0} -index 1
fpga -file C:/LEDMATRIX_GAME/LEDMATRIX_PROJECT/VITIS_GAME/LEDMATRIX_GAME/_ide/bitstream/design_1_wrapper.bit
targets -set -nocase -filter {name =~"APU*"}
loadhw -hw C:/LEDMATRIX_GAME/LEDMATRIX_PROJECT/VITIS_GAME/design_1_wrapper/export/design_1_wrapper/hw/design_1_wrapper.xsa -mem-ranges [list {0x40000000 0xbfffffff}]
configparams force-mem-access 1
targets -set -nocase -filter {name =~"APU*"}
source C:/LEDMATRIX_GAME/LEDMATRIX_PROJECT/VITIS_GAME/LEDMATRIX_GAME/_ide/psinit/ps7_init.tcl
ps7_init
ps7_post_config
targets -set -nocase -filter {name =~ "*A9*#0"}
dow C:/LEDMATRIX_GAME/LEDMATRIX_PROJECT/VITIS_GAME/LEDMATRIX_GAME/Debug/LEDMATRIX_GAME.elf
configparams force-mem-access 0
----------------End of Script----------------

11:03:15 INFO  : Memory regions updated for context APU
11:03:15 INFO  : Context for processor 'ps7_cortexa9_0' is selected.
11:03:15 INFO  : 'con' command is executed.
11:03:15 INFO  : ----------------XSDB Script (After Launch)----------------
targets -set -nocase -filter {name =~ "*A9*#0"}
con
----------------End of Script----------------

11:03:15 INFO  : Launch script is exported to file 'C:\LEDMATRIX_GAME\LEDMATRIX_PROJECT\VITIS_GAME\.sdk\launch_scripts\single_application_debug\debugger_ledmatrix_game-default.tcl'
11:06:39 INFO  : Checking for BSP changes to sync application flags for project 'LEDMATRIX_GAME'...
11:06:45 INFO  : Disconnected from the channel tcfchan#12.
11:06:46 INFO  : Connected to target on host '127.0.0.1' and port '3121'.
11:06:47 INFO  : Jtag cable 'Avnet MiniZed V1 1234-oj1A' is selected.
11:06:47 INFO  : 'jtag frequency' command is executed.
11:06:47 INFO  : Context for 'APU' is selected.
11:06:47 INFO  : System reset is completed.
11:06:50 INFO  : 'after 3000' command is executed.
11:06:50 INFO  : 'targets -set -filter {jtag_cable_name =~ "Avnet MiniZed V1 1234-oj1A" && level==0} -index 1' command is executed.
11:06:51 INFO  : FPGA configured successfully with bitstream "C:/LEDMATRIX_GAME/LEDMATRIX_PROJECT/VITIS_GAME/LEDMATRIX_GAME/_ide/bitstream/design_1_wrapper.bit"
11:06:51 INFO  : Context for 'APU' is selected.
11:06:51 INFO  : Hardware design information is loaded from 'C:/LEDMATRIX_GAME/LEDMATRIX_PROJECT/VITIS_GAME/design_1_wrapper/export/design_1_wrapper/hw/design_1_wrapper.xsa'.
11:06:51 INFO  : 'configparams force-mem-access 1' command is executed.
11:06:52 INFO  : Context for 'APU' is selected.
11:06:52 INFO  : Sourcing of 'C:/LEDMATRIX_GAME/LEDMATRIX_PROJECT/VITIS_GAME/LEDMATRIX_GAME/_ide/psinit/ps7_init.tcl' is done.
11:06:52 INFO  : 'ps7_init' command is executed.
11:06:52 INFO  : 'ps7_post_config' command is executed.
11:06:52 INFO  : Context for processor 'ps7_cortexa9_0' is selected.
11:06:53 INFO  : The application 'C:/LEDMATRIX_GAME/LEDMATRIX_PROJECT/VITIS_GAME/LEDMATRIX_GAME/Debug/LEDMATRIX_GAME.elf' is downloaded to processor 'ps7_cortexa9_0'.
11:06:53 INFO  : 'configparams force-mem-access 0' command is executed.
11:06:53 INFO  : ----------------XSDB Script----------------
connect -url tcp:127.0.0.1:3121
targets -set -nocase -filter {name =~"APU*"}
rst -system
after 3000
targets -set -filter {jtag_cable_name =~ "Avnet MiniZed V1 1234-oj1A" && level==0} -index 1
fpga -file C:/LEDMATRIX_GAME/LEDMATRIX_PROJECT/VITIS_GAME/LEDMATRIX_GAME/_ide/bitstream/design_1_wrapper.bit
targets -set -nocase -filter {name =~"APU*"}
loadhw -hw C:/LEDMATRIX_GAME/LEDMATRIX_PROJECT/VITIS_GAME/design_1_wrapper/export/design_1_wrapper/hw/design_1_wrapper.xsa -mem-ranges [list {0x40000000 0xbfffffff}]
configparams force-mem-access 1
targets -set -nocase -filter {name =~"APU*"}
source C:/LEDMATRIX_GAME/LEDMATRIX_PROJECT/VITIS_GAME/LEDMATRIX_GAME/_ide/psinit/ps7_init.tcl
ps7_init
ps7_post_config
targets -set -nocase -filter {name =~ "*A9*#0"}
dow C:/LEDMATRIX_GAME/LEDMATRIX_PROJECT/VITIS_GAME/LEDMATRIX_GAME/Debug/LEDMATRIX_GAME.elf
configparams force-mem-access 0
----------------End of Script----------------

11:06:53 INFO  : Memory regions updated for context APU
11:06:53 INFO  : Context for processor 'ps7_cortexa9_0' is selected.
11:06:53 INFO  : 'con' command is executed.
11:06:53 INFO  : ----------------XSDB Script (After Launch)----------------
targets -set -nocase -filter {name =~ "*A9*#0"}
con
----------------End of Script----------------

11:06:53 INFO  : Launch script is exported to file 'C:\LEDMATRIX_GAME\LEDMATRIX_PROJECT\VITIS_GAME\.sdk\launch_scripts\single_application_debug\debugger_ledmatrix_game-default.tcl'
11:07:46 INFO  : Checking for BSP changes to sync application flags for project 'LEDMATRIX_GAME'...
11:07:52 INFO  : Disconnected from the channel tcfchan#13.
11:07:53 INFO  : Connected to target on host '127.0.0.1' and port '3121'.
11:07:54 INFO  : Jtag cable 'Avnet MiniZed V1 1234-oj1A' is selected.
11:07:54 INFO  : 'jtag frequency' command is executed.
11:07:54 INFO  : Context for 'APU' is selected.
11:07:54 INFO  : System reset is completed.
11:07:57 INFO  : 'after 3000' command is executed.
11:07:57 INFO  : 'targets -set -filter {jtag_cable_name =~ "Avnet MiniZed V1 1234-oj1A" && level==0} -index 1' command is executed.
11:07:59 INFO  : FPGA configured successfully with bitstream "C:/LEDMATRIX_GAME/LEDMATRIX_PROJECT/VITIS_GAME/LEDMATRIX_GAME/_ide/bitstream/design_1_wrapper.bit"
11:07:59 INFO  : Context for 'APU' is selected.
11:07:59 INFO  : Hardware design information is loaded from 'C:/LEDMATRIX_GAME/LEDMATRIX_PROJECT/VITIS_GAME/design_1_wrapper/export/design_1_wrapper/hw/design_1_wrapper.xsa'.
11:07:59 INFO  : 'configparams force-mem-access 1' command is executed.
11:07:59 INFO  : Context for 'APU' is selected.
11:07:59 INFO  : Sourcing of 'C:/LEDMATRIX_GAME/LEDMATRIX_PROJECT/VITIS_GAME/LEDMATRIX_GAME/_ide/psinit/ps7_init.tcl' is done.
11:08:00 INFO  : 'ps7_init' command is executed.
11:08:00 INFO  : 'ps7_post_config' command is executed.
11:08:00 INFO  : Context for processor 'ps7_cortexa9_0' is selected.
11:08:00 INFO  : The application 'C:/LEDMATRIX_GAME/LEDMATRIX_PROJECT/VITIS_GAME/LEDMATRIX_GAME/Debug/LEDMATRIX_GAME.elf' is downloaded to processor 'ps7_cortexa9_0'.
11:08:00 INFO  : 'configparams force-mem-access 0' command is executed.
11:08:00 INFO  : ----------------XSDB Script----------------
connect -url tcp:127.0.0.1:3121
targets -set -nocase -filter {name =~"APU*"}
rst -system
after 3000
targets -set -filter {jtag_cable_name =~ "Avnet MiniZed V1 1234-oj1A" && level==0} -index 1
fpga -file C:/LEDMATRIX_GAME/LEDMATRIX_PROJECT/VITIS_GAME/LEDMATRIX_GAME/_ide/bitstream/design_1_wrapper.bit
targets -set -nocase -filter {name =~"APU*"}
loadhw -hw C:/LEDMATRIX_GAME/LEDMATRIX_PROJECT/VITIS_GAME/design_1_wrapper/export/design_1_wrapper/hw/design_1_wrapper.xsa -mem-ranges [list {0x40000000 0xbfffffff}]
configparams force-mem-access 1
targets -set -nocase -filter {name =~"APU*"}
source C:/LEDMATRIX_GAME/LEDMATRIX_PROJECT/VITIS_GAME/LEDMATRIX_GAME/_ide/psinit/ps7_init.tcl
ps7_init
ps7_post_config
targets -set -nocase -filter {name =~ "*A9*#0"}
dow C:/LEDMATRIX_GAME/LEDMATRIX_PROJECT/VITIS_GAME/LEDMATRIX_GAME/Debug/LEDMATRIX_GAME.elf
configparams force-mem-access 0
----------------End of Script----------------

11:08:00 INFO  : Memory regions updated for context APU
11:08:00 INFO  : Context for processor 'ps7_cortexa9_0' is selected.
11:08:01 INFO  : 'con' command is executed.
11:08:01 INFO  : ----------------XSDB Script (After Launch)----------------
targets -set -nocase -filter {name =~ "*A9*#0"}
con
----------------End of Script----------------

11:08:01 INFO  : Launch script is exported to file 'C:\LEDMATRIX_GAME\LEDMATRIX_PROJECT\VITIS_GAME\.sdk\launch_scripts\single_application_debug\debugger_ledmatrix_game-default.tcl'
11:08:13 INFO  : Checking for BSP changes to sync application flags for project 'LEDMATRIX_GAME'...
11:08:18 INFO  : Disconnected from the channel tcfchan#14.
11:08:19 INFO  : Connected to target on host '127.0.0.1' and port '3121'.
11:08:20 INFO  : Jtag cable 'Avnet MiniZed V1 1234-oj1A' is selected.
11:08:20 INFO  : 'jtag frequency' command is executed.
11:08:20 INFO  : Context for 'APU' is selected.
11:08:20 INFO  : System reset is completed.
11:08:23 INFO  : 'after 3000' command is executed.
11:08:24 INFO  : 'targets -set -filter {jtag_cable_name =~ "Avnet MiniZed V1 1234-oj1A" && level==0} -index 1' command is executed.
11:08:25 INFO  : FPGA configured successfully with bitstream "C:/LEDMATRIX_GAME/LEDMATRIX_PROJECT/VITIS_GAME/LEDMATRIX_GAME/_ide/bitstream/design_1_wrapper.bit"
11:08:25 INFO  : Context for 'APU' is selected.
11:08:25 INFO  : Hardware design information is loaded from 'C:/LEDMATRIX_GAME/LEDMATRIX_PROJECT/VITIS_GAME/design_1_wrapper/export/design_1_wrapper/hw/design_1_wrapper.xsa'.
11:08:25 INFO  : 'configparams force-mem-access 1' command is executed.
11:08:25 INFO  : Context for 'APU' is selected.
11:08:25 INFO  : Sourcing of 'C:/LEDMATRIX_GAME/LEDMATRIX_PROJECT/VITIS_GAME/LEDMATRIX_GAME/_ide/psinit/ps7_init.tcl' is done.
11:08:26 INFO  : 'ps7_init' command is executed.
11:08:26 INFO  : 'ps7_post_config' command is executed.
11:08:26 INFO  : Context for processor 'ps7_cortexa9_0' is selected.
11:08:26 INFO  : The application 'C:/LEDMATRIX_GAME/LEDMATRIX_PROJECT/VITIS_GAME/LEDMATRIX_GAME/Debug/LEDMATRIX_GAME.elf' is downloaded to processor 'ps7_cortexa9_0'.
11:08:26 INFO  : 'configparams force-mem-access 0' command is executed.
11:08:26 INFO  : ----------------XSDB Script----------------
connect -url tcp:127.0.0.1:3121
targets -set -nocase -filter {name =~"APU*"}
rst -system
after 3000
targets -set -filter {jtag_cable_name =~ "Avnet MiniZed V1 1234-oj1A" && level==0} -index 1
fpga -file C:/LEDMATRIX_GAME/LEDMATRIX_PROJECT/VITIS_GAME/LEDMATRIX_GAME/_ide/bitstream/design_1_wrapper.bit
targets -set -nocase -filter {name =~"APU*"}
loadhw -hw C:/LEDMATRIX_GAME/LEDMATRIX_PROJECT/VITIS_GAME/design_1_wrapper/export/design_1_wrapper/hw/design_1_wrapper.xsa -mem-ranges [list {0x40000000 0xbfffffff}]
configparams force-mem-access 1
targets -set -nocase -filter {name =~"APU*"}
source C:/LEDMATRIX_GAME/LEDMATRIX_PROJECT/VITIS_GAME/LEDMATRIX_GAME/_ide/psinit/ps7_init.tcl
ps7_init
ps7_post_config
targets -set -nocase -filter {name =~ "*A9*#0"}
dow C:/LEDMATRIX_GAME/LEDMATRIX_PROJECT/VITIS_GAME/LEDMATRIX_GAME/Debug/LEDMATRIX_GAME.elf
configparams force-mem-access 0
----------------End of Script----------------

11:08:26 INFO  : Memory regions updated for context APU
11:08:27 INFO  : Context for processor 'ps7_cortexa9_0' is selected.
11:08:27 INFO  : 'con' command is executed.
11:08:27 INFO  : ----------------XSDB Script (After Launch)----------------
targets -set -nocase -filter {name =~ "*A9*#0"}
con
----------------End of Script----------------

11:08:27 INFO  : Launch script is exported to file 'C:\LEDMATRIX_GAME\LEDMATRIX_PROJECT\VITIS_GAME\.sdk\launch_scripts\single_application_debug\debugger_ledmatrix_game-default.tcl'
11:08:41 INFO  : Checking for BSP changes to sync application flags for project 'LEDMATRIX_GAME'...
11:08:47 INFO  : Disconnected from the channel tcfchan#15.
11:08:48 INFO  : Connected to target on host '127.0.0.1' and port '3121'.
11:08:49 INFO  : Jtag cable 'Avnet MiniZed V1 1234-oj1A' is selected.
11:08:49 INFO  : 'jtag frequency' command is executed.
11:08:49 INFO  : Context for 'APU' is selected.
11:08:49 INFO  : System reset is completed.
11:08:52 INFO  : 'after 3000' command is executed.
11:08:52 INFO  : 'targets -set -filter {jtag_cable_name =~ "Avnet MiniZed V1 1234-oj1A" && level==0} -index 1' command is executed.
11:08:53 INFO  : FPGA configured successfully with bitstream "C:/LEDMATRIX_GAME/LEDMATRIX_PROJECT/VITIS_GAME/LEDMATRIX_GAME/_ide/bitstream/design_1_wrapper.bit"
11:08:54 INFO  : Context for 'APU' is selected.
11:08:54 INFO  : Hardware design information is loaded from 'C:/LEDMATRIX_GAME/LEDMATRIX_PROJECT/VITIS_GAME/design_1_wrapper/export/design_1_wrapper/hw/design_1_wrapper.xsa'.
11:08:54 INFO  : 'configparams force-mem-access 1' command is executed.
11:08:54 INFO  : Context for 'APU' is selected.
11:08:54 INFO  : Sourcing of 'C:/LEDMATRIX_GAME/LEDMATRIX_PROJECT/VITIS_GAME/LEDMATRIX_GAME/_ide/psinit/ps7_init.tcl' is done.
11:08:54 INFO  : 'ps7_init' command is executed.
11:08:54 INFO  : 'ps7_post_config' command is executed.
11:08:54 INFO  : Context for processor 'ps7_cortexa9_0' is selected.
11:08:55 INFO  : The application 'C:/LEDMATRIX_GAME/LEDMATRIX_PROJECT/VITIS_GAME/LEDMATRIX_GAME/Debug/LEDMATRIX_GAME.elf' is downloaded to processor 'ps7_cortexa9_0'.
11:08:55 INFO  : 'configparams force-mem-access 0' command is executed.
11:08:55 INFO  : ----------------XSDB Script----------------
connect -url tcp:127.0.0.1:3121
targets -set -nocase -filter {name =~"APU*"}
rst -system
after 3000
targets -set -filter {jtag_cable_name =~ "Avnet MiniZed V1 1234-oj1A" && level==0} -index 1
fpga -file C:/LEDMATRIX_GAME/LEDMATRIX_PROJECT/VITIS_GAME/LEDMATRIX_GAME/_ide/bitstream/design_1_wrapper.bit
targets -set -nocase -filter {name =~"APU*"}
loadhw -hw C:/LEDMATRIX_GAME/LEDMATRIX_PROJECT/VITIS_GAME/design_1_wrapper/export/design_1_wrapper/hw/design_1_wrapper.xsa -mem-ranges [list {0x40000000 0xbfffffff}]
configparams force-mem-access 1
targets -set -nocase -filter {name =~"APU*"}
source C:/LEDMATRIX_GAME/LEDMATRIX_PROJECT/VITIS_GAME/LEDMATRIX_GAME/_ide/psinit/ps7_init.tcl
ps7_init
ps7_post_config
targets -set -nocase -filter {name =~ "*A9*#0"}
dow C:/LEDMATRIX_GAME/LEDMATRIX_PROJECT/VITIS_GAME/LEDMATRIX_GAME/Debug/LEDMATRIX_GAME.elf
configparams force-mem-access 0
----------------End of Script----------------

11:08:55 INFO  : Memory regions updated for context APU
11:08:55 INFO  : Context for processor 'ps7_cortexa9_0' is selected.
11:08:55 INFO  : 'con' command is executed.
11:08:55 INFO  : ----------------XSDB Script (After Launch)----------------
targets -set -nocase -filter {name =~ "*A9*#0"}
con
----------------End of Script----------------

11:08:55 INFO  : Launch script is exported to file 'C:\LEDMATRIX_GAME\LEDMATRIX_PROJECT\VITIS_GAME\.sdk\launch_scripts\single_application_debug\debugger_ledmatrix_game-default.tcl'
11:09:18 INFO  : Checking for BSP changes to sync application flags for project 'LEDMATRIX_GAME'...
11:09:24 INFO  : Disconnected from the channel tcfchan#16.
11:09:25 INFO  : Connected to target on host '127.0.0.1' and port '3121'.
11:09:25 INFO  : Jtag cable 'Avnet MiniZed V1 1234-oj1A' is selected.
11:09:25 INFO  : 'jtag frequency' command is executed.
11:09:26 INFO  : Context for 'APU' is selected.
11:09:26 INFO  : System reset is completed.
11:09:29 INFO  : 'after 3000' command is executed.
11:09:29 INFO  : 'targets -set -filter {jtag_cable_name =~ "Avnet MiniZed V1 1234-oj1A" && level==0} -index 1' command is executed.
11:09:30 INFO  : FPGA configured successfully with bitstream "C:/LEDMATRIX_GAME/LEDMATRIX_PROJECT/VITIS_GAME/LEDMATRIX_GAME/_ide/bitstream/design_1_wrapper.bit"
11:09:30 INFO  : Context for 'APU' is selected.
11:09:30 INFO  : Hardware design information is loaded from 'C:/LEDMATRIX_GAME/LEDMATRIX_PROJECT/VITIS_GAME/design_1_wrapper/export/design_1_wrapper/hw/design_1_wrapper.xsa'.
11:09:30 INFO  : 'configparams force-mem-access 1' command is executed.
11:09:30 INFO  : Context for 'APU' is selected.
11:09:30 INFO  : Sourcing of 'C:/LEDMATRIX_GAME/LEDMATRIX_PROJECT/VITIS_GAME/LEDMATRIX_GAME/_ide/psinit/ps7_init.tcl' is done.
11:09:31 INFO  : 'ps7_init' command is executed.
11:09:31 INFO  : 'ps7_post_config' command is executed.
11:09:31 INFO  : Context for processor 'ps7_cortexa9_0' is selected.
11:09:32 INFO  : The application 'C:/LEDMATRIX_GAME/LEDMATRIX_PROJECT/VITIS_GAME/LEDMATRIX_GAME/Debug/LEDMATRIX_GAME.elf' is downloaded to processor 'ps7_cortexa9_0'.
11:09:32 INFO  : 'configparams force-mem-access 0' command is executed.
11:09:32 INFO  : ----------------XSDB Script----------------
connect -url tcp:127.0.0.1:3121
targets -set -nocase -filter {name =~"APU*"}
rst -system
after 3000
targets -set -filter {jtag_cable_name =~ "Avnet MiniZed V1 1234-oj1A" && level==0} -index 1
fpga -file C:/LEDMATRIX_GAME/LEDMATRIX_PROJECT/VITIS_GAME/LEDMATRIX_GAME/_ide/bitstream/design_1_wrapper.bit
targets -set -nocase -filter {name =~"APU*"}
loadhw -hw C:/LEDMATRIX_GAME/LEDMATRIX_PROJECT/VITIS_GAME/design_1_wrapper/export/design_1_wrapper/hw/design_1_wrapper.xsa -mem-ranges [list {0x40000000 0xbfffffff}]
configparams force-mem-access 1
targets -set -nocase -filter {name =~"APU*"}
source C:/LEDMATRIX_GAME/LEDMATRIX_PROJECT/VITIS_GAME/LEDMATRIX_GAME/_ide/psinit/ps7_init.tcl
ps7_init
ps7_post_config
targets -set -nocase -filter {name =~ "*A9*#0"}
dow C:/LEDMATRIX_GAME/LEDMATRIX_PROJECT/VITIS_GAME/LEDMATRIX_GAME/Debug/LEDMATRIX_GAME.elf
configparams force-mem-access 0
----------------End of Script----------------

11:09:32 INFO  : Memory regions updated for context APU
11:09:32 INFO  : Context for processor 'ps7_cortexa9_0' is selected.
11:09:32 INFO  : 'con' command is executed.
11:09:32 INFO  : ----------------XSDB Script (After Launch)----------------
targets -set -nocase -filter {name =~ "*A9*#0"}
con
----------------End of Script----------------

11:09:32 INFO  : Launch script is exported to file 'C:\LEDMATRIX_GAME\LEDMATRIX_PROJECT\VITIS_GAME\.sdk\launch_scripts\single_application_debug\debugger_ledmatrix_game-default.tcl'
11:10:07 INFO  : Checking for BSP changes to sync application flags for project 'LEDMATRIX_GAME'...
11:10:15 INFO  : Disconnected from the channel tcfchan#17.
11:10:16 INFO  : Connected to target on host '127.0.0.1' and port '3121'.
11:10:17 INFO  : Jtag cable 'Avnet MiniZed V1 1234-oj1A' is selected.
11:10:17 INFO  : 'jtag frequency' command is executed.
11:10:17 INFO  : Context for 'APU' is selected.
11:10:17 INFO  : System reset is completed.
11:10:20 INFO  : 'after 3000' command is executed.
11:10:21 INFO  : 'targets -set -filter {jtag_cable_name =~ "Avnet MiniZed V1 1234-oj1A" && level==0} -index 1' command is executed.
11:10:22 INFO  : FPGA configured successfully with bitstream "C:/LEDMATRIX_GAME/LEDMATRIX_PROJECT/VITIS_GAME/LEDMATRIX_GAME/_ide/bitstream/design_1_wrapper.bit"
11:10:22 INFO  : Context for 'APU' is selected.
11:10:22 INFO  : Hardware design information is loaded from 'C:/LEDMATRIX_GAME/LEDMATRIX_PROJECT/VITIS_GAME/design_1_wrapper/export/design_1_wrapper/hw/design_1_wrapper.xsa'.
11:10:22 INFO  : 'configparams force-mem-access 1' command is executed.
11:10:22 INFO  : Context for 'APU' is selected.
11:10:22 INFO  : Sourcing of 'C:/LEDMATRIX_GAME/LEDMATRIX_PROJECT/VITIS_GAME/LEDMATRIX_GAME/_ide/psinit/ps7_init.tcl' is done.
11:10:23 INFO  : 'ps7_init' command is executed.
11:10:23 INFO  : 'ps7_post_config' command is executed.
11:10:23 INFO  : Context for processor 'ps7_cortexa9_0' is selected.
11:10:23 INFO  : The application 'C:/LEDMATRIX_GAME/LEDMATRIX_PROJECT/VITIS_GAME/LEDMATRIX_GAME/Debug/LEDMATRIX_GAME.elf' is downloaded to processor 'ps7_cortexa9_0'.
11:10:23 INFO  : 'configparams force-mem-access 0' command is executed.
11:10:23 INFO  : ----------------XSDB Script----------------
connect -url tcp:127.0.0.1:3121
targets -set -nocase -filter {name =~"APU*"}
rst -system
after 3000
targets -set -filter {jtag_cable_name =~ "Avnet MiniZed V1 1234-oj1A" && level==0} -index 1
fpga -file C:/LEDMATRIX_GAME/LEDMATRIX_PROJECT/VITIS_GAME/LEDMATRIX_GAME/_ide/bitstream/design_1_wrapper.bit
targets -set -nocase -filter {name =~"APU*"}
loadhw -hw C:/LEDMATRIX_GAME/LEDMATRIX_PROJECT/VITIS_GAME/design_1_wrapper/export/design_1_wrapper/hw/design_1_wrapper.xsa -mem-ranges [list {0x40000000 0xbfffffff}]
configparams force-mem-access 1
targets -set -nocase -filter {name =~"APU*"}
source C:/LEDMATRIX_GAME/LEDMATRIX_PROJECT/VITIS_GAME/LEDMATRIX_GAME/_ide/psinit/ps7_init.tcl
ps7_init
ps7_post_config
targets -set -nocase -filter {name =~ "*A9*#0"}
dow C:/LEDMATRIX_GAME/LEDMATRIX_PROJECT/VITIS_GAME/LEDMATRIX_GAME/Debug/LEDMATRIX_GAME.elf
configparams force-mem-access 0
----------------End of Script----------------

11:10:23 INFO  : Memory regions updated for context APU
11:10:23 INFO  : Context for processor 'ps7_cortexa9_0' is selected.
11:10:24 INFO  : 'con' command is executed.
11:10:24 INFO  : ----------------XSDB Script (After Launch)----------------
targets -set -nocase -filter {name =~ "*A9*#0"}
con
----------------End of Script----------------

11:10:24 INFO  : Launch script is exported to file 'C:\LEDMATRIX_GAME\LEDMATRIX_PROJECT\VITIS_GAME\.sdk\launch_scripts\single_application_debug\debugger_ledmatrix_game-default.tcl'
11:10:42 INFO  : Checking for BSP changes to sync application flags for project 'LEDMATRIX_GAME'...
11:10:48 INFO  : Disconnected from the channel tcfchan#18.
11:10:49 INFO  : Connected to target on host '127.0.0.1' and port '3121'.
11:10:50 INFO  : Jtag cable 'Avnet MiniZed V1 1234-oj1A' is selected.
11:10:50 INFO  : 'jtag frequency' command is executed.
11:10:50 INFO  : Context for 'APU' is selected.
11:10:50 INFO  : System reset is completed.
11:10:53 INFO  : 'after 3000' command is executed.
11:10:53 INFO  : 'targets -set -filter {jtag_cable_name =~ "Avnet MiniZed V1 1234-oj1A" && level==0} -index 1' command is executed.
11:10:54 INFO  : FPGA configured successfully with bitstream "C:/LEDMATRIX_GAME/LEDMATRIX_PROJECT/VITIS_GAME/LEDMATRIX_GAME/_ide/bitstream/design_1_wrapper.bit"
11:10:54 INFO  : Context for 'APU' is selected.
11:10:54 INFO  : Hardware design information is loaded from 'C:/LEDMATRIX_GAME/LEDMATRIX_PROJECT/VITIS_GAME/design_1_wrapper/export/design_1_wrapper/hw/design_1_wrapper.xsa'.
11:10:54 INFO  : 'configparams force-mem-access 1' command is executed.
11:10:54 INFO  : Context for 'APU' is selected.
11:10:54 INFO  : Sourcing of 'C:/LEDMATRIX_GAME/LEDMATRIX_PROJECT/VITIS_GAME/LEDMATRIX_GAME/_ide/psinit/ps7_init.tcl' is done.
11:10:55 INFO  : 'ps7_init' command is executed.
11:10:55 INFO  : 'ps7_post_config' command is executed.
11:10:55 INFO  : Context for processor 'ps7_cortexa9_0' is selected.
11:10:56 INFO  : The application 'C:/LEDMATRIX_GAME/LEDMATRIX_PROJECT/VITIS_GAME/LEDMATRIX_GAME/Debug/LEDMATRIX_GAME.elf' is downloaded to processor 'ps7_cortexa9_0'.
11:10:56 INFO  : 'configparams force-mem-access 0' command is executed.
11:10:56 INFO  : ----------------XSDB Script----------------
connect -url tcp:127.0.0.1:3121
targets -set -nocase -filter {name =~"APU*"}
rst -system
after 3000
targets -set -filter {jtag_cable_name =~ "Avnet MiniZed V1 1234-oj1A" && level==0} -index 1
fpga -file C:/LEDMATRIX_GAME/LEDMATRIX_PROJECT/VITIS_GAME/LEDMATRIX_GAME/_ide/bitstream/design_1_wrapper.bit
targets -set -nocase -filter {name =~"APU*"}
loadhw -hw C:/LEDMATRIX_GAME/LEDMATRIX_PROJECT/VITIS_GAME/design_1_wrapper/export/design_1_wrapper/hw/design_1_wrapper.xsa -mem-ranges [list {0x40000000 0xbfffffff}]
configparams force-mem-access 1
targets -set -nocase -filter {name =~"APU*"}
source C:/LEDMATRIX_GAME/LEDMATRIX_PROJECT/VITIS_GAME/LEDMATRIX_GAME/_ide/psinit/ps7_init.tcl
ps7_init
ps7_post_config
targets -set -nocase -filter {name =~ "*A9*#0"}
dow C:/LEDMATRIX_GAME/LEDMATRIX_PROJECT/VITIS_GAME/LEDMATRIX_GAME/Debug/LEDMATRIX_GAME.elf
configparams force-mem-access 0
----------------End of Script----------------

11:10:56 INFO  : Memory regions updated for context APU
11:10:56 INFO  : Context for processor 'ps7_cortexa9_0' is selected.
11:10:56 INFO  : 'con' command is executed.
11:10:56 INFO  : ----------------XSDB Script (After Launch)----------------
targets -set -nocase -filter {name =~ "*A9*#0"}
con
----------------End of Script----------------

11:10:56 INFO  : Launch script is exported to file 'C:\LEDMATRIX_GAME\LEDMATRIX_PROJECT\VITIS_GAME\.sdk\launch_scripts\single_application_debug\debugger_ledmatrix_game-default.tcl'
11:11:08 INFO  : Checking for BSP changes to sync application flags for project 'LEDMATRIX_GAME'...
11:11:14 INFO  : Disconnected from the channel tcfchan#19.
11:11:15 INFO  : Connected to target on host '127.0.0.1' and port '3121'.
11:11:16 INFO  : Jtag cable 'Avnet MiniZed V1 1234-oj1A' is selected.
11:11:16 INFO  : 'jtag frequency' command is executed.
11:11:16 INFO  : Context for 'APU' is selected.
11:11:16 INFO  : System reset is completed.
11:11:19 INFO  : 'after 3000' command is executed.
11:11:19 INFO  : 'targets -set -filter {jtag_cable_name =~ "Avnet MiniZed V1 1234-oj1A" && level==0} -index 1' command is executed.
11:11:20 INFO  : FPGA configured successfully with bitstream "C:/LEDMATRIX_GAME/LEDMATRIX_PROJECT/VITIS_GAME/LEDMATRIX_GAME/_ide/bitstream/design_1_wrapper.bit"
11:11:20 INFO  : Context for 'APU' is selected.
11:11:20 INFO  : Hardware design information is loaded from 'C:/LEDMATRIX_GAME/LEDMATRIX_PROJECT/VITIS_GAME/design_1_wrapper/export/design_1_wrapper/hw/design_1_wrapper.xsa'.
11:11:20 INFO  : 'configparams force-mem-access 1' command is executed.
11:11:21 INFO  : Context for 'APU' is selected.
11:11:21 INFO  : Sourcing of 'C:/LEDMATRIX_GAME/LEDMATRIX_PROJECT/VITIS_GAME/LEDMATRIX_GAME/_ide/psinit/ps7_init.tcl' is done.
11:11:21 INFO  : 'ps7_init' command is executed.
11:11:21 INFO  : 'ps7_post_config' command is executed.
11:11:21 INFO  : Context for processor 'ps7_cortexa9_0' is selected.
11:11:22 INFO  : The application 'C:/LEDMATRIX_GAME/LEDMATRIX_PROJECT/VITIS_GAME/LEDMATRIX_GAME/Debug/LEDMATRIX_GAME.elf' is downloaded to processor 'ps7_cortexa9_0'.
11:11:22 INFO  : 'configparams force-mem-access 0' command is executed.
11:11:22 INFO  : ----------------XSDB Script----------------
connect -url tcp:127.0.0.1:3121
targets -set -nocase -filter {name =~"APU*"}
rst -system
after 3000
targets -set -filter {jtag_cable_name =~ "Avnet MiniZed V1 1234-oj1A" && level==0} -index 1
fpga -file C:/LEDMATRIX_GAME/LEDMATRIX_PROJECT/VITIS_GAME/LEDMATRIX_GAME/_ide/bitstream/design_1_wrapper.bit
targets -set -nocase -filter {name =~"APU*"}
loadhw -hw C:/LEDMATRIX_GAME/LEDMATRIX_PROJECT/VITIS_GAME/design_1_wrapper/export/design_1_wrapper/hw/design_1_wrapper.xsa -mem-ranges [list {0x40000000 0xbfffffff}]
configparams force-mem-access 1
targets -set -nocase -filter {name =~"APU*"}
source C:/LEDMATRIX_GAME/LEDMATRIX_PROJECT/VITIS_GAME/LEDMATRIX_GAME/_ide/psinit/ps7_init.tcl
ps7_init
ps7_post_config
targets -set -nocase -filter {name =~ "*A9*#0"}
dow C:/LEDMATRIX_GAME/LEDMATRIX_PROJECT/VITIS_GAME/LEDMATRIX_GAME/Debug/LEDMATRIX_GAME.elf
configparams force-mem-access 0
----------------End of Script----------------

11:11:22 INFO  : Memory regions updated for context APU
11:11:22 INFO  : Context for processor 'ps7_cortexa9_0' is selected.
11:11:22 INFO  : 'con' command is executed.
11:11:22 INFO  : ----------------XSDB Script (After Launch)----------------
targets -set -nocase -filter {name =~ "*A9*#0"}
con
----------------End of Script----------------

11:11:22 INFO  : Launch script is exported to file 'C:\LEDMATRIX_GAME\LEDMATRIX_PROJECT\VITIS_GAME\.sdk\launch_scripts\single_application_debug\debugger_ledmatrix_game-default.tcl'
11:13:20 INFO  : Checking for BSP changes to sync application flags for project 'LEDMATRIX_GAME'...
11:13:26 INFO  : Disconnected from the channel tcfchan#20.
11:13:27 INFO  : Connected to target on host '127.0.0.1' and port '3121'.
11:13:28 INFO  : Jtag cable 'Avnet MiniZed V1 1234-oj1A' is selected.
11:13:28 INFO  : 'jtag frequency' command is executed.
11:13:28 INFO  : Context for 'APU' is selected.
11:13:28 INFO  : System reset is completed.
11:13:31 INFO  : 'after 3000' command is executed.
11:13:31 INFO  : 'targets -set -filter {jtag_cable_name =~ "Avnet MiniZed V1 1234-oj1A" && level==0} -index 1' command is executed.
11:13:32 INFO  : FPGA configured successfully with bitstream "C:/LEDMATRIX_GAME/LEDMATRIX_PROJECT/VITIS_GAME/LEDMATRIX_GAME/_ide/bitstream/design_1_wrapper.bit"
11:13:32 INFO  : Context for 'APU' is selected.
11:13:32 INFO  : Hardware design information is loaded from 'C:/LEDMATRIX_GAME/LEDMATRIX_PROJECT/VITIS_GAME/design_1_wrapper/export/design_1_wrapper/hw/design_1_wrapper.xsa'.
11:13:32 INFO  : 'configparams force-mem-access 1' command is executed.
11:13:32 INFO  : Context for 'APU' is selected.
11:13:32 INFO  : Sourcing of 'C:/LEDMATRIX_GAME/LEDMATRIX_PROJECT/VITIS_GAME/LEDMATRIX_GAME/_ide/psinit/ps7_init.tcl' is done.
11:13:33 INFO  : 'ps7_init' command is executed.
11:13:33 INFO  : 'ps7_post_config' command is executed.
11:13:33 INFO  : Context for processor 'ps7_cortexa9_0' is selected.
11:13:34 INFO  : The application 'C:/LEDMATRIX_GAME/LEDMATRIX_PROJECT/VITIS_GAME/LEDMATRIX_GAME/Debug/LEDMATRIX_GAME.elf' is downloaded to processor 'ps7_cortexa9_0'.
11:13:34 INFO  : 'configparams force-mem-access 0' command is executed.
11:13:34 INFO  : ----------------XSDB Script----------------
connect -url tcp:127.0.0.1:3121
targets -set -nocase -filter {name =~"APU*"}
rst -system
after 3000
targets -set -filter {jtag_cable_name =~ "Avnet MiniZed V1 1234-oj1A" && level==0} -index 1
fpga -file C:/LEDMATRIX_GAME/LEDMATRIX_PROJECT/VITIS_GAME/LEDMATRIX_GAME/_ide/bitstream/design_1_wrapper.bit
targets -set -nocase -filter {name =~"APU*"}
loadhw -hw C:/LEDMATRIX_GAME/LEDMATRIX_PROJECT/VITIS_GAME/design_1_wrapper/export/design_1_wrapper/hw/design_1_wrapper.xsa -mem-ranges [list {0x40000000 0xbfffffff}]
configparams force-mem-access 1
targets -set -nocase -filter {name =~"APU*"}
source C:/LEDMATRIX_GAME/LEDMATRIX_PROJECT/VITIS_GAME/LEDMATRIX_GAME/_ide/psinit/ps7_init.tcl
ps7_init
ps7_post_config
targets -set -nocase -filter {name =~ "*A9*#0"}
dow C:/LEDMATRIX_GAME/LEDMATRIX_PROJECT/VITIS_GAME/LEDMATRIX_GAME/Debug/LEDMATRIX_GAME.elf
configparams force-mem-access 0
----------------End of Script----------------

11:13:34 INFO  : Memory regions updated for context APU
11:13:34 INFO  : Context for processor 'ps7_cortexa9_0' is selected.
11:13:34 INFO  : 'con' command is executed.
11:13:34 INFO  : ----------------XSDB Script (After Launch)----------------
targets -set -nocase -filter {name =~ "*A9*#0"}
con
----------------End of Script----------------

11:13:34 INFO  : Launch script is exported to file 'C:\LEDMATRIX_GAME\LEDMATRIX_PROJECT\VITIS_GAME\.sdk\launch_scripts\single_application_debug\debugger_ledmatrix_game-default.tcl'
11:34:46 INFO  : Disconnected from the channel tcfchan#21.
