TRACE::2020-05-14.20:18:59::SCWBifWriter::Found the complete platform C:/LEDMATRIX_PROJECT/design_1_wrapper/export/design_1_wrapper/design_1_wrapper.xpfm
TRACE::2020-05-14.20:18:59::SCWBifWriter::hardware databse : design_1_wrapper_1
TRACE::2020-05-14.20:18:59::SCWBifWriter::bitstream found in the design
TRACE::2020-05-14.20:18:59::SCWBifWriter::Found a baremetal domain, proc: ps7_cortexa9_0
TRACE::2020-05-14.20:18:59::SCWBifWriter::proc type : 
TRACE::2020-05-14.20:18:59::SCWBifWriter::proc[0] : ps7_cortexa9_0
TRACE::2020-05-14.20:18:59::SCWBifWriter::Device type is : zynq
TRACE::2020-05-14.20:18:59::SCWBifWriter::Writing BIF to file : C:/LEDMATRIX_PROJECT/LEDMATRIX_VITIS_system/Debug/system.bif
TRACE::2020-05-14.20:18:59::SCWBifWriter::Writing the Zynq Baremetal bif 
TRACE::2020-05-14.20:19:37::SCWBifWriter::Found the complete platform C:/LEDMATRIX_PROJECT/design_1_wrapper/export/design_1_wrapper/design_1_wrapper.xpfm
TRACE::2020-05-14.20:19:37::SCWBifWriter::hardware databse : design_1_wrapper_1
TRACE::2020-05-14.20:19:37::SCWBifWriter::bitstream found in the design
TRACE::2020-05-14.20:19:37::SCWBifWriter::Found a baremetal domain, proc: ps7_cortexa9_0
TRACE::2020-05-14.20:19:37::SCWBifWriter::proc type : 
TRACE::2020-05-14.20:19:37::SCWBifWriter::proc[0] : ps7_cortexa9_0
TRACE::2020-05-14.20:19:37::SCWBifWriter::Device type is : zynq
TRACE::2020-05-14.20:19:37::SCWBifWriter::Writing BIF to file : C:/LEDMATRIX_PROJECT/LEDMATRIX_VITIS_system/Debug/system.bif
TRACE::2020-05-14.20:19:37::SCWBifWriter::Writing the Zynq Baremetal bif 
TRACE::2020-05-14.20:33:06::SCWBifWriter::Found the complete platform C:/LEDMATRIX_PROJECT/design_1_wrapper/export/design_1_wrapper/design_1_wrapper.xpfm
TRACE::2020-05-14.20:33:06::SCWBifWriter::hardware databse : design_1_wrapper_1
TRACE::2020-05-14.20:33:06::SCWBifWriter::bitstream found in the design
TRACE::2020-05-14.20:33:06::SCWBifWriter::Found a baremetal domain, proc: ps7_cortexa9_0
TRACE::2020-05-14.20:33:06::SCWBifWriter::proc type : 
TRACE::2020-05-14.20:33:06::SCWBifWriter::proc[0] : ps7_cortexa9_0
TRACE::2020-05-14.20:33:06::SCWBifWriter::Device type is : zynq
TRACE::2020-05-14.20:33:06::SCWBifWriter::Writing BIF to file : C:/LEDMATRIX_PROJECT/LEDMATRIX_VITIS_system/Debug/system.bif
TRACE::2020-05-14.20:33:06::SCWBifWriter::Writing the Zynq Baremetal bif 
TRACE::2020-05-16.12:16:10::SCWBifWriter::Found the complete platform C:/LEDMATRIX_PROJECT/design_1_wrapper/export/design_1_wrapper/design_1_wrapper.xpfm
TRACE::2020-05-16.12:16:11::SCWBifWriter::hardware databse : design_1_wrapper_57
TRACE::2020-05-16.12:16:11::SCWBifWriter::bitstream found in the design
TRACE::2020-05-16.12:16:11::SCWBifWriter::Found a baremetal domain, proc: ps7_cortexa9_0
TRACE::2020-05-16.12:16:11::SCWBifWriter::proc type : 
TRACE::2020-05-16.12:16:11::SCWBifWriter::proc[0] : ps7_cortexa9_0
TRACE::2020-05-16.12:16:11::SCWBifWriter::Device type is : zynq
TRACE::2020-05-16.12:16:11::SCWBifWriter::Writing BIF to file : C:/LEDMATRIX_PROJECT/LEDMATRIX_VITIS_system/Debug/system.bif
TRACE::2020-05-16.12:16:11::SCWBifWriter::Writing the Zynq Baremetal bif 
