
*** Running vivado
    with args -log design_1_MATRIX_IPBLOK_DEF_0_0.vds -m64 -product Vivado -mode batch -messageDb vivado.pb -notrace -source design_1_MATRIX_IPBLOK_DEF_0_0.tcl


****** Vivado v2019.2 (64-bit)
  **** SW Build 2708876 on Wed Nov  6 21:40:23 MST 2019
  **** IP Build 2700528 on Thu Nov  7 00:09:20 MST 2019
    ** Copyright 1986-2019 Xilinx, Inc. All Rights Reserved.

source design_1_MATRIX_IPBLOK_DEF_0_0.tcl -notrace
INFO: [IP_Flow 19-234] Refreshing IP repositories
INFO: [IP_Flow 19-1700] Loaded user IP repository 'd:/School/FPGA/Gequoteerde_oef2/EFPGA/Game/Game_final/ip_repo'.
INFO: [IP_Flow 19-2313] Loaded Vivado IP repository 'D:/School/programs/Xilinx/Vivado/2019.2/data/ip'.
Command: synth_design -top design_1_MATRIX_IPBLOK_DEF_0_0 -part xc7z007sclg225-1 -mode out_of_context
Starting synth_design
Attempting to get a license for feature 'Synthesis' and/or device 'xc7z007s'
INFO: [Common 17-349] Got license for feature 'Synthesis' and/or device 'xc7z007s'
INFO: [Device 21-403] Loading part xc7z007sclg225-1
INFO: Launching helper process for spawning children vivado processes
INFO: Helper process launched with PID 13984 
---------------------------------------------------------------------------------
Starting RTL Elaboration : Time (s): cpu = 00:00:06 ; elapsed = 00:00:07 . Memory (MB): peak = 961.266 ; gain = 235.367
---------------------------------------------------------------------------------
INFO: [Synth 8-638] synthesizing module 'design_1_MATRIX_IPBLOK_DEF_0_0' [d:/School/FPGA/Gequoteerde_oef2/EFPGA/Game/Game_final/Game_final.srcs/sources_1/bd/design_1/ip/design_1_MATRIX_IPBLOK_DEF_0_0/synth/design_1_MATRIX_IPBLOK_DEF_0_0.vhd:87]
	Parameter C_S00_AXI_DATA_WIDTH bound to: 32 - type: integer 
	Parameter C_S00_AXI_ADDR_WIDTH bound to: 4 - type: integer 
INFO: [Synth 8-3491] module 'MATRIX_IPBLOK_DEF_v1_0' declared at 'd:/School/FPGA/Gequoteerde_oef2/EFPGA/Game/Game_final/Game_final.srcs/sources_1/bd/design_1/ipshared/8ecf/hdl/MATRIX_IPBLOK_DEF_v1_0.vhd:5' bound to instance 'U0' of component 'MATRIX_IPBLOK_DEF_v1_0' [d:/School/FPGA/Gequoteerde_oef2/EFPGA/Game/Game_final/Game_final.srcs/sources_1/bd/design_1/ip/design_1_MATRIX_IPBLOK_DEF_0_0/synth/design_1_MATRIX_IPBLOK_DEF_0_0.vhd:160]
INFO: [Synth 8-638] synthesizing module 'MATRIX_IPBLOK_DEF_v1_0' [d:/School/FPGA/Gequoteerde_oef2/EFPGA/Game/Game_final/Game_final.srcs/sources_1/bd/design_1/ipshared/8ecf/hdl/MATRIX_IPBLOK_DEF_v1_0.vhd:53]
	Parameter C_S00_AXI_DATA_WIDTH bound to: 32 - type: integer 
	Parameter C_S00_AXI_ADDR_WIDTH bound to: 4 - type: integer 
	Parameter C_S_AXI_DATA_WIDTH bound to: 32 - type: integer 
	Parameter C_S_AXI_ADDR_WIDTH bound to: 4 - type: integer 
INFO: [Synth 8-3491] module 'MATRIX_IPBLOK_DEF_v1_0_S00_AXI' declared at 'd:/School/FPGA/Gequoteerde_oef2/EFPGA/Game/Game_final/Game_final.srcs/sources_1/bd/design_1/ipshared/8ecf/hdl/MATRIX_IPBLOK_DEF_v1_0_S00_AXI.vhd:5' bound to instance 'MATRIX_IPBLOK_DEF_v1_0_S00_AXI_inst' of component 'MATRIX_IPBLOK_DEF_v1_0_S00_AXI' [d:/School/FPGA/Gequoteerde_oef2/EFPGA/Game/Game_final/Game_final.srcs/sources_1/bd/design_1/ipshared/8ecf/hdl/MATRIX_IPBLOK_DEF_v1_0.vhd:94]
INFO: [Synth 8-638] synthesizing module 'MATRIX_IPBLOK_DEF_v1_0_S00_AXI' [d:/School/FPGA/Gequoteerde_oef2/EFPGA/Game/Game_final/Game_final.srcs/sources_1/bd/design_1/ipshared/8ecf/hdl/MATRIX_IPBLOK_DEF_v1_0_S00_AXI.vhd:90]
	Parameter C_S_AXI_DATA_WIDTH bound to: 32 - type: integer 
	Parameter C_S_AXI_ADDR_WIDTH bound to: 4 - type: integer 
INFO: [Synth 8-226] default block is never used [d:/School/FPGA/Gequoteerde_oef2/EFPGA/Game/Game_final/Game_final.srcs/sources_1/bd/design_1/ipshared/8ecf/hdl/MATRIX_IPBLOK_DEF_v1_0_S00_AXI.vhd:239]
INFO: [Synth 8-226] default block is never used [d:/School/FPGA/Gequoteerde_oef2/EFPGA/Game/Game_final/Game_final.srcs/sources_1/bd/design_1/ipshared/8ecf/hdl/MATRIX_IPBLOK_DEF_v1_0_S00_AXI.vhd:369]
INFO: [Synth 8-3491] module 'MATRIX_IPBLOK' declared at 'd:/School/FPGA/Gequoteerde_oef2/EFPGA/Game/Game_final/Game_final.srcs/sources_1/bd/design_1/ipshared/MATRIX_IPBLOK.vhd:26' bound to instance 'core1' of component 'MATRIX_IPBLOK' [d:/School/FPGA/Gequoteerde_oef2/EFPGA/Game/Game_final/Game_final.srcs/sources_1/bd/design_1/ipshared/8ecf/hdl/MATRIX_IPBLOK_DEF_v1_0_S00_AXI.vhd:404]
INFO: [Synth 8-638] synthesizing module 'MATRIX_IPBLOK' [d:/School/FPGA/Gequoteerde_oef2/EFPGA/Game/Game_final/Game_final.srcs/sources_1/bd/design_1/ipshared/MATRIX_IPBLOK.vhd:37]
INFO: [Synth 8-256] done synthesizing module 'MATRIX_IPBLOK' (1#1) [d:/School/FPGA/Gequoteerde_oef2/EFPGA/Game/Game_final/Game_final.srcs/sources_1/bd/design_1/ipshared/MATRIX_IPBLOK.vhd:37]
WARNING: [Synth 8-6014] Unused sequential element loc_addr_reg was removed.  [d:/School/FPGA/Gequoteerde_oef2/EFPGA/Game/Game_final/Game_final.srcs/sources_1/bd/design_1/ipshared/8ecf/hdl/MATRIX_IPBLOK_DEF_v1_0_S00_AXI.vhd:237]
INFO: [Synth 8-256] done synthesizing module 'MATRIX_IPBLOK_DEF_v1_0_S00_AXI' (2#1) [d:/School/FPGA/Gequoteerde_oef2/EFPGA/Game/Game_final/Game_final.srcs/sources_1/bd/design_1/ipshared/8ecf/hdl/MATRIX_IPBLOK_DEF_v1_0_S00_AXI.vhd:90]
INFO: [Synth 8-256] done synthesizing module 'MATRIX_IPBLOK_DEF_v1_0' (3#1) [d:/School/FPGA/Gequoteerde_oef2/EFPGA/Game/Game_final/Game_final.srcs/sources_1/bd/design_1/ipshared/8ecf/hdl/MATRIX_IPBLOK_DEF_v1_0.vhd:53]
INFO: [Synth 8-256] done synthesizing module 'design_1_MATRIX_IPBLOK_DEF_0_0' (4#1) [d:/School/FPGA/Gequoteerde_oef2/EFPGA/Game/Game_final/Game_final.srcs/sources_1/bd/design_1/ip/design_1_MATRIX_IPBLOK_DEF_0_0/synth/design_1_MATRIX_IPBLOK_DEF_0_0.vhd:87]
WARNING: [Synth 8-3331] design MATRIX_IPBLOK_DEF_v1_0_S00_AXI has unconnected port S_AXI_AWPROT[2]
WARNING: [Synth 8-3331] design MATRIX_IPBLOK_DEF_v1_0_S00_AXI has unconnected port S_AXI_AWPROT[1]
WARNING: [Synth 8-3331] design MATRIX_IPBLOK_DEF_v1_0_S00_AXI has unconnected port S_AXI_AWPROT[0]
WARNING: [Synth 8-3331] design MATRIX_IPBLOK_DEF_v1_0_S00_AXI has unconnected port S_AXI_ARPROT[2]
WARNING: [Synth 8-3331] design MATRIX_IPBLOK_DEF_v1_0_S00_AXI has unconnected port S_AXI_ARPROT[1]
WARNING: [Synth 8-3331] design MATRIX_IPBLOK_DEF_v1_0_S00_AXI has unconnected port S_AXI_ARPROT[0]
---------------------------------------------------------------------------------
Finished RTL Elaboration : Time (s): cpu = 00:00:07 ; elapsed = 00:00:08 . Memory (MB): peak = 1036.594 ; gain = 310.695
---------------------------------------------------------------------------------

Report Check Netlist: 
+------+------------------+-------+---------+-------+------------------+
|      |Item              |Errors |Warnings |Status |Description       |
+------+------------------+-------+---------+-------+------------------+
|1     |multi_driven_nets |      0|        0|Passed |Multi driven nets |
+------+------------------+-------+---------+-------+------------------+
---------------------------------------------------------------------------------
Start Handling Custom Attributes
---------------------------------------------------------------------------------
---------------------------------------------------------------------------------
Finished Handling Custom Attributes : Time (s): cpu = 00:00:08 ; elapsed = 00:00:09 . Memory (MB): peak = 1036.594 ; gain = 310.695
---------------------------------------------------------------------------------
---------------------------------------------------------------------------------
Finished RTL Optimization Phase 1 : Time (s): cpu = 00:00:08 ; elapsed = 00:00:09 . Memory (MB): peak = 1036.594 ; gain = 310.695
---------------------------------------------------------------------------------
Netlist sorting complete. Time (s): cpu = 00:00:00 ; elapsed = 00:00:00.015 . Memory (MB): peak = 1036.594 ; gain = 0.000
INFO: [Project 1-570] Preparing netlist for logic optimization

Processing XDC Constraints
Initializing timing engine
Completed Processing XDC Constraints

Netlist sorting complete. Time (s): cpu = 00:00:00 ; elapsed = 00:00:00.001 . Memory (MB): peak = 1153.297 ; gain = 0.000
INFO: [Project 1-111] Unisim Transformation Summary:
No Unisim elements were transformed.

WARNING: [Constraints 18-5210] No constraints selected for write.
Resolution: This message can indicate that there are no constraints for the design, or it can indicate that the used_in flags are set such that the constraints are ignored. This later case is used when running synth_design to not write synthesis constraints to the resulting checkpoint. Instead, project constraints are read when the synthesized design is opened.
Constraint Validation Runtime : Time (s): cpu = 00:00:00 ; elapsed = 00:00:00.328 . Memory (MB): peak = 1156.797 ; gain = 3.500
---------------------------------------------------------------------------------
Finished Constraint Validation : Time (s): cpu = 00:00:15 ; elapsed = 00:00:18 . Memory (MB): peak = 1156.797 ; gain = 430.898
---------------------------------------------------------------------------------
---------------------------------------------------------------------------------
Start Loading Part and Timing Information
---------------------------------------------------------------------------------
Loading part: xc7z007sclg225-1
---------------------------------------------------------------------------------
Finished Loading Part and Timing Information : Time (s): cpu = 00:00:15 ; elapsed = 00:00:18 . Memory (MB): peak = 1156.797 ; gain = 430.898
---------------------------------------------------------------------------------
---------------------------------------------------------------------------------
Start Applying 'set_property' XDC Constraints
---------------------------------------------------------------------------------
---------------------------------------------------------------------------------
Finished applying 'set_property' XDC Constraints : Time (s): cpu = 00:00:15 ; elapsed = 00:00:18 . Memory (MB): peak = 1156.797 ; gain = 430.898
---------------------------------------------------------------------------------
INFO: [Synth 8-802] inferred FSM for state register 'PS_reg' in module 'MATRIX_IPBLOK'
---------------------------------------------------------------------------------------------------
                   State |                     New Encoding |                Previous Encoding 
---------------------------------------------------------------------------------------------------
             reset_state |                              000 |                              110
         load_data_state |                              001 |                              000
      enable_clock_state |                              010 |                              001
     enable_output_state |                              011 |                              011
     disable_clock_state |                              100 |                              010
---------------------------------------------------------------------------------------------------
INFO: [Synth 8-3354] encoded FSM with state register 'PS_reg' using encoding 'sequential' in module 'MATRIX_IPBLOK'
---------------------------------------------------------------------------------
Finished RTL Optimization Phase 2 : Time (s): cpu = 00:00:15 ; elapsed = 00:00:18 . Memory (MB): peak = 1156.797 ; gain = 430.898
---------------------------------------------------------------------------------

Report RTL Partitions: 
+-+--------------+------------+----------+
| |RTL Partition |Replication |Instances |
+-+--------------+------------+----------+
+-+--------------+------------+----------+
---------------------------------------------------------------------------------
Start RTL Component Statistics 
---------------------------------------------------------------------------------
Detailed RTL Component Info : 
+---Adders : 
	   2 Input     32 Bit       Adders := 1     
+---Registers : 
	               32 Bit    Registers := 6     
	                4 Bit    Registers := 2     
	                3 Bit    Registers := 1     
	                2 Bit    Registers := 2     
	                1 Bit    Registers := 10    
+---Muxes : 
	   5 Input     32 Bit        Muxes := 1     
	   2 Input     32 Bit        Muxes := 4     
	   4 Input     32 Bit        Muxes := 5     
	   5 Input      3 Bit        Muxes := 2     
	   3 Input      3 Bit        Muxes := 1     
	   2 Input      3 Bit        Muxes := 2     
	   3 Input      1 Bit        Muxes := 3     
	   2 Input      1 Bit        Muxes := 6     
	   5 Input      1 Bit        Muxes := 11    
---------------------------------------------------------------------------------
Finished RTL Component Statistics 
---------------------------------------------------------------------------------
---------------------------------------------------------------------------------
Start RTL Hierarchical Component Statistics 
---------------------------------------------------------------------------------
Hierarchical RTL Component report 
Module MATRIX_IPBLOK 
Detailed RTL Component Info : 
+---Adders : 
	   2 Input     32 Bit       Adders := 1     
+---Registers : 
	               32 Bit    Registers := 1     
	                3 Bit    Registers := 1     
	                1 Bit    Registers := 4     
+---Muxes : 
	   5 Input     32 Bit        Muxes := 1     
	   5 Input      3 Bit        Muxes := 2     
	   3 Input      3 Bit        Muxes := 1     
	   2 Input      3 Bit        Muxes := 2     
	   3 Input      1 Bit        Muxes := 3     
	   2 Input      1 Bit        Muxes := 1     
	   5 Input      1 Bit        Muxes := 11    
Module MATRIX_IPBLOK_DEF_v1_0_S00_AXI 
Detailed RTL Component Info : 
+---Registers : 
	               32 Bit    Registers := 5     
	                4 Bit    Registers := 2     
	                2 Bit    Registers := 2     
	                1 Bit    Registers := 6     
+---Muxes : 
	   2 Input     32 Bit        Muxes := 4     
	   4 Input     32 Bit        Muxes := 5     
	   2 Input      1 Bit        Muxes := 5     
---------------------------------------------------------------------------------
Finished RTL Hierarchical Component Statistics
---------------------------------------------------------------------------------
---------------------------------------------------------------------------------
Start Part Resource Summary
---------------------------------------------------------------------------------
Part Resources:
DSPs: 66 (col length:40)
BRAMs: 100 (col length: RAMB18 40 RAMB36 20)
---------------------------------------------------------------------------------
Finished Part Resource Summary
---------------------------------------------------------------------------------
---------------------------------------------------------------------------------
Start Cross Boundary and Area Optimization
---------------------------------------------------------------------------------
Warning: Parallel synthesis criteria is not met 
WARNING: [Synth 8-3331] design design_1_MATRIX_IPBLOK_DEF_0_0 has unconnected port s00_axi_awprot[2]
WARNING: [Synth 8-3331] design design_1_MATRIX_IPBLOK_DEF_0_0 has unconnected port s00_axi_awprot[1]
WARNING: [Synth 8-3331] design design_1_MATRIX_IPBLOK_DEF_0_0 has unconnected port s00_axi_awprot[0]
WARNING: [Synth 8-3331] design design_1_MATRIX_IPBLOK_DEF_0_0 has unconnected port s00_axi_arprot[2]
WARNING: [Synth 8-3331] design design_1_MATRIX_IPBLOK_DEF_0_0 has unconnected port s00_axi_arprot[1]
WARNING: [Synth 8-3331] design design_1_MATRIX_IPBLOK_DEF_0_0 has unconnected port s00_axi_arprot[0]
INFO: [Synth 8-3886] merging instance 'U0/MATRIX_IPBLOK_DEF_v1_0_S00_AXI_inst/axi_rresp_reg[0]' (FDRE) to 'U0/MATRIX_IPBLOK_DEF_v1_0_S00_AXI_inst/axi_rresp_reg[1]'
INFO: [Synth 8-3333] propagating constant 0 across sequential element (\U0/MATRIX_IPBLOK_DEF_v1_0_S00_AXI_inst/axi_rresp_reg[1] )
INFO: [Synth 8-3886] merging instance 'U0/MATRIX_IPBLOK_DEF_v1_0_S00_AXI_inst/axi_bresp_reg[0]' (FDRE) to 'U0/MATRIX_IPBLOK_DEF_v1_0_S00_AXI_inst/axi_bresp_reg[1]'
INFO: [Synth 8-3333] propagating constant 0 across sequential element (\U0/MATRIX_IPBLOK_DEF_v1_0_S00_AXI_inst/axi_bresp_reg[1] )
---------------------------------------------------------------------------------
Finished Cross Boundary and Area Optimization : Time (s): cpu = 00:00:18 ; elapsed = 00:00:21 . Memory (MB): peak = 1156.797 ; gain = 430.898
---------------------------------------------------------------------------------

Report RTL Partitions: 
+-+--------------+------------+----------+
| |RTL Partition |Replication |Instances |
+-+--------------+------------+----------+
+-+--------------+------------+----------+
---------------------------------------------------------------------------------
Start Applying XDC Timing Constraints
---------------------------------------------------------------------------------
---------------------------------------------------------------------------------
Finished Applying XDC Timing Constraints : Time (s): cpu = 00:00:27 ; elapsed = 00:00:30 . Memory (MB): peak = 1156.797 ; gain = 430.898
---------------------------------------------------------------------------------
---------------------------------------------------------------------------------
Start Timing Optimization
---------------------------------------------------------------------------------
---------------------------------------------------------------------------------
Finished Timing Optimization : Time (s): cpu = 00:00:27 ; elapsed = 00:00:30 . Memory (MB): peak = 1156.797 ; gain = 430.898
---------------------------------------------------------------------------------

Report RTL Partitions: 
+-+--------------+------------+----------+
| |RTL Partition |Replication |Instances |
+-+--------------+------------+----------+
+-+--------------+------------+----------+
---------------------------------------------------------------------------------
Start Technology Mapping
---------------------------------------------------------------------------------
---------------------------------------------------------------------------------
Finished Technology Mapping : Time (s): cpu = 00:00:27 ; elapsed = 00:00:30 . Memory (MB): peak = 1156.797 ; gain = 430.898
---------------------------------------------------------------------------------

Report RTL Partitions: 
+-+--------------+------------+----------+
| |RTL Partition |Replication |Instances |
+-+--------------+------------+----------+
+-+--------------+------------+----------+
---------------------------------------------------------------------------------
Start IO Insertion
---------------------------------------------------------------------------------
---------------------------------------------------------------------------------
Start Flattening Before IO Insertion
---------------------------------------------------------------------------------
---------------------------------------------------------------------------------
Finished Flattening Before IO Insertion
---------------------------------------------------------------------------------
---------------------------------------------------------------------------------
Start Final Netlist Cleanup
---------------------------------------------------------------------------------
---------------------------------------------------------------------------------
Finished Final Netlist Cleanup
---------------------------------------------------------------------------------
---------------------------------------------------------------------------------
Finished IO Insertion : Time (s): cpu = 00:00:32 ; elapsed = 00:00:35 . Memory (MB): peak = 1156.797 ; gain = 430.898
---------------------------------------------------------------------------------
---------------------------------------------------------------------------------
Start Renaming Generated Instances
---------------------------------------------------------------------------------
---------------------------------------------------------------------------------
Finished Renaming Generated Instances : Time (s): cpu = 00:00:32 ; elapsed = 00:00:35 . Memory (MB): peak = 1156.797 ; gain = 430.898
---------------------------------------------------------------------------------

Report RTL Partitions: 
+-+--------------+------------+----------+
| |RTL Partition |Replication |Instances |
+-+--------------+------------+----------+
+-+--------------+------------+----------+

Report Check Netlist: 
+------+------------------+-------+---------+-------+------------------+
|      |Item              |Errors |Warnings |Status |Description       |
+------+------------------+-------+---------+-------+------------------+
|1     |multi_driven_nets |      0|        0|Passed |Multi driven nets |
+------+------------------+-------+---------+-------+------------------+
---------------------------------------------------------------------------------
Start Rebuilding User Hierarchy
---------------------------------------------------------------------------------
---------------------------------------------------------------------------------
Finished Rebuilding User Hierarchy : Time (s): cpu = 00:00:32 ; elapsed = 00:00:35 . Memory (MB): peak = 1156.797 ; gain = 430.898
---------------------------------------------------------------------------------
---------------------------------------------------------------------------------
Start Renaming Generated Ports
---------------------------------------------------------------------------------
---------------------------------------------------------------------------------
Finished Renaming Generated Ports : Time (s): cpu = 00:00:32 ; elapsed = 00:00:35 . Memory (MB): peak = 1156.797 ; gain = 430.898
---------------------------------------------------------------------------------
---------------------------------------------------------------------------------
Start Handling Custom Attributes
---------------------------------------------------------------------------------
---------------------------------------------------------------------------------
Finished Handling Custom Attributes : Time (s): cpu = 00:00:32 ; elapsed = 00:00:35 . Memory (MB): peak = 1156.797 ; gain = 430.898
---------------------------------------------------------------------------------
---------------------------------------------------------------------------------
Start Renaming Generated Nets
---------------------------------------------------------------------------------
---------------------------------------------------------------------------------
Finished Renaming Generated Nets : Time (s): cpu = 00:00:32 ; elapsed = 00:00:35 . Memory (MB): peak = 1156.797 ; gain = 430.898
---------------------------------------------------------------------------------
---------------------------------------------------------------------------------
Start Writing Synthesis Report
---------------------------------------------------------------------------------

Report BlackBoxes: 
+-+--------------+----------+
| |BlackBox name |Instances |
+-+--------------+----------+
+-+--------------+----------+

Report Cell Usage: 
+------+-------+------+
|      |Cell   |Count |
+------+-------+------+
|1     |CARRY4 |    24|
|2     |LUT1   |     2|
|3     |LUT2   |    82|
|4     |LUT3   |    34|
|5     |LUT4   |    30|
|6     |LUT5   |    13|
|7     |LUT6   |    54|
|8     |FDRE   |   241|
|9     |FDSE   |     3|
+------+-------+------+

Report Instance Areas: 
+------+----------------------------------------+-------------------------------+------+
|      |Instance                                |Module                         |Cells |
+------+----------------------------------------+-------------------------------+------+
|1     |top                                     |                               |   483|
|2     |  U0                                    |MATRIX_IPBLOK_DEF_v1_0         |   483|
|3     |    MATRIX_IPBLOK_DEF_v1_0_S00_AXI_inst |MATRIX_IPBLOK_DEF_v1_0_S00_AXI |   483|
|4     |      core1                             |MATRIX_IPBLOK                  |   252|
+------+----------------------------------------+-------------------------------+------+
---------------------------------------------------------------------------------
Finished Writing Synthesis Report : Time (s): cpu = 00:00:32 ; elapsed = 00:00:35 . Memory (MB): peak = 1156.797 ; gain = 430.898
---------------------------------------------------------------------------------
Synthesis finished with 0 errors, 0 critical warnings and 6 warnings.
Synthesis Optimization Runtime : Time (s): cpu = 00:00:22 ; elapsed = 00:00:32 . Memory (MB): peak = 1156.797 ; gain = 310.695
Synthesis Optimization Complete : Time (s): cpu = 00:00:32 ; elapsed = 00:00:35 . Memory (MB): peak = 1156.797 ; gain = 430.898
INFO: [Project 1-571] Translating synthesized netlist
Netlist sorting complete. Time (s): cpu = 00:00:00 ; elapsed = 00:00:00.011 . Memory (MB): peak = 1156.797 ; gain = 0.000
INFO: [Netlist 29-17] Analyzing 24 Unisim elements for replacement
INFO: [Netlist 29-28] Unisim Transformation completed in 0 CPU seconds
INFO: [Project 1-570] Preparing netlist for logic optimization
INFO: [Opt 31-138] Pushed 0 inverter(s) to 0 load pin(s).
Netlist sorting complete. Time (s): cpu = 00:00:00 ; elapsed = 00:00:00 . Memory (MB): peak = 1156.797 ; gain = 0.000
INFO: [Project 1-111] Unisim Transformation Summary:
No Unisim elements were transformed.

INFO: [Common 17-83] Releasing license: Synthesis
33 Infos, 14 Warnings, 0 Critical Warnings and 0 Errors encountered.
synth_design completed successfully
synth_design: Time (s): cpu = 00:00:38 ; elapsed = 00:00:43 . Memory (MB): peak = 1156.797 ; gain = 703.406
Netlist sorting complete. Time (s): cpu = 00:00:00 ; elapsed = 00:00:00 . Memory (MB): peak = 1156.797 ; gain = 0.000
WARNING: [Constraints 18-5210] No constraints selected for write.
Resolution: This message can indicate that there are no constraints for the design, or it can indicate that the used_in flags are set such that the constraints are ignored. This later case is used when running synth_design to not write synthesis constraints to the resulting checkpoint. Instead, project constraints are read when the synthesized design is opened.
INFO: [Common 17-1381] The checkpoint 'D:/School/FPGA/Gequoteerde_oef2/EFPGA/Game/Game_final/Game_final.runs/design_1_MATRIX_IPBLOK_DEF_0_0_synth_1/design_1_MATRIX_IPBLOK_DEF_0_0.dcp' has been generated.
WARNING: [Common 17-576] 'use_project_ipc' is deprecated. This option is deprecated and no longer used.
INFO: [Coretcl 2-1648] Added synthesis output to IP cache for IP design_1_MATRIX_IPBLOK_DEF_0_0, cache-ID = 12adaf1ece3e5da4
INFO: [Coretcl 2-1174] Renamed 3 cell refs.
Netlist sorting complete. Time (s): cpu = 00:00:00 ; elapsed = 00:00:00 . Memory (MB): peak = 1156.797 ; gain = 0.000
WARNING: [Constraints 18-5210] No constraints selected for write.
Resolution: This message can indicate that there are no constraints for the design, or it can indicate that the used_in flags are set such that the constraints are ignored. This later case is used when running synth_design to not write synthesis constraints to the resulting checkpoint. Instead, project constraints are read when the synthesized design is opened.
INFO: [Common 17-1381] The checkpoint 'D:/School/FPGA/Gequoteerde_oef2/EFPGA/Game/Game_final/Game_final.runs/design_1_MATRIX_IPBLOK_DEF_0_0_synth_1/design_1_MATRIX_IPBLOK_DEF_0_0.dcp' has been generated.
INFO: [runtcl-4] Executing : report_utilization -file design_1_MATRIX_IPBLOK_DEF_0_0_utilization_synth.rpt -pb design_1_MATRIX_IPBLOK_DEF_0_0_utilization_synth.pb
INFO: [Common 17-206] Exiting Vivado at Sun May 24 17:15:54 2020...
