
*** Running vivado
    with args -log design_1_my_rotary_en_0_0.vds -m64 -product Vivado -mode batch -messageDb vivado.pb -notrace -source design_1_my_rotary_en_0_0.tcl


****** Vivado v2019.2 (64-bit)
  **** SW Build 2708876 on Wed Nov  6 21:40:23 MST 2019
  **** IP Build 2700528 on Thu Nov  7 00:09:20 MST 2019
    ** Copyright 1986-2019 Xilinx, Inc. All Rights Reserved.

source design_1_my_rotary_en_0_0.tcl -notrace
INFO: [IP_Flow 19-234] Refreshing IP repositories
INFO: [IP_Flow 19-1700] Loaded user IP repository 'b:/eFPGA/FinalProject/ip_repo/my_rotary_en_1.0'.
INFO: [IP_Flow 19-1700] Loaded user IP repository 'b:/eFPGA/FinalProject/ip_repo/my_rotary_encoder_1.0'.
INFO: [IP_Flow 19-2313] Loaded Vivado IP repository 'D:/xilinx/Vivado/2019.2/data/ip'.
Command: synth_design -top design_1_my_rotary_en_0_0 -part xc7z007sclg225-1 -mode out_of_context
Starting synth_design
Attempting to get a license for feature 'Synthesis' and/or device 'xc7z007s'
INFO: [Common 17-349] Got license for feature 'Synthesis' and/or device 'xc7z007s'
INFO: [Device 21-403] Loading part xc7z007sclg225-1
INFO: Launching helper process for spawning children vivado processes
INFO: Helper process launched with PID 36668 
---------------------------------------------------------------------------------
Starting RTL Elaboration : Time (s): cpu = 00:00:04 ; elapsed = 00:00:04 . Memory (MB): peak = 923.871 ; gain = 234.980
---------------------------------------------------------------------------------
INFO: [Synth 8-638] synthesizing module 'design_1_my_rotary_en_0_0' [b:/eFPGA/FinalProject/rotary_encoder/rotary_encoder.srcs/sources_1/bd/design_1/ip/design_1_my_rotary_en_0_0/synth/design_1_my_rotary_en_0_0.vhd:85]
	Parameter C_S00_AXI_DATA_WIDTH bound to: 32 - type: integer 
	Parameter C_S00_AXI_ADDR_WIDTH bound to: 4 - type: integer 
INFO: [Synth 8-3491] module 'my_rotary_en_v1_0' declared at 'b:/eFPGA/FinalProject/rotary_encoder/rotary_encoder.srcs/sources_1/bd/design_1/ipshared/c67a/hdl/my_rotary_en_v1_0.vhd:5' bound to instance 'U0' of component 'my_rotary_en_v1_0' [b:/eFPGA/FinalProject/rotary_encoder/rotary_encoder.srcs/sources_1/bd/design_1/ip/design_1_my_rotary_en_0_0/synth/design_1_my_rotary_en_0_0.vhd:156]
INFO: [Synth 8-638] synthesizing module 'my_rotary_en_v1_0' [b:/eFPGA/FinalProject/rotary_encoder/rotary_encoder.srcs/sources_1/bd/design_1/ipshared/c67a/hdl/my_rotary_en_v1_0.vhd:51]
	Parameter C_S00_AXI_DATA_WIDTH bound to: 32 - type: integer 
	Parameter C_S00_AXI_ADDR_WIDTH bound to: 4 - type: integer 
	Parameter C_S_AXI_DATA_WIDTH bound to: 32 - type: integer 
	Parameter C_S_AXI_ADDR_WIDTH bound to: 4 - type: integer 
INFO: [Synth 8-3491] module 'my_rotary_en_v1_0_S00_AXI' declared at 'b:/eFPGA/FinalProject/rotary_encoder/rotary_encoder.srcs/sources_1/bd/design_1/ipshared/c67a/hdl/my_rotary_en_v1_0_S00_AXI.vhd:5' bound to instance 'my_rotary_en_v1_0_S00_AXI_inst' of component 'my_rotary_en_v1_0_S00_AXI' [b:/eFPGA/FinalProject/rotary_encoder/rotary_encoder.srcs/sources_1/bd/design_1/ipshared/c67a/hdl/my_rotary_en_v1_0.vhd:90]
INFO: [Synth 8-638] synthesizing module 'my_rotary_en_v1_0_S00_AXI' [b:/eFPGA/FinalProject/rotary_encoder/rotary_encoder.srcs/sources_1/bd/design_1/ipshared/c67a/hdl/my_rotary_en_v1_0_S00_AXI.vhd:88]
	Parameter C_S_AXI_DATA_WIDTH bound to: 32 - type: integer 
	Parameter C_S_AXI_ADDR_WIDTH bound to: 4 - type: integer 
INFO: [Synth 8-226] default block is never used [b:/eFPGA/FinalProject/rotary_encoder/rotary_encoder.srcs/sources_1/bd/design_1/ipshared/c67a/hdl/my_rotary_en_v1_0_S00_AXI.vhd:235]
INFO: [Synth 8-226] default block is never used [b:/eFPGA/FinalProject/rotary_encoder/rotary_encoder.srcs/sources_1/bd/design_1/ipshared/c67a/hdl/my_rotary_en_v1_0_S00_AXI.vhd:365]
WARNING: [Synth 8-614] signal 'cnt_i' is read in the process but is not in the sensitivity list [b:/eFPGA/FinalProject/rotary_encoder/rotary_encoder.srcs/sources_1/bd/design_1/ipshared/c67a/hdl/my_rotary_en_v1_0_S00_AXI.vhd:360]
INFO: [Synth 8-3491] module 'RotaryEncoderWithCounter' declared at 'b:/eFPGA/FinalProject/rotary_encoder/rotary_encoder.srcs/sources_1/bd/design_1/ipshared/c67a/src/encoder.vhd:36' bound to instance 'rotaryEn' of component 'RotaryEncoderWithCounter' [b:/eFPGA/FinalProject/rotary_encoder/rotary_encoder.srcs/sources_1/bd/design_1/ipshared/c67a/hdl/my_rotary_en_v1_0_S00_AXI.vhd:400]
INFO: [Synth 8-638] synthesizing module 'RotaryEncoderWithCounter' [b:/eFPGA/FinalProject/rotary_encoder/rotary_encoder.srcs/sources_1/bd/design_1/ipshared/c67a/src/encoder.vhd:49]
	Parameter INITIAL_CNT_G bound to: 0 - type: integer 
INFO: [Synth 8-3491] module 'RotaryEncoder' declared at 'b:/eFPGA/FinalProject/rotary_encoder/rotary_encoder.srcs/sources_1/bd/design_1/ipshared/c67a/src/encoder.vhd:91' bound to instance 'u0' of component 'RotaryEncoder' [b:/eFPGA/FinalProject/rotary_encoder/rotary_encoder.srcs/sources_1/bd/design_1/ipshared/c67a/src/encoder.vhd:55]
INFO: [Synth 8-638] synthesizing module 'RotaryEncoder' [b:/eFPGA/FinalProject/rotary_encoder/rotary_encoder.srcs/sources_1/bd/design_1/ipshared/c67a/src/encoder.vhd:101]
INFO: [Synth 8-256] done synthesizing module 'RotaryEncoder' (1#1) [b:/eFPGA/FinalProject/rotary_encoder/rotary_encoder.srcs/sources_1/bd/design_1/ipshared/c67a/src/encoder.vhd:101]
INFO: [Synth 8-256] done synthesizing module 'RotaryEncoderWithCounter' (2#1) [b:/eFPGA/FinalProject/rotary_encoder/rotary_encoder.srcs/sources_1/bd/design_1/ipshared/c67a/src/encoder.vhd:49]
WARNING: [Synth 8-6014] Unused sequential element slv_reg3_reg was removed.  [b:/eFPGA/FinalProject/rotary_encoder/rotary_encoder.srcs/sources_1/bd/design_1/ipshared/c67a/hdl/my_rotary_en_v1_0_S00_AXI.vhd:231]
WARNING: [Synth 8-6014] Unused sequential element loc_addr_reg was removed.  [b:/eFPGA/FinalProject/rotary_encoder/rotary_encoder.srcs/sources_1/bd/design_1/ipshared/c67a/hdl/my_rotary_en_v1_0_S00_AXI.vhd:233]
INFO: [Synth 8-256] done synthesizing module 'my_rotary_en_v1_0_S00_AXI' (3#1) [b:/eFPGA/FinalProject/rotary_encoder/rotary_encoder.srcs/sources_1/bd/design_1/ipshared/c67a/hdl/my_rotary_en_v1_0_S00_AXI.vhd:88]
INFO: [Synth 8-256] done synthesizing module 'my_rotary_en_v1_0' (4#1) [b:/eFPGA/FinalProject/rotary_encoder/rotary_encoder.srcs/sources_1/bd/design_1/ipshared/c67a/hdl/my_rotary_en_v1_0.vhd:51]
INFO: [Synth 8-256] done synthesizing module 'design_1_my_rotary_en_0_0' (5#1) [b:/eFPGA/FinalProject/rotary_encoder/rotary_encoder.srcs/sources_1/bd/design_1/ip/design_1_my_rotary_en_0_0/synth/design_1_my_rotary_en_0_0.vhd:85]
WARNING: [Synth 8-3331] design my_rotary_en_v1_0_S00_AXI has unconnected port S_AXI_AWPROT[2]
WARNING: [Synth 8-3331] design my_rotary_en_v1_0_S00_AXI has unconnected port S_AXI_AWPROT[1]
WARNING: [Synth 8-3331] design my_rotary_en_v1_0_S00_AXI has unconnected port S_AXI_AWPROT[0]
WARNING: [Synth 8-3331] design my_rotary_en_v1_0_S00_AXI has unconnected port S_AXI_ARPROT[2]
WARNING: [Synth 8-3331] design my_rotary_en_v1_0_S00_AXI has unconnected port S_AXI_ARPROT[1]
WARNING: [Synth 8-3331] design my_rotary_en_v1_0_S00_AXI has unconnected port S_AXI_ARPROT[0]
---------------------------------------------------------------------------------
Finished RTL Elaboration : Time (s): cpu = 00:00:05 ; elapsed = 00:00:05 . Memory (MB): peak = 1000.301 ; gain = 311.410
---------------------------------------------------------------------------------

Report Check Netlist: 
+------+------------------+-------+---------+-------+------------------+
|      |Item              |Errors |Warnings |Status |Description       |
+------+------------------+-------+---------+-------+------------------+
|1     |multi_driven_nets |      0|        0|Passed |Multi driven nets |
+------+------------------+-------+---------+-------+------------------+
---------------------------------------------------------------------------------
Start Handling Custom Attributes
---------------------------------------------------------------------------------
---------------------------------------------------------------------------------
Finished Handling Custom Attributes : Time (s): cpu = 00:00:06 ; elapsed = 00:00:05 . Memory (MB): peak = 1000.301 ; gain = 311.410
---------------------------------------------------------------------------------
---------------------------------------------------------------------------------
Finished RTL Optimization Phase 1 : Time (s): cpu = 00:00:06 ; elapsed = 00:00:05 . Memory (MB): peak = 1000.301 ; gain = 311.410
---------------------------------------------------------------------------------
Netlist sorting complete. Time (s): cpu = 00:00:00 ; elapsed = 00:00:00.007 . Memory (MB): peak = 1000.301 ; gain = 0.000
INFO: [Project 1-570] Preparing netlist for logic optimization

Processing XDC Constraints
Initializing timing engine
Completed Processing XDC Constraints

Netlist sorting complete. Time (s): cpu = 00:00:00 ; elapsed = 00:00:00 . Memory (MB): peak = 1078.777 ; gain = 0.000
INFO: [Project 1-111] Unisim Transformation Summary:
No Unisim elements were transformed.

WARNING: [Constraints 18-5210] No constraints selected for write.
Resolution: This message can indicate that there are no constraints for the design, or it can indicate that the used_in flags are set such that the constraints are ignored. This later case is used when running synth_design to not write synthesis constraints to the resulting checkpoint. Instead, project constraints are read when the synthesized design is opened.
Constraint Validation Runtime : Time (s): cpu = 00:00:00 ; elapsed = 00:00:00.057 . Memory (MB): peak = 1079.805 ; gain = 1.027
---------------------------------------------------------------------------------
Finished Constraint Validation : Time (s): cpu = 00:00:13 ; elapsed = 00:00:13 . Memory (MB): peak = 1079.805 ; gain = 390.914
---------------------------------------------------------------------------------
---------------------------------------------------------------------------------
Start Loading Part and Timing Information
---------------------------------------------------------------------------------
Loading part: xc7z007sclg225-1
---------------------------------------------------------------------------------
Finished Loading Part and Timing Information : Time (s): cpu = 00:00:13 ; elapsed = 00:00:13 . Memory (MB): peak = 1079.805 ; gain = 390.914
---------------------------------------------------------------------------------
---------------------------------------------------------------------------------
Start Applying 'set_property' XDC Constraints
---------------------------------------------------------------------------------
---------------------------------------------------------------------------------
Finished applying 'set_property' XDC Constraints : Time (s): cpu = 00:00:13 ; elapsed = 00:00:13 . Memory (MB): peak = 1079.805 ; gain = 390.914
---------------------------------------------------------------------------------
INFO: [Synth 8-5818] HDL ADVISOR - The operator resource <adder> is shared. To prevent sharing consider applying a KEEP on the output of the operator [b:/eFPGA/FinalProject/rotary_encoder/rotary_encoder.srcs/sources_1/bd/design_1/ipshared/c67a/src/encoder.vhd:70]
---------------------------------------------------------------------------------
Finished RTL Optimization Phase 2 : Time (s): cpu = 00:00:13 ; elapsed = 00:00:13 . Memory (MB): peak = 1079.805 ; gain = 390.914
---------------------------------------------------------------------------------

Report RTL Partitions: 
+-+--------------+------------+----------+
| |RTL Partition |Replication |Instances |
+-+--------------+------------+----------+
+-+--------------+------------+----------+
---------------------------------------------------------------------------------
Start RTL Component Statistics 
---------------------------------------------------------------------------------
Detailed RTL Component Info : 
+---XORs : 
	   4 Input      1 Bit         XORs := 1     
	   2 Input      1 Bit         XORs := 1     
+---Registers : 
	               32 Bit    Registers := 4     
	                4 Bit    Registers := 2     
	                3 Bit    Registers := 2     
	                2 Bit    Registers := 2     
	                1 Bit    Registers := 6     
+---Muxes : 
	   2 Input     32 Bit        Muxes := 3     
	   4 Input     32 Bit        Muxes := 4     
	   2 Input      1 Bit        Muxes := 5     
---------------------------------------------------------------------------------
Finished RTL Component Statistics 
---------------------------------------------------------------------------------
---------------------------------------------------------------------------------
Start RTL Hierarchical Component Statistics 
---------------------------------------------------------------------------------
Hierarchical RTL Component report 
Module RotaryEncoder 
Detailed RTL Component Info : 
+---XORs : 
	   4 Input      1 Bit         XORs := 1     
	   2 Input      1 Bit         XORs := 1     
+---Registers : 
	                3 Bit    Registers := 2     
Module my_rotary_en_v1_0_S00_AXI 
Detailed RTL Component Info : 
+---Registers : 
	               32 Bit    Registers := 4     
	                4 Bit    Registers := 2     
	                2 Bit    Registers := 2     
	                1 Bit    Registers := 6     
+---Muxes : 
	   2 Input     32 Bit        Muxes := 3     
	   4 Input     32 Bit        Muxes := 4     
	   2 Input      1 Bit        Muxes := 5     
---------------------------------------------------------------------------------
Finished RTL Hierarchical Component Statistics
---------------------------------------------------------------------------------
---------------------------------------------------------------------------------
Start Part Resource Summary
---------------------------------------------------------------------------------
Part Resources:
DSPs: 66 (col length:40)
BRAMs: 100 (col length: RAMB18 40 RAMB36 20)
---------------------------------------------------------------------------------
Finished Part Resource Summary
---------------------------------------------------------------------------------
---------------------------------------------------------------------------------
Start Cross Boundary and Area Optimization
---------------------------------------------------------------------------------
Warning: Parallel synthesis criteria is not met 
WARNING: [Synth 8-3331] design design_1_my_rotary_en_0_0 has unconnected port s00_axi_awprot[2]
WARNING: [Synth 8-3331] design design_1_my_rotary_en_0_0 has unconnected port s00_axi_awprot[1]
WARNING: [Synth 8-3331] design design_1_my_rotary_en_0_0 has unconnected port s00_axi_awprot[0]
WARNING: [Synth 8-3331] design design_1_my_rotary_en_0_0 has unconnected port s00_axi_arprot[2]
WARNING: [Synth 8-3331] design design_1_my_rotary_en_0_0 has unconnected port s00_axi_arprot[1]
WARNING: [Synth 8-3331] design design_1_my_rotary_en_0_0 has unconnected port s00_axi_arprot[0]
INFO: [Synth 8-3886] merging instance 'U0/my_rotary_en_v1_0_S00_AXI_inst/axi_rresp_reg[0]' (FDRE) to 'U0/my_rotary_en_v1_0_S00_AXI_inst/axi_rresp_reg[1]'
INFO: [Synth 8-3333] propagating constant 0 across sequential element (\U0/my_rotary_en_v1_0_S00_AXI_inst/axi_rresp_reg[1] )
INFO: [Synth 8-3886] merging instance 'U0/my_rotary_en_v1_0_S00_AXI_inst/axi_bresp_reg[0]' (FDRE) to 'U0/my_rotary_en_v1_0_S00_AXI_inst/axi_bresp_reg[1]'
INFO: [Synth 8-3333] propagating constant 0 across sequential element (\U0/my_rotary_en_v1_0_S00_AXI_inst/axi_bresp_reg[1] )
---------------------------------------------------------------------------------
Finished Cross Boundary and Area Optimization : Time (s): cpu = 00:00:15 ; elapsed = 00:00:15 . Memory (MB): peak = 1079.805 ; gain = 390.914
---------------------------------------------------------------------------------

Report RTL Partitions: 
+-+--------------+------------+----------+
| |RTL Partition |Replication |Instances |
+-+--------------+------------+----------+
+-+--------------+------------+----------+
---------------------------------------------------------------------------------
Start Applying XDC Timing Constraints
---------------------------------------------------------------------------------
---------------------------------------------------------------------------------
Finished Applying XDC Timing Constraints : Time (s): cpu = 00:00:22 ; elapsed = 00:00:22 . Memory (MB): peak = 1079.805 ; gain = 390.914
---------------------------------------------------------------------------------
---------------------------------------------------------------------------------
Start Timing Optimization
---------------------------------------------------------------------------------
---------------------------------------------------------------------------------
Finished Timing Optimization : Time (s): cpu = 00:00:22 ; elapsed = 00:00:22 . Memory (MB): peak = 1079.805 ; gain = 390.914
---------------------------------------------------------------------------------

Report RTL Partitions: 
+-+--------------+------------+----------+
| |RTL Partition |Replication |Instances |
+-+--------------+------------+----------+
+-+--------------+------------+----------+
---------------------------------------------------------------------------------
Start Technology Mapping
---------------------------------------------------------------------------------
---------------------------------------------------------------------------------
Finished Technology Mapping : Time (s): cpu = 00:00:22 ; elapsed = 00:00:22 . Memory (MB): peak = 1087.496 ; gain = 398.605
---------------------------------------------------------------------------------

Report RTL Partitions: 
+-+--------------+------------+----------+
| |RTL Partition |Replication |Instances |
+-+--------------+------------+----------+
+-+--------------+------------+----------+
---------------------------------------------------------------------------------
Start IO Insertion
---------------------------------------------------------------------------------
---------------------------------------------------------------------------------
Start Flattening Before IO Insertion
---------------------------------------------------------------------------------
---------------------------------------------------------------------------------
Finished Flattening Before IO Insertion
---------------------------------------------------------------------------------
---------------------------------------------------------------------------------
Start Final Netlist Cleanup
---------------------------------------------------------------------------------
---------------------------------------------------------------------------------
Finished Final Netlist Cleanup
---------------------------------------------------------------------------------
---------------------------------------------------------------------------------
Finished IO Insertion : Time (s): cpu = 00:00:25 ; elapsed = 00:00:26 . Memory (MB): peak = 1102.367 ; gain = 413.477
---------------------------------------------------------------------------------
---------------------------------------------------------------------------------
Start Renaming Generated Instances
---------------------------------------------------------------------------------
---------------------------------------------------------------------------------
Finished Renaming Generated Instances : Time (s): cpu = 00:00:25 ; elapsed = 00:00:26 . Memory (MB): peak = 1102.367 ; gain = 413.477
---------------------------------------------------------------------------------

Report RTL Partitions: 
+-+--------------+------------+----------+
| |RTL Partition |Replication |Instances |
+-+--------------+------------+----------+
+-+--------------+------------+----------+

Report Check Netlist: 
+------+------------------+-------+---------+-------+------------------+
|      |Item              |Errors |Warnings |Status |Description       |
+------+------------------+-------+---------+-------+------------------+
|1     |multi_driven_nets |      0|        0|Passed |Multi driven nets |
+------+------------------+-------+---------+-------+------------------+
---------------------------------------------------------------------------------
Start Rebuilding User Hierarchy
---------------------------------------------------------------------------------
---------------------------------------------------------------------------------
Finished Rebuilding User Hierarchy : Time (s): cpu = 00:00:25 ; elapsed = 00:00:26 . Memory (MB): peak = 1102.367 ; gain = 413.477
---------------------------------------------------------------------------------
---------------------------------------------------------------------------------
Start Renaming Generated Ports
---------------------------------------------------------------------------------
---------------------------------------------------------------------------------
Finished Renaming Generated Ports : Time (s): cpu = 00:00:25 ; elapsed = 00:00:26 . Memory (MB): peak = 1102.367 ; gain = 413.477
---------------------------------------------------------------------------------
---------------------------------------------------------------------------------
Start Handling Custom Attributes
---------------------------------------------------------------------------------
---------------------------------------------------------------------------------
Finished Handling Custom Attributes : Time (s): cpu = 00:00:25 ; elapsed = 00:00:26 . Memory (MB): peak = 1102.367 ; gain = 413.477
---------------------------------------------------------------------------------
---------------------------------------------------------------------------------
Start Renaming Generated Nets
---------------------------------------------------------------------------------
---------------------------------------------------------------------------------
Finished Renaming Generated Nets : Time (s): cpu = 00:00:25 ; elapsed = 00:00:26 . Memory (MB): peak = 1102.367 ; gain = 413.477
---------------------------------------------------------------------------------
---------------------------------------------------------------------------------
Start Writing Synthesis Report
---------------------------------------------------------------------------------

Report BlackBoxes: 
+-+--------------+----------+
| |BlackBox name |Instances |
+-+--------------+----------+
+-+--------------+----------+

Report Cell Usage: 
+------+-------+------+
|      |Cell   |Count |
+------+-------+------+
|1     |CARRY4 |     8|
|2     |LUT1   |     3|
|3     |LUT2   |     1|
|4     |LUT3   |    32|
|5     |LUT4   |    19|
|6     |LUT6   |    36|
|7     |FDRE   |   173|
|8     |FDSE   |     3|
+------+-------+------+

Report Instance Areas: 
+------+-----------------------------------+--------------------------+------+
|      |Instance                           |Module                    |Cells |
+------+-----------------------------------+--------------------------+------+
|1     |top                                |                          |   275|
|2     |  U0                               |my_rotary_en_v1_0         |   275|
|3     |    my_rotary_en_v1_0_S00_AXI_inst |my_rotary_en_v1_0_S00_AXI |   275|
|4     |      rotaryEn                     |RotaryEncoderWithCounter  |    80|
|5     |        u0                         |RotaryEncoder             |    46|
+------+-----------------------------------+--------------------------+------+
---------------------------------------------------------------------------------
Finished Writing Synthesis Report : Time (s): cpu = 00:00:25 ; elapsed = 00:00:26 . Memory (MB): peak = 1102.367 ; gain = 413.477
---------------------------------------------------------------------------------
Synthesis finished with 0 errors, 0 critical warnings and 6 warnings.
Synthesis Optimization Runtime : Time (s): cpu = 00:00:19 ; elapsed = 00:00:24 . Memory (MB): peak = 1102.367 ; gain = 333.973
Synthesis Optimization Complete : Time (s): cpu = 00:00:26 ; elapsed = 00:00:26 . Memory (MB): peak = 1102.367 ; gain = 413.477
INFO: [Project 1-571] Translating synthesized netlist
Netlist sorting complete. Time (s): cpu = 00:00:00 ; elapsed = 00:00:00.005 . Memory (MB): peak = 1114.430 ; gain = 0.000
INFO: [Netlist 29-17] Analyzing 8 Unisim elements for replacement
INFO: [Netlist 29-28] Unisim Transformation completed in 0 CPU seconds
INFO: [Project 1-570] Preparing netlist for logic optimization
INFO: [Opt 31-138] Pushed 0 inverter(s) to 0 load pin(s).
Netlist sorting complete. Time (s): cpu = 00:00:00 ; elapsed = 00:00:00 . Memory (MB): peak = 1119.262 ; gain = 0.000
INFO: [Project 1-111] Unisim Transformation Summary:
No Unisim elements were transformed.

INFO: [Common 17-83] Releasing license: Synthesis
36 Infos, 16 Warnings, 0 Critical Warnings and 0 Errors encountered.
synth_design completed successfully
synth_design: Time (s): cpu = 00:00:30 ; elapsed = 00:00:32 . Memory (MB): peak = 1119.262 ; gain = 704.172
Netlist sorting complete. Time (s): cpu = 00:00:00 ; elapsed = 00:00:00 . Memory (MB): peak = 1119.262 ; gain = 0.000
WARNING: [Constraints 18-5210] No constraints selected for write.
Resolution: This message can indicate that there are no constraints for the design, or it can indicate that the used_in flags are set such that the constraints are ignored. This later case is used when running synth_design to not write synthesis constraints to the resulting checkpoint. Instead, project constraints are read when the synthesized design is opened.
INFO: [Common 17-1381] The checkpoint 'B:/eFPGA/FinalProject/rotary_encoder/rotary_encoder.runs/design_1_my_rotary_en_0_0_synth_1/design_1_my_rotary_en_0_0.dcp' has been generated.
WARNING: [Common 17-576] 'use_project_ipc' is deprecated. This option is deprecated and no longer used.
INFO: [Coretcl 2-1648] Added synthesis output to IP cache for IP design_1_my_rotary_en_0_0, cache-ID = 6e3f3c661316e450
INFO: [Coretcl 2-1174] Renamed 4 cell refs.
Netlist sorting complete. Time (s): cpu = 00:00:00 ; elapsed = 00:00:00 . Memory (MB): peak = 1119.262 ; gain = 0.000
WARNING: [Constraints 18-5210] No constraints selected for write.
Resolution: This message can indicate that there are no constraints for the design, or it can indicate that the used_in flags are set such that the constraints are ignored. This later case is used when running synth_design to not write synthesis constraints to the resulting checkpoint. Instead, project constraints are read when the synthesized design is opened.
INFO: [Common 17-1381] The checkpoint 'B:/eFPGA/FinalProject/rotary_encoder/rotary_encoder.runs/design_1_my_rotary_en_0_0_synth_1/design_1_my_rotary_en_0_0.dcp' has been generated.
INFO: [runtcl-4] Executing : report_utilization -file design_1_my_rotary_en_0_0_utilization_synth.rpt -pb design_1_my_rotary_en_0_0_utilization_synth.pb
INFO: [Common 17-206] Exiting Vivado at Sat May 23 22:45:00 2020...
